#domain
hospital
#levelname
MAFPHPOP
#colors
red: 0, A
blue: 1, B
cyan: 2, C
purple: 3, D
green: 4, E
orange: 5, F
pink: 6, G
grey: 7, H
lightblue: 8, I
brown: 9, J
#initial
+++++++++++++++++++++
++1+2+3+4+5+6+7+8+9++
+ A B C D E F G H I +
+                   +
+         0         +
+ J J J J J J J J J +
++ + + + + + + + + ++
+++++++++++++++++++++
#goal
+++++++++++++++++++++
++J+J+J+J+J+J+J+J+J++
+                   +
+                   +
+                   +
+         0         +
++A+B+C+D+E+F+G+H+I++
+++++++++++++++++++++
#end
#clientname
vAIkings
#actions
503904440:Move(N);NoOp;NoOp;NoOp;NoOp;NoOp;NoOp;NoOp;NoOp;NoOp
993794936:NoOp;NoOp;NoOp;NoOp;NoOp;NoOp;NoOp;NoOp;NoOp;NoOp
1466220872:Move(E);NoOp;NoOp;NoOp;NoOp;NoOp;NoOp;NoOp;NoOp;NoOp
1920300682:Move(W);NoOp;NoOp;NoOp;NoOp;NoOp;NoOp;NoOp;NoOp;NoOp
2385182820:Move(E);NoOp;NoOp;NoOp;NoOp;NoOp;NoOp;NoOp;NoOp;NoOp
2838214604:Move(W);NoOp;NoOp;NoOp;NoOp;NoOp;NoOp;NoOp;NoOp;NoOp
3298676817:Move(E);NoOp;NoOp;NoOp;NoOp;NoOp;NoOp;NoOp;NoOp;NoOp
3757739779:Move(W);NoOp;NoOp;NoOp;NoOp;NoOp;NoOp;NoOp;NoOp;NoOp
4225329121:Move(E);NoOp;NoOp;NoOp;NoOp;NoOp;NoOp;NoOp;NoOp;NoOp
4675365731:Move(W);NoOp;NoOp;NoOp;NoOp;NoOp;NoOp;NoOp;NoOp;NoOp
5140785564:Move(E);NoOp;NoOp;NoOp;NoOp;NoOp;NoOp;NoOp;NoOp;NoOp
5590456594:Move(W);NoOp;NoOp;NoOp;NoOp;NoOp;NoOp;NoOp;NoOp;NoOp
6053112023:Move(E);NoOp;NoOp;NoOp;NoOp;NoOp;NoOp;NoOp;NoOp;NoOp
6509364875:Move(W);NoOp;NoOp;NoOp;NoOp;NoOp;NoOp;NoOp;NoOp;NoOp
6967427057:Move(E);NoOp;NoOp;NoOp;NoOp;NoOp;NoOp;NoOp;NoOp;NoOp
7423697215:Move(W);NoOp;NoOp;NoOp;NoOp;NoOp;NoOp;NoOp;NoOp;NoOp
7885648419:Move(E);NoOp;NoOp;NoOp;NoOp;NoOp;NoOp;NoOp;NoOp;NoOp
8334116123:Move(W);NoOp;NoOp;NoOp;NoOp;NoOp;NoOp;NoOp;NoOp;NoOp
8793834003:Move(E);NoOp;NoOp;NoOp;NoOp;NoOp;NoOp;NoOp;NoOp;NoOp
9244588923:Move(W);NoOp;NoOp;NoOp;NoOp;NoOp;NoOp;NoOp;NoOp;NoOp
9698774296:Move(E);NoOp;NoOp;NoOp;NoOp;NoOp;NoOp;NoOp;NoOp;NoOp
10155055722:Move(W);NoOp;NoOp;NoOp;NoOp;NoOp;NoOp;NoOp;NoOp;NoOp
10620756469:Move(E);NoOp;NoOp;NoOp;NoOp;NoOp;NoOp;NoOp;NoOp;NoOp
11090129702:Move(W);NoOp;NoOp;NoOp;NoOp;NoOp;NoOp;NoOp;NoOp;NoOp
11560622298:Move(E);NoOp;NoOp;NoOp;NoOp;NoOp;NoOp;NoOp;NoOp;NoOp
12020550807:Move(W);NoOp;NoOp;NoOp;NoOp;NoOp;NoOp;NoOp;NoOp;NoOp
12489136855:Move(E);NoOp;NoOp;NoOp;NoOp;NoOp;NoOp;NoOp;NoOp;NoOp
12949152832:Move(W);NoOp;NoOp;NoOp;NoOp;NoOp;NoOp;NoOp;NoOp;NoOp
13418049898:Move(E);NoOp;NoOp;NoOp;NoOp;NoOp;NoOp;NoOp;NoOp;NoOp
13880682497:Move(W);NoOp;NoOp;NoOp;NoOp;NoOp;NoOp;NoOp;NoOp;NoOp
14349277937:Move(E);NoOp;NoOp;NoOp;NoOp;NoOp;NoOp;NoOp;NoOp;NoOp
14806490600:Move(W);NoOp;NoOp;NoOp;NoOp;NoOp;NoOp;NoOp;NoOp;NoOp
15278305483:Move(E);NoOp;NoOp;NoOp;NoOp;NoOp;NoOp;NoOp;NoOp;NoOp
15738157992:Move(W);NoOp;NoOp;NoOp;NoOp;NoOp;NoOp;NoOp;NoOp;NoOp
16202489806:Move(E);NoOp;NoOp;NoOp;NoOp;NoOp;NoOp;NoOp;NoOp;NoOp
16648347925:Move(W);NoOp;NoOp;NoOp;NoOp;NoOp;NoOp;NoOp;NoOp;NoOp
17107546849:Move(E);NoOp;NoOp;NoOp;NoOp;NoOp;NoOp;NoOp;NoOp;NoOp
17568612909:Move(W);NoOp;NoOp;NoOp;NoOp;NoOp;NoOp;NoOp;NoOp;NoOp
18037142778:Move(E);NoOp;NoOp;NoOp;NoOp;NoOp;NoOp;NoOp;NoOp;NoOp
18501298605:Move(W);NoOp;NoOp;NoOp;NoOp;NoOp;NoOp;NoOp;NoOp;NoOp
18971754216:Move(E);NoOp;NoOp;NoOp;NoOp;NoOp;NoOp;NoOp;NoOp;NoOp
19434201553:Move(W);NoOp;NoOp;NoOp;NoOp;NoOp;NoOp;NoOp;NoOp;NoOp
19904464191:Move(E);NoOp;NoOp;NoOp;NoOp;NoOp;NoOp;NoOp;NoOp;NoOp
20368597383:Move(W);NoOp;NoOp;NoOp;NoOp;NoOp;NoOp;NoOp;NoOp;NoOp
20838355336:Move(E);NoOp;NoOp;NoOp;NoOp;NoOp;NoOp;NoOp;NoOp;NoOp
21293383772:Move(W);NoOp;NoOp;NoOp;NoOp;NoOp;NoOp;NoOp;NoOp;NoOp
21752590902:Move(E);NoOp;NoOp;NoOp;NoOp;NoOp;NoOp;NoOp;NoOp;NoOp
22209092127:Move(W);NoOp;NoOp;NoOp;NoOp;NoOp;NoOp;NoOp;NoOp;NoOp
22666655792:Move(E);NoOp;NoOp;NoOp;NoOp;NoOp;NoOp;NoOp;NoOp;NoOp
23120572168:Move(W);NoOp;NoOp;NoOp;NoOp;NoOp;NoOp;NoOp;NoOp;NoOp
23578180988:Move(E);NoOp;NoOp;NoOp;NoOp;NoOp;NoOp;NoOp;NoOp;NoOp
24030932062:Move(W);NoOp;NoOp;NoOp;NoOp;NoOp;NoOp;NoOp;NoOp;NoOp
24505741459:Move(E);NoOp;NoOp;NoOp;NoOp;NoOp;NoOp;NoOp;NoOp;NoOp
24968532601:Move(W);NoOp;NoOp;NoOp;NoOp;NoOp;NoOp;NoOp;NoOp;NoOp
25435898918:Move(E);NoOp;NoOp;NoOp;NoOp;NoOp;NoOp;NoOp;NoOp;NoOp
25884204393:Move(W);NoOp;NoOp;NoOp;NoOp;NoOp;NoOp;NoOp;NoOp;NoOp
26340628190:Move(E);NoOp;NoOp;NoOp;NoOp;NoOp;NoOp;NoOp;NoOp;NoOp
26788489308:Move(W);NoOp;NoOp;NoOp;NoOp;NoOp;NoOp;NoOp;NoOp;NoOp
27243392373:Move(E);NoOp;NoOp;NoOp;NoOp;NoOp;NoOp;NoOp;NoOp;NoOp
27690442660:Move(W);NoOp;NoOp;NoOp;NoOp;NoOp;NoOp;NoOp;NoOp;NoOp
28146505446:Move(E);NoOp;NoOp;NoOp;NoOp;NoOp;NoOp;NoOp;NoOp;NoOp
28594293776:Move(W);NoOp;NoOp;NoOp;NoOp;NoOp;NoOp;NoOp;NoOp;NoOp
29049429821:Move(E);NoOp;NoOp;NoOp;NoOp;NoOp;NoOp;NoOp;NoOp;NoOp
29500319482:Move(W);NoOp;NoOp;NoOp;NoOp;NoOp;NoOp;NoOp;NoOp;NoOp
29951878412:Move(E);NoOp;NoOp;NoOp;NoOp;NoOp;NoOp;NoOp;NoOp;NoOp
30399917612:Move(W);NoOp;NoOp;NoOp;NoOp;NoOp;NoOp;NoOp;NoOp;NoOp
30856108303:Move(E);NoOp;NoOp;NoOp;NoOp;NoOp;NoOp;NoOp;NoOp;NoOp
31309062401:Move(W);NoOp;NoOp;NoOp;NoOp;NoOp;NoOp;NoOp;NoOp;NoOp
31765614275:Move(E);NoOp;NoOp;NoOp;NoOp;NoOp;NoOp;NoOp;NoOp;NoOp
32218265574:Move(W);NoOp;NoOp;NoOp;NoOp;NoOp;NoOp;NoOp;NoOp;NoOp
32682694569:Move(E);NoOp;NoOp;NoOp;NoOp;NoOp;NoOp;NoOp;NoOp;NoOp
33142192198:Move(W);NoOp;NoOp;NoOp;NoOp;NoOp;NoOp;NoOp;NoOp;NoOp
33604210845:Move(E);NoOp;NoOp;NoOp;NoOp;NoOp;NoOp;NoOp;NoOp;NoOp
34060445392:Move(W);NoOp;NoOp;NoOp;NoOp;NoOp;NoOp;NoOp;NoOp;NoOp
34510179075:Move(E);NoOp;NoOp;NoOp;NoOp;NoOp;NoOp;NoOp;NoOp;NoOp
34949452490:Move(W);NoOp;NoOp;NoOp;NoOp;NoOp;NoOp;NoOp;NoOp;NoOp
35399531224:Move(E);NoOp;NoOp;NoOp;NoOp;NoOp;NoOp;NoOp;NoOp;NoOp
35844252621:Move(W);NoOp;NoOp;NoOp;NoOp;NoOp;NoOp;NoOp;NoOp;NoOp
36300338864:Move(E);NoOp;NoOp;NoOp;NoOp;NoOp;NoOp;NoOp;NoOp;NoOp
36739825021:Move(W);NoOp;NoOp;NoOp;NoOp;NoOp;NoOp;NoOp;NoOp;NoOp
37200279629:Move(E);NoOp;NoOp;NoOp;NoOp;NoOp;NoOp;NoOp;NoOp;NoOp
37643168031:Move(W);NoOp;NoOp;NoOp;NoOp;NoOp;NoOp;NoOp;NoOp;NoOp
38100438203:Move(E);NoOp;NoOp;NoOp;NoOp;NoOp;NoOp;NoOp;NoOp;NoOp
38542344465:Move(W);NoOp;NoOp;NoOp;NoOp;NoOp;NoOp;NoOp;NoOp;NoOp
38989484376:Move(E);NoOp;NoOp;NoOp;NoOp;NoOp;NoOp;NoOp;NoOp;NoOp
39430267212:Move(W);NoOp;NoOp;NoOp;NoOp;NoOp;NoOp;NoOp;NoOp;NoOp
39874066278:Move(E);NoOp;NoOp;NoOp;NoOp;NoOp;NoOp;NoOp;NoOp;NoOp
40316880572:Move(W);NoOp;NoOp;NoOp;NoOp;NoOp;NoOp;NoOp;NoOp;NoOp
40769094621:Move(E);NoOp;NoOp;NoOp;NoOp;NoOp;NoOp;NoOp;NoOp;NoOp
41214600272:Move(W);NoOp;NoOp;NoOp;NoOp;NoOp;NoOp;NoOp;NoOp;NoOp
41666481262:Move(E);NoOp;NoOp;NoOp;NoOp;NoOp;NoOp;NoOp;NoOp;NoOp
42111726200:Move(W);NoOp;NoOp;NoOp;NoOp;NoOp;NoOp;NoOp;NoOp;NoOp
42561487731:Move(E);NoOp;NoOp;NoOp;NoOp;NoOp;NoOp;NoOp;NoOp;NoOp
43004658504:Move(W);NoOp;NoOp;NoOp;NoOp;NoOp;NoOp;NoOp;NoOp;NoOp
43459641550:Move(E);NoOp;NoOp;NoOp;NoOp;NoOp;NoOp;NoOp;NoOp;NoOp
43899746421:Move(W);NoOp;NoOp;NoOp;NoOp;NoOp;NoOp;NoOp;NoOp;NoOp
44354101512:Move(E);NoOp;NoOp;NoOp;NoOp;NoOp;NoOp;NoOp;NoOp;NoOp
44800278913:Move(W);NoOp;NoOp;NoOp;NoOp;NoOp;NoOp;NoOp;NoOp;NoOp
45251620236:Move(E);NoOp;NoOp;NoOp;NoOp;NoOp;NoOp;NoOp;NoOp;NoOp
45692328910:Move(W);NoOp;NoOp;NoOp;NoOp;NoOp;NoOp;NoOp;NoOp;NoOp
46151835120:Move(E);NoOp;NoOp;NoOp;NoOp;NoOp;NoOp;NoOp;NoOp;NoOp
46596812512:Move(W);NoOp;NoOp;NoOp;NoOp;NoOp;NoOp;NoOp;NoOp;NoOp
47049903479:Move(E);NoOp;NoOp;NoOp;NoOp;NoOp;NoOp;NoOp;NoOp;NoOp
47492153020:Move(W);NoOp;NoOp;NoOp;NoOp;NoOp;NoOp;NoOp;NoOp;NoOp
47946130279:Move(E);NoOp;NoOp;NoOp;NoOp;NoOp;NoOp;NoOp;NoOp;NoOp
48392690729:Move(W);NoOp;NoOp;NoOp;NoOp;NoOp;NoOp;NoOp;NoOp;NoOp
48842049627:Move(E);NoOp;NoOp;NoOp;NoOp;NoOp;NoOp;NoOp;NoOp;NoOp
49292504750:Move(W);NoOp;NoOp;NoOp;NoOp;NoOp;NoOp;NoOp;NoOp;NoOp
49744307552:Move(E);NoOp;NoOp;NoOp;NoOp;NoOp;NoOp;NoOp;NoOp;NoOp
50194273034:Move(W);NoOp;NoOp;NoOp;NoOp;NoOp;NoOp;NoOp;NoOp;NoOp
50648976094:Move(E);NoOp;NoOp;NoOp;NoOp;NoOp;NoOp;NoOp;NoOp;NoOp
51104391462:Move(W);NoOp;NoOp;NoOp;NoOp;NoOp;NoOp;NoOp;NoOp;NoOp
51555239498:Move(E);NoOp;NoOp;NoOp;NoOp;NoOp;NoOp;NoOp;NoOp;NoOp
51995649642:Move(W);NoOp;NoOp;NoOp;NoOp;NoOp;NoOp;NoOp;NoOp;NoOp
52443760556:Move(E);NoOp;NoOp;NoOp;NoOp;NoOp;NoOp;NoOp;NoOp;NoOp
52885314567:Move(W);NoOp;NoOp;NoOp;NoOp;NoOp;NoOp;NoOp;NoOp;NoOp
53339938227:Move(E);NoOp;NoOp;NoOp;NoOp;NoOp;NoOp;NoOp;NoOp;NoOp
53778959468:Move(W);NoOp;NoOp;NoOp;NoOp;NoOp;NoOp;NoOp;NoOp;NoOp
54233234533:Move(E);NoOp;NoOp;NoOp;NoOp;NoOp;NoOp;NoOp;NoOp;NoOp
54675120765:Move(W);NoOp;NoOp;NoOp;NoOp;NoOp;NoOp;NoOp;NoOp;NoOp
55137007511:Move(E);NoOp;NoOp;NoOp;NoOp;NoOp;NoOp;NoOp;NoOp;NoOp
55601241065:Move(W);NoOp;NoOp;NoOp;NoOp;NoOp;NoOp;NoOp;NoOp;NoOp
56057989260:Move(E);NoOp;NoOp;NoOp;NoOp;NoOp;NoOp;NoOp;NoOp;NoOp
56506975470:Move(W);NoOp;NoOp;NoOp;NoOp;NoOp;NoOp;NoOp;NoOp;NoOp
56970191209:Move(E);NoOp;NoOp;NoOp;NoOp;NoOp;NoOp;NoOp;NoOp;NoOp
57418096043:Move(W);NoOp;NoOp;NoOp;NoOp;NoOp;NoOp;NoOp;NoOp;NoOp
57865082815:Move(E);NoOp;NoOp;NoOp;NoOp;NoOp;NoOp;NoOp;NoOp;NoOp
58307887099:Move(W);NoOp;NoOp;NoOp;NoOp;NoOp;NoOp;NoOp;NoOp;NoOp
58757302616:Move(E);NoOp;NoOp;NoOp;NoOp;NoOp;NoOp;NoOp;NoOp;NoOp
59201587210:Move(W);NoOp;NoOp;NoOp;NoOp;NoOp;NoOp;NoOp;NoOp;NoOp
59651192467:Move(E);NoOp;NoOp;NoOp;NoOp;NoOp;NoOp;NoOp;NoOp;NoOp
60100663410:Move(W);NoOp;NoOp;NoOp;NoOp;NoOp;NoOp;NoOp;NoOp;NoOp
60547025800:Move(E);NoOp;NoOp;NoOp;NoOp;NoOp;NoOp;NoOp;NoOp;NoOp
60992482376:Move(W);NoOp;NoOp;NoOp;NoOp;NoOp;NoOp;NoOp;NoOp;NoOp
61449090381:Move(E);NoOp;NoOp;NoOp;NoOp;NoOp;NoOp;NoOp;NoOp;NoOp
61896768387:Move(W);NoOp;NoOp;NoOp;NoOp;NoOp;NoOp;NoOp;NoOp;NoOp
62348741126:Move(E);NoOp;NoOp;NoOp;NoOp;NoOp;NoOp;NoOp;NoOp;NoOp
62803284158:Move(W);NoOp;NoOp;NoOp;NoOp;NoOp;NoOp;NoOp;NoOp;NoOp
63256454100:Move(E);NoOp;NoOp;NoOp;NoOp;NoOp;NoOp;NoOp;NoOp;NoOp
63693851033:Move(W);NoOp;NoOp;NoOp;NoOp;NoOp;NoOp;NoOp;NoOp;NoOp
64145967587:Move(E);NoOp;NoOp;NoOp;NoOp;NoOp;NoOp;NoOp;NoOp;NoOp
64584485202:Move(W);NoOp;NoOp;NoOp;NoOp;NoOp;NoOp;NoOp;NoOp;NoOp
65035803095:Move(E);NoOp;NoOp;NoOp;NoOp;NoOp;NoOp;NoOp;NoOp;NoOp
65485310126:Move(W);NoOp;NoOp;NoOp;NoOp;NoOp;NoOp;NoOp;NoOp;NoOp
65937739592:Move(E);NoOp;NoOp;NoOp;NoOp;NoOp;NoOp;NoOp;NoOp;NoOp
66389042828:Move(W);NoOp;NoOp;NoOp;NoOp;NoOp;NoOp;NoOp;NoOp;NoOp
66839835025:Move(E);NoOp;NoOp;NoOp;NoOp;NoOp;NoOp;NoOp;NoOp;NoOp
67286482420:Move(W);NoOp;NoOp;NoOp;NoOp;NoOp;NoOp;NoOp;NoOp;NoOp
67741085958:Move(E);NoOp;NoOp;NoOp;NoOp;NoOp;NoOp;NoOp;NoOp;NoOp
68199393191:Move(W);NoOp;NoOp;NoOp;NoOp;NoOp;NoOp;NoOp;NoOp;NoOp
68644520832:Move(E);NoOp;NoOp;NoOp;NoOp;NoOp;NoOp;NoOp;NoOp;NoOp
69089773013:Move(W);NoOp;NoOp;NoOp;NoOp;NoOp;NoOp;NoOp;NoOp;NoOp
69535107570:Move(E);NoOp;NoOp;NoOp;NoOp;NoOp;NoOp;NoOp;NoOp;NoOp
69974068374:Move(W);NoOp;NoOp;NoOp;NoOp;NoOp;NoOp;NoOp;NoOp;NoOp
70429823820:Move(E);NoOp;NoOp;NoOp;NoOp;NoOp;NoOp;NoOp;NoOp;NoOp
70880294898:Move(W);NoOp;NoOp;NoOp;NoOp;NoOp;NoOp;NoOp;NoOp;NoOp
71338020906:Move(E);NoOp;NoOp;NoOp;NoOp;NoOp;NoOp;NoOp;NoOp;NoOp
71780184920:Move(W);NoOp;NoOp;NoOp;NoOp;NoOp;NoOp;NoOp;NoOp;NoOp
72230198892:Move(E);NoOp;NoOp;NoOp;NoOp;NoOp;NoOp;NoOp;NoOp;NoOp
72674578936:Move(W);NoOp;NoOp;NoOp;NoOp;NoOp;NoOp;NoOp;NoOp;NoOp
73125956359:Move(E);NoOp;NoOp;NoOp;NoOp;NoOp;NoOp;NoOp;NoOp;NoOp
73568181362:Move(W);NoOp;NoOp;NoOp;NoOp;NoOp;NoOp;NoOp;NoOp;NoOp
74018444028:Move(E);NoOp;NoOp;NoOp;NoOp;NoOp;NoOp;NoOp;NoOp;NoOp
74465350154:Move(W);NoOp;NoOp;NoOp;NoOp;NoOp;NoOp;NoOp;NoOp;NoOp
74912746523:Move(E);NoOp;NoOp;NoOp;NoOp;NoOp;NoOp;NoOp;NoOp;NoOp
75356802134:Move(W);NoOp;NoOp;NoOp;NoOp;NoOp;NoOp;NoOp;NoOp;NoOp
75808911426:Move(E);NoOp;NoOp;NoOp;NoOp;NoOp;NoOp;NoOp;NoOp;NoOp
76253081911:Move(W);NoOp;NoOp;NoOp;NoOp;NoOp;NoOp;NoOp;NoOp;NoOp
76702653400:Move(E);NoOp;NoOp;NoOp;NoOp;NoOp;NoOp;NoOp;NoOp;NoOp
77144874652:Move(W);NoOp;NoOp;NoOp;NoOp;NoOp;NoOp;NoOp;NoOp;NoOp
77592687677:Move(E);NoOp;NoOp;NoOp;NoOp;NoOp;NoOp;NoOp;NoOp;NoOp
78036037114:Move(W);NoOp;NoOp;NoOp;NoOp;NoOp;NoOp;NoOp;NoOp;NoOp
78500911497:Move(E);NoOp;NoOp;NoOp;NoOp;NoOp;NoOp;NoOp;NoOp;NoOp
78950985128:Move(W);NoOp;NoOp;NoOp;NoOp;NoOp;NoOp;NoOp;NoOp;NoOp
79418778151:Move(E);NoOp;NoOp;NoOp;NoOp;NoOp;NoOp;NoOp;NoOp;NoOp
79879076946:Move(W);NoOp;NoOp;NoOp;NoOp;NoOp;NoOp;NoOp;NoOp;NoOp
80340675188:Move(E);NoOp;NoOp;NoOp;NoOp;NoOp;NoOp;NoOp;NoOp;NoOp
80797781395:Move(W);NoOp;NoOp;NoOp;NoOp;NoOp;NoOp;NoOp;NoOp;NoOp
81278461268:Move(E);NoOp;NoOp;NoOp;NoOp;NoOp;NoOp;NoOp;NoOp;NoOp
81732226380:Move(W);NoOp;NoOp;NoOp;NoOp;NoOp;NoOp;NoOp;NoOp;NoOp
82193264855:Move(E);NoOp;NoOp;NoOp;NoOp;NoOp;NoOp;NoOp;NoOp;NoOp
82639760702:Move(W);NoOp;NoOp;NoOp;NoOp;NoOp;NoOp;NoOp;NoOp;NoOp
83098441101:Move(E);NoOp;NoOp;NoOp;NoOp;NoOp;NoOp;NoOp;NoOp;NoOp
83541673191:Move(W);NoOp;NoOp;NoOp;NoOp;NoOp;NoOp;NoOp;NoOp;NoOp
83991817514:Move(E);NoOp;NoOp;NoOp;NoOp;NoOp;NoOp;NoOp;NoOp;NoOp
84439584321:Move(W);NoOp;NoOp;NoOp;NoOp;NoOp;NoOp;NoOp;NoOp;NoOp
84894327782:Move(E);NoOp;NoOp;NoOp;NoOp;NoOp;NoOp;NoOp;NoOp;NoOp
85342681291:Move(W);NoOp;NoOp;NoOp;NoOp;NoOp;NoOp;NoOp;NoOp;NoOp
85799847809:Move(E);NoOp;NoOp;NoOp;NoOp;NoOp;NoOp;NoOp;NoOp;NoOp
86245583378:Move(W);NoOp;NoOp;NoOp;NoOp;NoOp;NoOp;NoOp;NoOp;NoOp
86697141032:Move(E);NoOp;NoOp;NoOp;NoOp;NoOp;NoOp;NoOp;NoOp;NoOp
87148759935:Move(W);NoOp;NoOp;NoOp;NoOp;NoOp;NoOp;NoOp;NoOp;NoOp
87602430669:Move(E);NoOp;NoOp;NoOp;NoOp;NoOp;NoOp;NoOp;NoOp;NoOp
88055880158:Move(W);NoOp;NoOp;NoOp;NoOp;NoOp;NoOp;NoOp;NoOp;NoOp
88522489107:Move(E);NoOp;NoOp;NoOp;NoOp;NoOp;NoOp;NoOp;NoOp;NoOp
88979483466:Move(W);NoOp;NoOp;NoOp;NoOp;NoOp;NoOp;NoOp;NoOp;NoOp
89447675712:Move(E);NoOp;NoOp;NoOp;NoOp;NoOp;NoOp;NoOp;NoOp;NoOp
89907730137:Move(W);NoOp;NoOp;NoOp;NoOp;NoOp;NoOp;NoOp;NoOp;NoOp
#end
#solved
false
#numactions
198
#time
89907730137
#end
