#domain
hospital
#levelname
MAGLaDOS
#colors
red: 0, A, C
green: 1, B
#initial
++++++++++++++++++++++++++++++++++++++++++++++++++
+B     C                                        A+
+                                                +
+                                                +
+                                C               +
+                                                +
+                                                +
+               C                                +
+                                                +
+                                                +
+                                                +
+                                                +
+                            C                   +
+                                                +
+                                                +
+                                                +
+                                                +
+                                                +
+                                                +
+         C                          C           +
+                                                +
+                                                +
+                                                +
+                                                +
+                                                +
+                                                +
+                       C                        +
+                                                +
+                                                +
+                                                +
+                                                +
+                                                +
+                                                +
+                                                +
+                                                +
+                                                +
+                                                +
+                                                +
+             C                                  +
+                                                +
+                                                +
+                                                +
+                                    C           +
+                                                +
+                                                +
+                                                +
+                   C                            +
+C                                              C+
+0C                                            C1+
++++++++++++++++++++++++++++++++++++++++++++++++++
#goal
++++++++++++++++++++++++++++++++++++++++++++++++++
+      C                                         +
+                                                +
+                                                +
+                                                +
+                                                +
+                                                +
+                                                +
+                                                +
+                                                +
+                                                +
+                                                +
+                                                +
+                                                +
+                                                +
+                                                +
+                                                +
+                                                +
+                                                +
+                                                +
+                                                +
+                                                +
+                                                +
+                                                +
+                                                +
+                                                +
+                                                +
+                                                +
+                                                +
+                                                +
+                                                +
+                                                +
+                                                +
+                                                +
+                                                +
+                                                +
+                                                +
+                                                +
+                                                +
+                                                +
+                                                +
+                                                +
+                                                +
+                                                +
+                                                +
+                                                +
+                                                +
+                                                +
+A                                              B+
++++++++++++++++++++++++++++++++++++++++++++++++++
#end
#clientname
vAIkings
#actions
6031702499:NoOp;NoOp
9679552865:NoOp;NoOp
11500162907:NoOp;NoOp
17091399876:NoOp;NoOp
20755213704:NoOp;NoOp
22570060298:NoOp;NoOp
28150764446:NoOp;NoOp
31765632183:NoOp;NoOp
33553937601:NoOp;NoOp
39043377346:NoOp;NoOp
42619008245:NoOp;NoOp
44414717657:NoOp;NoOp
49900798380:NoOp;NoOp
53488684725:NoOp;NoOp
55337127181:NoOp;NoOp
61006347035:NoOp;NoOp
64711240236:NoOp;NoOp
66560543689:NoOp;NoOp
72220069330:NoOp;NoOp
75923831691:NoOp;NoOp
77792867713:NoOp;NoOp
83447396512:NoOp;NoOp
87141820013:NoOp;NoOp
88995468024:NoOp;NoOp
#end
#solved
false
#numactions
24
#time
88995468024
#end
