#domain
hospital
#levelname
MAMSecretA
#colors
red: 0, 1, A
blue: B
#initial
+++++++++++++++++++++++++++++++++
+A           + AB1              +
+ ++++++++++++  B +++++++++++++ +
+ +             B             + +
+ + ++++++++++++B++++++++++++ + +
+ +             B             + +
+ +++++++++++++ B +++++++++++++ +
+ +             B             + +
+ + ++++++++++++B++++++++++++ + +
+ +             B             + +
+ +++++++++++++ B  ++++++++++++ +
+              0BA +           A+
+++++++++++++++++++++++++++++++++
#goal
+++++++++++++++++++++++++++++++++
+           A+                  +
+ ++++++++++++    +++++++++++++ +
+ +                           + +
+ + ++++++++++++ ++++++++++++ + +
+ +                           + +
+ +++++++++++++   +++++++++++++ +
+ +                           + +
+ + ++++++++++++ ++++++++++++ + +
+ +                           + +
+ +++++++++++++    ++++++++++++ +
+                  +A           +
+++++++++++++++++++++++++++++++++
#end
#clientname
vAIkings
#actions
82015693:Move(W);Move(E)
82436061:Move(W);Move(E)
82872952:Move(W);Move(E)
83353100:Move(W);Move(E)
83827153:Move(W);Move(E)
84209528:Move(W);Move(E)
84520912:Move(W);Move(E)
84832722:Move(W);Move(E)
85237478:Move(W);Move(E)
85535802:Move(W);Move(E)
85833955:Move(W);Move(E)
86118020:Move(W);Move(E)
86412488:Move(W);Move(E)
86689459:Move(W);Move(E)
86966410:Move(N);Move(S)
87240956:Move(N);Move(S)
87520730:Move(N);Move(S)
88031356:Move(N);Move(S)
88314696:Move(N);Move(S)
88594871:Move(N);Move(S)
88915138:Move(N);Move(S)
89212769:Move(N);Move(S)
89515878:Move(N);Move(S)
89810231:Push(N,E);Push(S,W)
90110240:Push(E,E);Push(W,W)
90450100:Push(E,E);Push(W,W)
90804901:Push(E,E);Push(W,W)
91102082:Push(E,E);Push(W,W)
91462412:Push(E,E);Push(W,W)
91861315:Push(E,E);Push(W,W)
92146983:Push(E,E);Push(W,W)
92431867:Push(E,E);Push(W,W)
92710346:Push(E,E);Push(W,W)
93095421:Push(E,E);Push(W,W)
#end
#solved
true
#numactions
34
#time
93095421
#end
