#domain
hospital
#levelname
MATheZoo
#colors
blue: 0, 4, A
green: 1, 2, B
purple: 3, 8, C
orange: 5, D
pink: 6, 9, Y, X
red: 7
#initial
++++++++++++++++++++++++++
+0       ++1 + + 6       +
+        +  ++B+        X+
+        ++ ++ +        Y+
+              + 9       +
+++++++++++ ++++++++++++++
++++++D++++ +++++++ C  +++
++++++ ++++ +++++++ ++ +++
+4A       + +2 C+C+ ++   +
+         +A+   +      + +
+A        +++B 3+ + +    +
+A        +8+++++ + +    +
+5A       +        7    ++
++++++++++++++++++++++++++
#goal
++++++++++++++++++++++++++
+0       ++ A+B+        X+
+        + 1++ +6        +
+        ++ ++ +9        +
+              +        Y+
+++++++++++ ++++++++++++++
++++++ ++++ +++++++    +++
++++++ ++++ +++++++ ++ +++
+4  A     + +C 3+7+ ++  8+
+   A     + +   +      + +
+        D+++2 B+ + +    +
+   A     + +++++ + +    +
+5  A     +C            ++
++++++++++++++++++++++++++
#end
#clientname
vAIkings
#actions
199803902:Move(S);NoOp;Move(S);Move(N);Push(E,E);NoOp;Move(S);NoOp;Move(S);NoOp
273444029:Move(S);NoOp;Push(S,E);Push(N,W);Push(E,E);NoOp;Move(E);Move(N);Move(E);Move(N)
327165230:Move(S);NoOp;Push(E,E);Push(W,W);Move(S);NoOp;Move(E);Move(N);Move(E);Move(E)
355833892:Move(E);NoOp;Move(W);Move(E);Move(S);NoOp;Move(E);Move(N);Move(E);Move(E)
382114190:Move(E);NoOp;NoOp;NoOp;Move(W);NoOp;Move(E);Move(W);Move(E);Move(E)
409320094:Move(E);NoOp;NoOp;NoOp;Push(W,N);NoOp;Move(E);NoOp;Move(E);Move(E)
437095353:Move(E);NoOp;NoOp;NoOp;Push(N,E);NoOp;Move(E);Move(W);Move(E);Move(E)
464018729:Move(E);NoOp;NoOp;NoOp;Push(E,E);NoOp;Push(E,N);NoOp;Move(N);Move(E)
490784947:Move(E);NoOp;NoOp;NoOp;Push(E,E);NoOp;NoOp;NoOp;Move(N);Push(E,S)
610377298:NoOp;NoOp;NoOp;NoOp;Move(S);NoOp;Move(W);NoOp;NoOp;Move(W)
642596218:NoOp;NoOp;NoOp;NoOp;Move(S);NoOp;Move(W);Move(E);Move(S);Move(W)
670416749:NoOp;NoOp;NoOp;NoOp;Move(W);NoOp;Move(W);NoOp;Move(S);Move(W)
676182267:NoOp;NoOp;NoOp;NoOp;Pull(E,W);NoOp;Move(W);Move(W);Move(W);Move(W)
678609677:NoOp;NoOp;NoOp;NoOp;Pull(N,W);Move(N);Move(W);NoOp;NoOp;Move(W)
728828121:NoOp;NoOp;NoOp;NoOp;Push(S,E);Move(N);Move(W);NoOp;NoOp;Move(W)
744702393:NoOp;NoOp;NoOp;NoOp;Move(S);Move(N);Move(W);Move(E);NoOp;Move(W)
749427458:NoOp;NoOp;NoOp;NoOp;Pull(E,W);Move(N);Move(W);NoOp;NoOp;Move(W)
788051811:NoOp;NoOp;NoOp;NoOp;NoOp;Move(E);NoOp;Move(W);Move(E);NoOp
795159815:NoOp;NoOp;NoOp;NoOp;Pull(E,W);Move(E);NoOp;NoOp;Move(N);NoOp
879040132:NoOp;NoOp;NoOp;NoOp;Move(N);Move(S);NoOp;NoOp;Move(N);NoOp
905981657:NoOp;NoOp;NoOp;NoOp;Move(N);Move(S);NoOp;NoOp;NoOp;NoOp
912980983:NoOp;NoOp;NoOp;NoOp;Move(W);NoOp;NoOp;Move(E);Move(S);NoOp
1000395248:NoOp;NoOp;NoOp;NoOp;NoOp;NoOp;NoOp;NoOp;Move(S);NoOp
1095770119:NoOp;NoOp;NoOp;NoOp;NoOp;NoOp;NoOp;Move(W);Move(W);NoOp
1187116743:NoOp;NoOp;NoOp;NoOp;NoOp;NoOp;NoOp;NoOp;NoOp;NoOp
1337711870:NoOp;NoOp;NoOp;NoOp;NoOp;NoOp;NoOp;NoOp;NoOp;NoOp
1431047305:NoOp;NoOp;NoOp;NoOp;NoOp;NoOp;NoOp;Move(E);NoOp;NoOp
1523976464:NoOp;NoOp;NoOp;NoOp;NoOp;NoOp;NoOp;NoOp;NoOp;NoOp
1650212908:NoOp;NoOp;NoOp;NoOp;NoOp;NoOp;NoOp;Move(W);Move(E);NoOp
1741770921:NoOp;NoOp;NoOp;NoOp;NoOp;NoOp;NoOp;NoOp;Move(N);NoOp
1834390335:NoOp;NoOp;NoOp;NoOp;NoOp;NoOp;NoOp;NoOp;Move(N);NoOp
1960510539:NoOp;NoOp;NoOp;NoOp;NoOp;NoOp;NoOp;NoOp;NoOp;NoOp
2054820922:NoOp;NoOp;NoOp;NoOp;NoOp;NoOp;NoOp;Move(E);Move(S);NoOp
2149266351:NoOp;NoOp;NoOp;NoOp;NoOp;NoOp;NoOp;NoOp;Move(S);NoOp
2249637381:NoOp;NoOp;NoOp;NoOp;NoOp;NoOp;NoOp;Move(W);Move(W);NoOp
2343420180:NoOp;NoOp;NoOp;NoOp;NoOp;NoOp;NoOp;NoOp;NoOp;NoOp
2484224246:NoOp;NoOp;NoOp;NoOp;NoOp;NoOp;NoOp;NoOp;NoOp;NoOp
2578832586:NoOp;NoOp;NoOp;NoOp;NoOp;NoOp;NoOp;Move(E);NoOp;NoOp
2670644523:NoOp;NoOp;NoOp;NoOp;NoOp;NoOp;NoOp;NoOp;NoOp;NoOp
2793857218:NoOp;NoOp;NoOp;NoOp;NoOp;NoOp;NoOp;Move(W);Move(E);NoOp
2885697197:NoOp;NoOp;NoOp;NoOp;NoOp;NoOp;NoOp;NoOp;Move(N);NoOp
2977961192:NoOp;NoOp;NoOp;NoOp;NoOp;NoOp;NoOp;NoOp;Move(N);NoOp
3093306611:NoOp;NoOp;NoOp;NoOp;NoOp;NoOp;NoOp;NoOp;NoOp;NoOp
3188151961:NoOp;NoOp;NoOp;NoOp;NoOp;NoOp;NoOp;Move(E);Move(S);NoOp
3285241941:NoOp;NoOp;NoOp;NoOp;NoOp;NoOp;NoOp;NoOp;Move(S);NoOp
3382967611:NoOp;NoOp;NoOp;NoOp;NoOp;NoOp;NoOp;Move(W);Move(W);NoOp
3475059811:NoOp;NoOp;NoOp;NoOp;NoOp;NoOp;NoOp;NoOp;NoOp;NoOp
3615899443:NoOp;NoOp;NoOp;NoOp;NoOp;NoOp;NoOp;NoOp;NoOp;NoOp
3712696678:NoOp;NoOp;NoOp;NoOp;NoOp;NoOp;NoOp;Move(E);NoOp;NoOp
3804196132:NoOp;NoOp;NoOp;NoOp;NoOp;NoOp;NoOp;NoOp;NoOp;NoOp
3930444785:NoOp;NoOp;NoOp;NoOp;NoOp;NoOp;NoOp;Move(W);Move(E);NoOp
4022561028:NoOp;NoOp;NoOp;NoOp;NoOp;NoOp;NoOp;NoOp;Move(N);NoOp
4115355885:NoOp;NoOp;NoOp;NoOp;NoOp;NoOp;NoOp;NoOp;Move(N);NoOp
4232555912:NoOp;NoOp;NoOp;NoOp;NoOp;NoOp;NoOp;NoOp;NoOp;NoOp
4332139975:NoOp;NoOp;NoOp;NoOp;NoOp;NoOp;NoOp;Move(E);Move(S);NoOp
4427293559:NoOp;NoOp;NoOp;NoOp;NoOp;NoOp;NoOp;NoOp;Move(S);NoOp
4523537055:NoOp;NoOp;NoOp;NoOp;NoOp;NoOp;NoOp;Move(W);Move(W);NoOp
4616143176:NoOp;NoOp;NoOp;NoOp;NoOp;NoOp;NoOp;NoOp;NoOp;NoOp
4758384370:NoOp;NoOp;NoOp;NoOp;NoOp;NoOp;NoOp;NoOp;NoOp;NoOp
4852563538:NoOp;NoOp;NoOp;NoOp;NoOp;NoOp;NoOp;Move(E);NoOp;NoOp
4949338837:NoOp;NoOp;NoOp;NoOp;NoOp;NoOp;NoOp;NoOp;NoOp;NoOp
5073418757:NoOp;NoOp;NoOp;NoOp;NoOp;NoOp;NoOp;Move(W);Move(E);NoOp
5166604614:NoOp;NoOp;NoOp;NoOp;NoOp;NoOp;NoOp;NoOp;Move(N);NoOp
5261583995:NoOp;NoOp;NoOp;NoOp;NoOp;NoOp;NoOp;NoOp;Move(N);NoOp
5381416349:NoOp;NoOp;NoOp;NoOp;NoOp;NoOp;NoOp;NoOp;NoOp;NoOp
5476224025:NoOp;NoOp;NoOp;NoOp;NoOp;NoOp;NoOp;Move(E);Move(S);NoOp
5572280724:NoOp;NoOp;NoOp;NoOp;NoOp;NoOp;NoOp;NoOp;Move(S);NoOp
5668558609:NoOp;NoOp;NoOp;NoOp;NoOp;NoOp;NoOp;Move(W);Move(W);NoOp
5760655595:NoOp;NoOp;NoOp;NoOp;NoOp;NoOp;NoOp;NoOp;NoOp;NoOp
5901979265:NoOp;NoOp;NoOp;NoOp;NoOp;NoOp;NoOp;NoOp;NoOp;NoOp
5994688220:NoOp;NoOp;NoOp;NoOp;NoOp;NoOp;NoOp;Move(E);NoOp;NoOp
6086093152:NoOp;NoOp;NoOp;NoOp;NoOp;NoOp;NoOp;NoOp;NoOp;NoOp
6209838494:NoOp;NoOp;NoOp;NoOp;NoOp;NoOp;NoOp;Move(W);Move(E);NoOp
6308251435:NoOp;NoOp;NoOp;NoOp;NoOp;NoOp;NoOp;NoOp;Move(N);NoOp
6401893605:NoOp;NoOp;NoOp;NoOp;NoOp;NoOp;NoOp;NoOp;Move(N);NoOp
6518759630:NoOp;NoOp;NoOp;NoOp;NoOp;NoOp;NoOp;NoOp;NoOp;NoOp
6614242635:NoOp;NoOp;NoOp;NoOp;NoOp;NoOp;NoOp;Move(E);Move(S);NoOp
6715407041:NoOp;NoOp;NoOp;NoOp;NoOp;NoOp;NoOp;NoOp;Move(S);NoOp
6811941325:NoOp;NoOp;NoOp;NoOp;NoOp;NoOp;NoOp;Move(W);Move(W);NoOp
6905554820:NoOp;NoOp;NoOp;NoOp;NoOp;NoOp;NoOp;NoOp;NoOp;NoOp
7047107421:NoOp;NoOp;NoOp;NoOp;NoOp;NoOp;NoOp;NoOp;NoOp;NoOp
7140499574:NoOp;NoOp;NoOp;NoOp;NoOp;NoOp;NoOp;Move(E);NoOp;NoOp
7232472673:NoOp;NoOp;NoOp;NoOp;NoOp;NoOp;NoOp;NoOp;NoOp;NoOp
7362019833:NoOp;NoOp;NoOp;NoOp;NoOp;NoOp;NoOp;Move(W);Move(E);NoOp
7454114574:NoOp;NoOp;NoOp;NoOp;NoOp;NoOp;NoOp;NoOp;Move(N);NoOp
7545636383:NoOp;NoOp;NoOp;NoOp;NoOp;NoOp;NoOp;NoOp;Move(N);NoOp
7661722396:NoOp;NoOp;NoOp;NoOp;NoOp;NoOp;NoOp;NoOp;NoOp;NoOp
7755779669:NoOp;NoOp;NoOp;NoOp;NoOp;NoOp;NoOp;Move(E);Move(S);NoOp
7850738451:NoOp;NoOp;NoOp;NoOp;NoOp;NoOp;NoOp;NoOp;Move(S);NoOp
7951166500:NoOp;NoOp;NoOp;NoOp;NoOp;NoOp;NoOp;Move(W);Move(W);NoOp
8044270853:NoOp;NoOp;NoOp;NoOp;NoOp;NoOp;NoOp;NoOp;NoOp;NoOp
8184045383:NoOp;NoOp;NoOp;NoOp;NoOp;NoOp;NoOp;NoOp;NoOp;NoOp
8278993494:NoOp;NoOp;NoOp;NoOp;NoOp;NoOp;NoOp;Move(E);NoOp;NoOp
8370352649:NoOp;NoOp;NoOp;NoOp;NoOp;NoOp;NoOp;NoOp;NoOp;NoOp
8495004189:NoOp;NoOp;NoOp;NoOp;NoOp;NoOp;NoOp;Move(W);Move(E);NoOp
8586715774:NoOp;NoOp;NoOp;NoOp;NoOp;NoOp;NoOp;NoOp;Move(N);NoOp
8679098394:NoOp;NoOp;NoOp;NoOp;NoOp;NoOp;NoOp;NoOp;Move(N);NoOp
8794776729:NoOp;NoOp;NoOp;NoOp;NoOp;NoOp;NoOp;NoOp;NoOp;NoOp
8890874979:NoOp;NoOp;NoOp;NoOp;NoOp;NoOp;NoOp;Move(E);Move(S);NoOp
8986652902:NoOp;NoOp;NoOp;NoOp;NoOp;NoOp;NoOp;NoOp;Move(S);NoOp
9082198758:NoOp;NoOp;NoOp;NoOp;NoOp;NoOp;NoOp;Move(W);Move(W);NoOp
9173438906:NoOp;NoOp;NoOp;NoOp;NoOp;NoOp;NoOp;NoOp;NoOp;NoOp
9314731084:NoOp;NoOp;NoOp;NoOp;NoOp;NoOp;NoOp;NoOp;NoOp;NoOp
9411555288:NoOp;NoOp;NoOp;NoOp;NoOp;NoOp;NoOp;Move(E);NoOp;NoOp
9504357752:NoOp;NoOp;NoOp;NoOp;NoOp;NoOp;NoOp;NoOp;NoOp;NoOp
9628786246:NoOp;NoOp;NoOp;NoOp;NoOp;NoOp;NoOp;Move(W);Move(E);NoOp
9720887243:NoOp;NoOp;NoOp;NoOp;NoOp;NoOp;NoOp;NoOp;Move(N);NoOp
9817227842:NoOp;NoOp;NoOp;NoOp;NoOp;NoOp;NoOp;NoOp;Move(N);NoOp
9935194541:NoOp;NoOp;NoOp;NoOp;NoOp;NoOp;NoOp;NoOp;NoOp;NoOp
10030637259:NoOp;NoOp;NoOp;NoOp;NoOp;NoOp;NoOp;Move(E);Move(S);NoOp
10125934608:NoOp;NoOp;NoOp;NoOp;NoOp;NoOp;NoOp;NoOp;Move(S);NoOp
10224448580:NoOp;NoOp;NoOp;NoOp;NoOp;NoOp;NoOp;Move(W);Move(W);NoOp
10317252178:NoOp;NoOp;NoOp;NoOp;NoOp;NoOp;NoOp;NoOp;NoOp;NoOp
10464234434:NoOp;NoOp;NoOp;NoOp;NoOp;NoOp;NoOp;NoOp;NoOp;NoOp
10558413348:NoOp;NoOp;NoOp;NoOp;NoOp;NoOp;NoOp;Move(E);NoOp;NoOp
10651956303:NoOp;NoOp;NoOp;NoOp;NoOp;NoOp;NoOp;NoOp;NoOp;NoOp
10778701288:NoOp;NoOp;NoOp;NoOp;NoOp;NoOp;NoOp;Move(W);Move(E);NoOp
10872068746:NoOp;NoOp;NoOp;NoOp;NoOp;NoOp;NoOp;NoOp;Move(N);NoOp
10965419255:NoOp;NoOp;NoOp;NoOp;NoOp;NoOp;NoOp;NoOp;Move(N);NoOp
11083045662:NoOp;NoOp;NoOp;NoOp;NoOp;NoOp;NoOp;NoOp;NoOp;NoOp
11178327870:NoOp;NoOp;NoOp;NoOp;NoOp;NoOp;NoOp;Move(E);Move(S);NoOp
11276803165:NoOp;NoOp;NoOp;NoOp;NoOp;NoOp;NoOp;NoOp;Move(S);NoOp
11377985783:NoOp;NoOp;NoOp;NoOp;NoOp;NoOp;NoOp;Move(W);Move(W);NoOp
11468904874:NoOp;NoOp;NoOp;NoOp;NoOp;NoOp;NoOp;NoOp;NoOp;NoOp
11608777574:NoOp;NoOp;NoOp;NoOp;NoOp;NoOp;NoOp;NoOp;NoOp;NoOp
11701290207:NoOp;NoOp;NoOp;NoOp;NoOp;NoOp;NoOp;Move(E);NoOp;NoOp
11792490753:NoOp;NoOp;NoOp;NoOp;NoOp;NoOp;NoOp;NoOp;NoOp;NoOp
11917773434:NoOp;NoOp;NoOp;NoOp;NoOp;NoOp;NoOp;Move(W);Move(E);NoOp
12008794153:NoOp;NoOp;NoOp;NoOp;NoOp;NoOp;NoOp;NoOp;Move(N);NoOp
12101429695:NoOp;NoOp;NoOp;NoOp;NoOp;NoOp;NoOp;NoOp;Move(N);NoOp
12222306972:NoOp;NoOp;NoOp;NoOp;NoOp;NoOp;NoOp;NoOp;NoOp;NoOp
12316064872:NoOp;NoOp;NoOp;NoOp;NoOp;NoOp;NoOp;Move(E);Move(S);NoOp
12412042657:NoOp;NoOp;NoOp;NoOp;NoOp;NoOp;NoOp;NoOp;Move(S);NoOp
12507583190:NoOp;NoOp;NoOp;NoOp;NoOp;NoOp;NoOp;Move(W);Move(W);NoOp
12599180661:NoOp;NoOp;NoOp;NoOp;NoOp;NoOp;NoOp;NoOp;NoOp;NoOp
12740075851:NoOp;NoOp;NoOp;NoOp;NoOp;NoOp;NoOp;NoOp;NoOp;NoOp
12835228221:NoOp;NoOp;NoOp;NoOp;NoOp;NoOp;NoOp;Move(E);NoOp;NoOp
12926012291:NoOp;NoOp;NoOp;NoOp;NoOp;NoOp;NoOp;NoOp;NoOp;NoOp
13048560815:NoOp;NoOp;NoOp;NoOp;NoOp;NoOp;NoOp;Move(W);Move(E);NoOp
13138603412:NoOp;NoOp;NoOp;NoOp;NoOp;NoOp;NoOp;NoOp;Move(N);NoOp
13231250147:NoOp;NoOp;NoOp;NoOp;NoOp;NoOp;NoOp;NoOp;Move(N);NoOp
13350013201:NoOp;NoOp;NoOp;NoOp;NoOp;NoOp;NoOp;NoOp;NoOp;NoOp
13446193175:NoOp;NoOp;NoOp;NoOp;NoOp;NoOp;NoOp;Move(E);Move(S);NoOp
13540414473:NoOp;NoOp;NoOp;NoOp;NoOp;NoOp;NoOp;NoOp;Move(S);NoOp
13636370232:NoOp;NoOp;NoOp;NoOp;NoOp;NoOp;NoOp;Move(W);Move(W);NoOp
13728280145:NoOp;NoOp;NoOp;NoOp;NoOp;NoOp;NoOp;NoOp;NoOp;NoOp
13867016010:NoOp;NoOp;NoOp;NoOp;NoOp;NoOp;NoOp;NoOp;NoOp;NoOp
13960441509:NoOp;NoOp;NoOp;NoOp;NoOp;NoOp;NoOp;Move(E);NoOp;NoOp
14055315554:NoOp;NoOp;NoOp;NoOp;NoOp;NoOp;NoOp;NoOp;NoOp;NoOp
14177349831:NoOp;NoOp;NoOp;NoOp;NoOp;NoOp;NoOp;Move(W);Move(E);NoOp
14270251352:NoOp;NoOp;NoOp;NoOp;NoOp;NoOp;NoOp;NoOp;Move(N);NoOp
14361796000:NoOp;NoOp;NoOp;NoOp;NoOp;NoOp;NoOp;NoOp;Move(N);NoOp
14477792408:NoOp;NoOp;NoOp;NoOp;NoOp;NoOp;NoOp;NoOp;NoOp;NoOp
14572188994:NoOp;NoOp;NoOp;NoOp;NoOp;NoOp;NoOp;Move(E);Move(S);NoOp
14667398843:NoOp;NoOp;NoOp;NoOp;NoOp;NoOp;NoOp;NoOp;Move(S);NoOp
14764051270:NoOp;NoOp;NoOp;NoOp;NoOp;NoOp;NoOp;Move(W);Move(W);NoOp
14856043375:NoOp;NoOp;NoOp;NoOp;NoOp;NoOp;NoOp;NoOp;NoOp;NoOp
14995333947:NoOp;NoOp;NoOp;NoOp;NoOp;NoOp;NoOp;NoOp;NoOp;NoOp
15087678250:NoOp;NoOp;NoOp;NoOp;NoOp;NoOp;NoOp;Move(E);NoOp;NoOp
15179185114:NoOp;NoOp;NoOp;NoOp;NoOp;NoOp;NoOp;NoOp;NoOp;NoOp
15304524562:NoOp;NoOp;NoOp;NoOp;NoOp;NoOp;NoOp;Move(W);Move(E);NoOp
15396432503:NoOp;NoOp;NoOp;NoOp;NoOp;NoOp;NoOp;NoOp;Move(N);NoOp
15488957862:NoOp;NoOp;NoOp;NoOp;NoOp;NoOp;NoOp;NoOp;Move(N);NoOp
15604931626:NoOp;NoOp;NoOp;NoOp;NoOp;NoOp;NoOp;NoOp;NoOp;NoOp
15699630613:NoOp;NoOp;NoOp;NoOp;NoOp;NoOp;NoOp;Move(E);Move(S);NoOp
15794877250:NoOp;NoOp;NoOp;NoOp;NoOp;NoOp;NoOp;NoOp;Move(S);NoOp
15890788735:NoOp;NoOp;NoOp;NoOp;NoOp;NoOp;NoOp;Move(W);Move(W);NoOp
15983287097:NoOp;NoOp;NoOp;NoOp;NoOp;NoOp;NoOp;NoOp;NoOp;NoOp
16125026398:NoOp;NoOp;NoOp;NoOp;NoOp;NoOp;NoOp;NoOp;NoOp;NoOp
16219635659:NoOp;NoOp;NoOp;NoOp;NoOp;NoOp;NoOp;Move(E);NoOp;NoOp
16318537198:NoOp;NoOp;NoOp;NoOp;NoOp;NoOp;NoOp;NoOp;NoOp;NoOp
16440886685:NoOp;NoOp;NoOp;NoOp;NoOp;NoOp;NoOp;Move(W);Move(E);NoOp
16539417630:NoOp;NoOp;NoOp;NoOp;NoOp;NoOp;NoOp;NoOp;Move(N);NoOp
16631455162:NoOp;NoOp;NoOp;NoOp;NoOp;NoOp;NoOp;NoOp;Move(N);NoOp
16746677961:NoOp;NoOp;NoOp;NoOp;NoOp;NoOp;NoOp;NoOp;NoOp;NoOp
16841381694:NoOp;NoOp;NoOp;NoOp;NoOp;NoOp;NoOp;Move(E);Move(S);NoOp
16936552536:NoOp;NoOp;NoOp;NoOp;NoOp;NoOp;NoOp;NoOp;Move(S);NoOp
17035266277:NoOp;NoOp;NoOp;NoOp;NoOp;NoOp;NoOp;Move(W);Move(W);NoOp
17127199372:NoOp;NoOp;NoOp;NoOp;NoOp;NoOp;NoOp;NoOp;NoOp;NoOp
17269589918:NoOp;NoOp;NoOp;NoOp;NoOp;NoOp;NoOp;NoOp;NoOp;NoOp
17362520232:NoOp;NoOp;NoOp;NoOp;NoOp;NoOp;NoOp;Move(E);NoOp;NoOp
17458669535:NoOp;NoOp;NoOp;NoOp;NoOp;NoOp;NoOp;NoOp;NoOp;NoOp
17582459416:NoOp;NoOp;NoOp;NoOp;NoOp;NoOp;NoOp;Move(W);Move(E);NoOp
17673669171:NoOp;NoOp;NoOp;NoOp;NoOp;NoOp;NoOp;NoOp;Move(N);NoOp
17765567310:NoOp;NoOp;NoOp;NoOp;NoOp;NoOp;NoOp;NoOp;Move(N);NoOp
17881720308:NoOp;NoOp;NoOp;NoOp;NoOp;NoOp;NoOp;NoOp;NoOp;NoOp
17975455739:NoOp;NoOp;NoOp;NoOp;NoOp;NoOp;NoOp;Move(E);Move(S);NoOp
18068964500:NoOp;NoOp;NoOp;NoOp;NoOp;NoOp;NoOp;NoOp;Move(S);NoOp
18163932111:NoOp;NoOp;NoOp;NoOp;NoOp;NoOp;NoOp;Move(W);Move(W);NoOp
18260932627:NoOp;NoOp;NoOp;NoOp;NoOp;NoOp;NoOp;NoOp;NoOp;NoOp
18401036621:NoOp;NoOp;NoOp;NoOp;NoOp;NoOp;NoOp;NoOp;NoOp;NoOp
18494867813:NoOp;NoOp;NoOp;NoOp;NoOp;NoOp;NoOp;Move(E);NoOp;NoOp
18587389529:NoOp;NoOp;NoOp;NoOp;NoOp;NoOp;NoOp;NoOp;NoOp;NoOp
18709912261:NoOp;NoOp;NoOp;NoOp;NoOp;NoOp;NoOp;Move(W);Move(E);NoOp
18809556281:NoOp;NoOp;NoOp;NoOp;NoOp;NoOp;NoOp;NoOp;Move(N);NoOp
18900900262:NoOp;NoOp;NoOp;NoOp;NoOp;NoOp;NoOp;NoOp;Move(N);NoOp
19018220295:NoOp;NoOp;NoOp;NoOp;NoOp;NoOp;NoOp;NoOp;NoOp;NoOp
19113824722:NoOp;NoOp;NoOp;NoOp;NoOp;NoOp;NoOp;Move(E);Move(S);NoOp
19208555876:NoOp;NoOp;NoOp;NoOp;NoOp;NoOp;NoOp;NoOp;Move(S);NoOp
19306744018:NoOp;NoOp;NoOp;NoOp;NoOp;NoOp;NoOp;Move(W);Move(W);NoOp
19402144526:NoOp;NoOp;NoOp;NoOp;NoOp;NoOp;NoOp;NoOp;NoOp;NoOp
19542378769:NoOp;NoOp;NoOp;NoOp;NoOp;NoOp;NoOp;NoOp;NoOp;NoOp
19635055697:NoOp;NoOp;NoOp;NoOp;NoOp;NoOp;NoOp;Move(E);NoOp;NoOp
19727176438:NoOp;NoOp;NoOp;NoOp;NoOp;NoOp;NoOp;NoOp;NoOp;NoOp
19850225243:NoOp;NoOp;NoOp;NoOp;NoOp;NoOp;NoOp;Move(W);Move(E);NoOp
19942377866:NoOp;NoOp;NoOp;NoOp;NoOp;NoOp;NoOp;NoOp;Move(N);NoOp
20037348371:NoOp;NoOp;NoOp;NoOp;NoOp;NoOp;NoOp;NoOp;Move(N);NoOp
20155811570:NoOp;NoOp;NoOp;NoOp;NoOp;NoOp;NoOp;NoOp;NoOp;NoOp
20250523401:NoOp;NoOp;NoOp;NoOp;NoOp;NoOp;NoOp;Move(E);Move(S);NoOp
20345598881:NoOp;NoOp;NoOp;NoOp;NoOp;NoOp;NoOp;NoOp;Move(S);NoOp
20440883508:NoOp;NoOp;NoOp;NoOp;NoOp;NoOp;NoOp;Move(W);Move(W);NoOp
20534818609:NoOp;NoOp;NoOp;NoOp;NoOp;NoOp;NoOp;NoOp;NoOp;NoOp
20675221403:NoOp;NoOp;NoOp;NoOp;NoOp;NoOp;NoOp;NoOp;NoOp;NoOp
20768320314:NoOp;NoOp;NoOp;NoOp;NoOp;NoOp;NoOp;Move(E);NoOp;NoOp
20859625949:NoOp;NoOp;NoOp;NoOp;NoOp;NoOp;NoOp;NoOp;NoOp;NoOp
20982952943:NoOp;NoOp;NoOp;NoOp;NoOp;NoOp;NoOp;Move(W);Move(E);NoOp
21074695624:NoOp;NoOp;NoOp;NoOp;NoOp;NoOp;NoOp;NoOp;Move(N);NoOp
21165598477:NoOp;NoOp;NoOp;NoOp;NoOp;NoOp;NoOp;NoOp;Move(N);NoOp
21287675499:NoOp;NoOp;NoOp;NoOp;NoOp;NoOp;NoOp;NoOp;NoOp;NoOp
21385764481:NoOp;NoOp;NoOp;NoOp;NoOp;NoOp;NoOp;Move(E);Move(S);NoOp
21481386331:NoOp;NoOp;NoOp;NoOp;NoOp;NoOp;NoOp;NoOp;Move(S);NoOp
21581143706:NoOp;NoOp;NoOp;NoOp;NoOp;NoOp;NoOp;Move(W);Move(W);NoOp
21675420993:NoOp;NoOp;NoOp;NoOp;NoOp;NoOp;NoOp;NoOp;NoOp;NoOp
21821016829:NoOp;NoOp;NoOp;NoOp;NoOp;NoOp;NoOp;NoOp;NoOp;NoOp
21916036469:NoOp;NoOp;NoOp;NoOp;NoOp;NoOp;NoOp;Move(E);NoOp;NoOp
22007994742:NoOp;NoOp;NoOp;NoOp;NoOp;NoOp;NoOp;NoOp;NoOp;NoOp
22132373027:NoOp;NoOp;NoOp;NoOp;NoOp;NoOp;NoOp;Move(W);Move(E);NoOp
22225602659:NoOp;NoOp;NoOp;NoOp;NoOp;NoOp;NoOp;NoOp;Move(N);NoOp
22317665996:NoOp;NoOp;NoOp;NoOp;NoOp;NoOp;NoOp;NoOp;Move(N);NoOp
22437563557:NoOp;NoOp;NoOp;NoOp;NoOp;NoOp;NoOp;NoOp;NoOp;NoOp
22533612679:NoOp;NoOp;NoOp;NoOp;NoOp;NoOp;NoOp;Move(E);Move(S);NoOp
22628654865:NoOp;NoOp;NoOp;NoOp;NoOp;NoOp;NoOp;NoOp;Move(S);NoOp
22723818888:NoOp;NoOp;NoOp;NoOp;NoOp;NoOp;NoOp;Move(W);Move(W);NoOp
22814983694:NoOp;NoOp;NoOp;NoOp;NoOp;NoOp;NoOp;NoOp;NoOp;NoOp
22960287392:NoOp;NoOp;NoOp;NoOp;NoOp;NoOp;NoOp;NoOp;NoOp;NoOp
23058078984:NoOp;NoOp;NoOp;NoOp;NoOp;NoOp;NoOp;Move(E);NoOp;NoOp
23150399058:NoOp;NoOp;NoOp;NoOp;NoOp;NoOp;NoOp;NoOp;NoOp;NoOp
23269918594:NoOp;NoOp;NoOp;NoOp;NoOp;NoOp;NoOp;Move(W);Move(E);NoOp
23368550125:NoOp;NoOp;NoOp;NoOp;NoOp;NoOp;NoOp;NoOp;Move(N);NoOp
23460983985:NoOp;NoOp;NoOp;NoOp;NoOp;NoOp;NoOp;NoOp;Move(N);NoOp
23578239492:NoOp;NoOp;NoOp;NoOp;NoOp;NoOp;NoOp;NoOp;NoOp;NoOp
23677032597:NoOp;NoOp;NoOp;NoOp;NoOp;NoOp;NoOp;Move(E);Move(S);NoOp
23771127643:NoOp;NoOp;NoOp;NoOp;NoOp;NoOp;NoOp;NoOp;Move(S);NoOp
23866076540:NoOp;NoOp;NoOp;NoOp;NoOp;NoOp;NoOp;Move(W);Move(W);NoOp
23957614025:NoOp;NoOp;NoOp;NoOp;NoOp;NoOp;NoOp;NoOp;NoOp;NoOp
24097305642:NoOp;NoOp;NoOp;NoOp;NoOp;NoOp;NoOp;NoOp;NoOp;NoOp
24189157972:NoOp;NoOp;NoOp;NoOp;NoOp;NoOp;NoOp;Move(E);NoOp;NoOp
24296911026:NoOp;NoOp;NoOp;NoOp;NoOp;NoOp;NoOp;NoOp;NoOp;NoOp
24420645254:NoOp;NoOp;NoOp;NoOp;NoOp;NoOp;NoOp;Move(W);Move(E);NoOp
24514023002:NoOp;NoOp;NoOp;NoOp;NoOp;NoOp;NoOp;NoOp;Move(N);NoOp
24604906636:NoOp;NoOp;NoOp;NoOp;NoOp;NoOp;NoOp;NoOp;Move(N);NoOp
24721742815:NoOp;NoOp;NoOp;NoOp;NoOp;NoOp;NoOp;NoOp;NoOp;NoOp
24816156561:NoOp;NoOp;NoOp;NoOp;NoOp;NoOp;NoOp;Move(E);Move(S);NoOp
24915680811:NoOp;NoOp;NoOp;NoOp;NoOp;NoOp;NoOp;NoOp;Move(S);NoOp
25011068365:NoOp;NoOp;NoOp;NoOp;NoOp;NoOp;NoOp;Move(W);Move(W);NoOp
25102332299:NoOp;NoOp;NoOp;NoOp;NoOp;NoOp;NoOp;NoOp;NoOp;NoOp
25243093773:NoOp;NoOp;NoOp;NoOp;NoOp;NoOp;NoOp;NoOp;NoOp;NoOp
25335696444:NoOp;NoOp;NoOp;NoOp;NoOp;NoOp;NoOp;Move(E);NoOp;NoOp
25426500613:NoOp;NoOp;NoOp;NoOp;NoOp;NoOp;NoOp;NoOp;NoOp;NoOp
25554697621:NoOp;NoOp;NoOp;NoOp;NoOp;NoOp;NoOp;Move(W);Move(E);NoOp
25649398877:NoOp;NoOp;NoOp;NoOp;NoOp;NoOp;NoOp;NoOp;Move(N);NoOp
25742030083:NoOp;NoOp;NoOp;NoOp;NoOp;NoOp;NoOp;NoOp;Move(N);NoOp
25858958760:NoOp;NoOp;NoOp;NoOp;NoOp;NoOp;NoOp;NoOp;NoOp;NoOp
25955083947:NoOp;NoOp;NoOp;NoOp;NoOp;NoOp;NoOp;Move(E);Move(S);NoOp
26049841376:NoOp;NoOp;NoOp;NoOp;NoOp;NoOp;NoOp;NoOp;Move(S);NoOp
26145523363:NoOp;NoOp;NoOp;NoOp;NoOp;NoOp;NoOp;Move(W);Move(W);NoOp
26240845659:NoOp;NoOp;NoOp;NoOp;NoOp;NoOp;NoOp;NoOp;NoOp;NoOp
26387858380:NoOp;NoOp;NoOp;NoOp;NoOp;NoOp;NoOp;NoOp;NoOp;NoOp
26479991239:NoOp;NoOp;NoOp;NoOp;NoOp;NoOp;NoOp;Move(E);NoOp;NoOp
26573386753:NoOp;NoOp;NoOp;NoOp;NoOp;NoOp;NoOp;NoOp;NoOp;NoOp
26699595585:NoOp;NoOp;NoOp;NoOp;NoOp;NoOp;NoOp;Move(W);Move(E);NoOp
26791010954:NoOp;NoOp;NoOp;NoOp;NoOp;NoOp;NoOp;NoOp;Move(N);NoOp
26883225239:NoOp;NoOp;NoOp;NoOp;NoOp;NoOp;NoOp;NoOp;Move(N);NoOp
26999614858:NoOp;NoOp;NoOp;NoOp;NoOp;NoOp;NoOp;NoOp;NoOp;NoOp
27092817515:NoOp;NoOp;NoOp;NoOp;NoOp;NoOp;NoOp;Move(E);Move(S);NoOp
27186036255:NoOp;NoOp;NoOp;NoOp;NoOp;NoOp;NoOp;NoOp;Move(S);NoOp
27287168729:NoOp;NoOp;NoOp;NoOp;NoOp;NoOp;NoOp;Move(W);Move(W);NoOp
27378472072:NoOp;NoOp;NoOp;NoOp;NoOp;NoOp;NoOp;NoOp;NoOp;NoOp
27517769971:NoOp;NoOp;NoOp;NoOp;NoOp;NoOp;NoOp;NoOp;NoOp;NoOp
27611285304:NoOp;NoOp;NoOp;NoOp;NoOp;NoOp;NoOp;Move(E);NoOp;NoOp
27702693718:NoOp;NoOp;NoOp;NoOp;NoOp;NoOp;NoOp;NoOp;NoOp;NoOp
27826412472:NoOp;NoOp;NoOp;NoOp;NoOp;NoOp;NoOp;Move(W);Move(E);NoOp
27921223665:NoOp;NoOp;NoOp;NoOp;NoOp;NoOp;NoOp;NoOp;Move(N);NoOp
28012073795:NoOp;NoOp;NoOp;NoOp;NoOp;NoOp;NoOp;NoOp;Move(N);NoOp
28126444819:NoOp;NoOp;NoOp;NoOp;NoOp;NoOp;NoOp;NoOp;NoOp;NoOp
28221353251:NoOp;NoOp;NoOp;NoOp;NoOp;NoOp;NoOp;Move(E);Move(S);NoOp
28317645498:NoOp;NoOp;NoOp;NoOp;NoOp;NoOp;NoOp;NoOp;Move(S);NoOp
28412908301:NoOp;NoOp;NoOp;NoOp;NoOp;NoOp;NoOp;Move(W);Move(W);NoOp
28509092594:NoOp;NoOp;NoOp;NoOp;NoOp;NoOp;NoOp;NoOp;NoOp;NoOp
28647369114:NoOp;NoOp;NoOp;NoOp;NoOp;NoOp;NoOp;NoOp;NoOp;NoOp
28739692140:NoOp;NoOp;NoOp;NoOp;NoOp;NoOp;NoOp;Move(E);NoOp;NoOp
28831031350:NoOp;NoOp;NoOp;NoOp;NoOp;NoOp;NoOp;NoOp;NoOp;NoOp
28954064825:NoOp;NoOp;NoOp;NoOp;NoOp;NoOp;NoOp;Move(W);Move(E);NoOp
29046358808:NoOp;NoOp;NoOp;NoOp;NoOp;NoOp;NoOp;NoOp;Move(N);NoOp
29136746389:NoOp;NoOp;NoOp;NoOp;NoOp;NoOp;NoOp;NoOp;Move(N);NoOp
29253762617:NoOp;NoOp;NoOp;NoOp;NoOp;NoOp;NoOp;NoOp;NoOp;NoOp
29347866912:NoOp;NoOp;NoOp;NoOp;NoOp;NoOp;NoOp;Move(E);Move(S);NoOp
29441323897:NoOp;NoOp;NoOp;NoOp;NoOp;NoOp;NoOp;NoOp;Move(S);NoOp
29536688017:NoOp;NoOp;NoOp;NoOp;NoOp;NoOp;NoOp;Move(W);Move(W);NoOp
29634531103:NoOp;NoOp;NoOp;NoOp;NoOp;NoOp;NoOp;NoOp;NoOp;NoOp
29777186015:NoOp;NoOp;NoOp;NoOp;NoOp;NoOp;NoOp;NoOp;NoOp;NoOp
29869388253:NoOp;NoOp;NoOp;NoOp;NoOp;NoOp;NoOp;Move(E);NoOp;NoOp
29960402309:NoOp;NoOp;NoOp;NoOp;NoOp;NoOp;NoOp;NoOp;NoOp;NoOp
30082478089:NoOp;NoOp;NoOp;NoOp;NoOp;NoOp;NoOp;Move(W);Move(E);NoOp
30174180281:NoOp;NoOp;NoOp;NoOp;NoOp;NoOp;NoOp;NoOp;Move(N);NoOp
30270295703:NoOp;NoOp;NoOp;NoOp;NoOp;NoOp;NoOp;NoOp;Move(N);NoOp
30384528339:NoOp;NoOp;NoOp;NoOp;NoOp;NoOp;NoOp;NoOp;NoOp;NoOp
30477949140:NoOp;NoOp;NoOp;NoOp;NoOp;NoOp;NoOp;Move(E);Move(S);NoOp
30572856079:NoOp;NoOp;NoOp;NoOp;NoOp;NoOp;NoOp;NoOp;Move(S);NoOp
30667193838:NoOp;NoOp;NoOp;NoOp;NoOp;NoOp;NoOp;Move(W);Move(W);NoOp
30759161449:NoOp;NoOp;NoOp;NoOp;NoOp;NoOp;NoOp;NoOp;NoOp;NoOp
30898899064:NoOp;NoOp;NoOp;NoOp;NoOp;NoOp;NoOp;NoOp;NoOp;NoOp
30994015484:NoOp;NoOp;NoOp;NoOp;NoOp;NoOp;NoOp;Move(E);NoOp;NoOp
31084645614:NoOp;NoOp;NoOp;NoOp;NoOp;NoOp;NoOp;NoOp;NoOp;NoOp
31205842177:NoOp;NoOp;NoOp;NoOp;NoOp;NoOp;NoOp;Move(W);Move(E);NoOp
31302620644:NoOp;NoOp;NoOp;NoOp;NoOp;NoOp;NoOp;NoOp;Move(N);NoOp
31395848687:NoOp;NoOp;NoOp;NoOp;NoOp;NoOp;NoOp;NoOp;Move(N);NoOp
31515606614:NoOp;NoOp;NoOp;NoOp;NoOp;NoOp;NoOp;NoOp;NoOp;NoOp
31611219825:NoOp;NoOp;NoOp;NoOp;NoOp;NoOp;NoOp;Move(E);Move(S);NoOp
31705617282:NoOp;NoOp;NoOp;NoOp;NoOp;NoOp;NoOp;NoOp;Move(S);NoOp
31801175151:NoOp;NoOp;NoOp;NoOp;NoOp;NoOp;NoOp;Move(W);Move(W);NoOp
31894996712:NoOp;NoOp;NoOp;NoOp;NoOp;NoOp;NoOp;NoOp;NoOp;NoOp
32038530751:NoOp;NoOp;NoOp;NoOp;NoOp;NoOp;NoOp;NoOp;NoOp;NoOp
32130991973:NoOp;NoOp;NoOp;NoOp;NoOp;NoOp;NoOp;Move(E);NoOp;NoOp
32228900311:NoOp;NoOp;NoOp;NoOp;NoOp;NoOp;NoOp;NoOp;NoOp;NoOp
32353993575:NoOp;NoOp;NoOp;NoOp;NoOp;NoOp;NoOp;Move(W);Move(E);NoOp
32451575561:NoOp;NoOp;NoOp;NoOp;NoOp;NoOp;NoOp;NoOp;Move(N);NoOp
32544576727:NoOp;NoOp;NoOp;NoOp;NoOp;NoOp;NoOp;NoOp;Move(N);NoOp
32665529921:NoOp;NoOp;NoOp;NoOp;NoOp;NoOp;NoOp;NoOp;NoOp;NoOp
32760782514:NoOp;NoOp;NoOp;NoOp;NoOp;NoOp;NoOp;Move(E);Move(S);NoOp
32855102039:NoOp;NoOp;NoOp;NoOp;NoOp;NoOp;NoOp;NoOp;Move(S);NoOp
32951172739:NoOp;NoOp;NoOp;NoOp;NoOp;NoOp;NoOp;Move(W);Move(W);NoOp
33042610472:NoOp;NoOp;NoOp;NoOp;NoOp;NoOp;NoOp;NoOp;NoOp;NoOp
33182292689:NoOp;NoOp;NoOp;NoOp;NoOp;NoOp;NoOp;NoOp;NoOp;NoOp
33277962634:NoOp;NoOp;NoOp;NoOp;NoOp;NoOp;NoOp;Move(E);NoOp;NoOp
33369953589:NoOp;NoOp;NoOp;NoOp;NoOp;NoOp;NoOp;NoOp;NoOp;NoOp
33494672337:NoOp;NoOp;NoOp;NoOp;NoOp;NoOp;NoOp;Move(W);Move(E);NoOp
33586986091:NoOp;NoOp;NoOp;NoOp;NoOp;NoOp;NoOp;NoOp;Move(N);NoOp
33680756009:NoOp;NoOp;NoOp;NoOp;NoOp;NoOp;NoOp;NoOp;Move(N);NoOp
33797919120:NoOp;NoOp;NoOp;NoOp;NoOp;NoOp;NoOp;NoOp;NoOp;NoOp
33897554852:NoOp;NoOp;NoOp;NoOp;NoOp;NoOp;NoOp;Move(E);Move(S);NoOp
33994541158:NoOp;NoOp;NoOp;NoOp;NoOp;NoOp;NoOp;NoOp;Move(S);NoOp
34090703786:NoOp;NoOp;NoOp;NoOp;NoOp;NoOp;NoOp;Move(W);Move(W);NoOp
34183414877:NoOp;NoOp;NoOp;NoOp;NoOp;NoOp;NoOp;NoOp;NoOp;NoOp
34325181429:NoOp;NoOp;NoOp;NoOp;NoOp;NoOp;NoOp;NoOp;NoOp;NoOp
34419695546:NoOp;NoOp;NoOp;NoOp;NoOp;NoOp;NoOp;Move(E);NoOp;NoOp
34517325914:NoOp;NoOp;NoOp;NoOp;NoOp;NoOp;NoOp;NoOp;NoOp;NoOp
34645404970:NoOp;NoOp;NoOp;NoOp;NoOp;NoOp;NoOp;Move(W);Move(E);NoOp
34736739085:NoOp;NoOp;NoOp;NoOp;NoOp;NoOp;NoOp;NoOp;Move(N);NoOp
34828790385:NoOp;NoOp;NoOp;NoOp;NoOp;NoOp;NoOp;NoOp;Move(N);NoOp
34944494466:NoOp;NoOp;NoOp;NoOp;NoOp;NoOp;NoOp;NoOp;NoOp;NoOp
35040992235:NoOp;NoOp;NoOp;NoOp;NoOp;NoOp;NoOp;Move(E);Move(S);NoOp
35137426603:NoOp;NoOp;NoOp;NoOp;NoOp;NoOp;NoOp;NoOp;Move(S);NoOp
35234213513:NoOp;NoOp;NoOp;NoOp;NoOp;NoOp;NoOp;Move(W);Move(W);NoOp
35326681849:NoOp;NoOp;NoOp;NoOp;NoOp;NoOp;NoOp;NoOp;NoOp;NoOp
35466405842:NoOp;NoOp;NoOp;NoOp;NoOp;NoOp;NoOp;NoOp;NoOp;NoOp
35559153122:NoOp;NoOp;NoOp;NoOp;NoOp;NoOp;NoOp;Move(E);NoOp;NoOp
35652030461:NoOp;NoOp;NoOp;NoOp;NoOp;NoOp;NoOp;NoOp;NoOp;NoOp
35777883496:NoOp;NoOp;NoOp;NoOp;NoOp;NoOp;NoOp;Move(W);Move(E);NoOp
35869474754:NoOp;NoOp;NoOp;NoOp;NoOp;NoOp;NoOp;NoOp;Move(N);NoOp
35961590963:NoOp;NoOp;NoOp;NoOp;NoOp;NoOp;NoOp;NoOp;Move(N);NoOp
36077342289:NoOp;NoOp;NoOp;NoOp;NoOp;NoOp;NoOp;NoOp;NoOp;NoOp
36171951250:NoOp;NoOp;NoOp;NoOp;NoOp;NoOp;NoOp;Move(E);Move(S);NoOp
36268877471:NoOp;NoOp;NoOp;NoOp;NoOp;NoOp;NoOp;NoOp;Move(S);NoOp
36370335668:NoOp;NoOp;NoOp;NoOp;NoOp;NoOp;NoOp;Move(W);Move(W);NoOp
36461466805:NoOp;NoOp;NoOp;NoOp;NoOp;NoOp;NoOp;NoOp;NoOp;NoOp
36602541051:NoOp;NoOp;NoOp;NoOp;NoOp;NoOp;NoOp;NoOp;NoOp;NoOp
36695708267:NoOp;NoOp;NoOp;NoOp;NoOp;NoOp;NoOp;Move(E);NoOp;NoOp
36787242238:NoOp;NoOp;NoOp;NoOp;NoOp;NoOp;NoOp;NoOp;NoOp;NoOp
36907276001:NoOp;NoOp;NoOp;NoOp;NoOp;NoOp;NoOp;Move(W);Move(E);NoOp
37004910477:NoOp;NoOp;NoOp;NoOp;NoOp;NoOp;NoOp;NoOp;Move(N);NoOp
37096555334:NoOp;NoOp;NoOp;NoOp;NoOp;NoOp;NoOp;NoOp;Move(N);NoOp
37211869916:NoOp;NoOp;NoOp;NoOp;NoOp;NoOp;NoOp;NoOp;NoOp;NoOp
37307491613:NoOp;NoOp;NoOp;NoOp;NoOp;NoOp;NoOp;Move(E);Move(S);NoOp
37401572519:NoOp;NoOp;NoOp;NoOp;NoOp;NoOp;NoOp;NoOp;Move(S);NoOp
37499688713:NoOp;NoOp;NoOp;NoOp;NoOp;NoOp;NoOp;Move(W);Move(W);NoOp
37591036994:NoOp;NoOp;NoOp;NoOp;NoOp;NoOp;NoOp;NoOp;NoOp;NoOp
37747184036:NoOp;NoOp;NoOp;NoOp;NoOp;NoOp;NoOp;NoOp;NoOp;NoOp
37838726154:NoOp;NoOp;NoOp;NoOp;NoOp;NoOp;NoOp;Move(E);NoOp;NoOp
37929700866:NoOp;NoOp;NoOp;NoOp;NoOp;NoOp;NoOp;NoOp;NoOp;NoOp
38052225293:NoOp;NoOp;NoOp;NoOp;NoOp;NoOp;NoOp;Move(W);Move(E);NoOp
38146693076:NoOp;NoOp;NoOp;NoOp;NoOp;NoOp;NoOp;NoOp;Move(N);NoOp
38238074727:NoOp;NoOp;NoOp;NoOp;NoOp;NoOp;NoOp;NoOp;Move(N);NoOp
38352920385:NoOp;NoOp;NoOp;NoOp;NoOp;NoOp;NoOp;NoOp;NoOp;NoOp
38447195935:NoOp;NoOp;NoOp;NoOp;NoOp;NoOp;NoOp;Move(E);Move(S);NoOp
38541070008:NoOp;NoOp;NoOp;NoOp;NoOp;NoOp;NoOp;NoOp;Move(S);NoOp
38636718790:NoOp;NoOp;NoOp;NoOp;NoOp;NoOp;NoOp;Move(W);Move(W);NoOp
38731006161:NoOp;NoOp;NoOp;NoOp;NoOp;NoOp;NoOp;NoOp;NoOp;NoOp
38870086676:NoOp;NoOp;NoOp;NoOp;NoOp;NoOp;NoOp;NoOp;NoOp;NoOp
38964174152:NoOp;NoOp;NoOp;NoOp;NoOp;NoOp;NoOp;Move(E);NoOp;NoOp
39058217761:NoOp;NoOp;NoOp;NoOp;NoOp;NoOp;NoOp;NoOp;NoOp;NoOp
39180562202:NoOp;NoOp;NoOp;NoOp;NoOp;NoOp;NoOp;Move(W);Move(E);NoOp
39275327244:NoOp;NoOp;NoOp;NoOp;NoOp;NoOp;NoOp;NoOp;Move(N);NoOp
39367591106:NoOp;NoOp;NoOp;NoOp;NoOp;NoOp;NoOp;NoOp;Move(N);NoOp
39482810882:NoOp;NoOp;NoOp;NoOp;NoOp;NoOp;NoOp;NoOp;NoOp;NoOp
39577222877:NoOp;NoOp;NoOp;NoOp;NoOp;NoOp;NoOp;Move(E);Move(S);NoOp
39672885181:NoOp;NoOp;NoOp;NoOp;NoOp;NoOp;NoOp;NoOp;Move(S);NoOp
39767589870:NoOp;NoOp;NoOp;NoOp;NoOp;NoOp;NoOp;Move(W);Move(W);NoOp
39859799479:NoOp;NoOp;NoOp;NoOp;NoOp;NoOp;NoOp;NoOp;NoOp;NoOp
40000111185:NoOp;NoOp;NoOp;NoOp;NoOp;NoOp;NoOp;NoOp;NoOp;NoOp
40092635287:NoOp;NoOp;NoOp;NoOp;NoOp;NoOp;NoOp;Move(E);NoOp;NoOp
40185032829:NoOp;NoOp;NoOp;NoOp;NoOp;NoOp;NoOp;NoOp;NoOp;NoOp
40310381743:NoOp;NoOp;NoOp;NoOp;NoOp;NoOp;NoOp;Move(W);Move(E);NoOp
40405274515:NoOp;NoOp;NoOp;NoOp;NoOp;NoOp;NoOp;NoOp;Move(N);NoOp
40500597628:NoOp;NoOp;NoOp;NoOp;NoOp;NoOp;NoOp;NoOp;Move(N);NoOp
40616054965:NoOp;NoOp;NoOp;NoOp;NoOp;NoOp;NoOp;NoOp;NoOp;NoOp
40712446336:NoOp;NoOp;NoOp;NoOp;NoOp;NoOp;NoOp;Move(E);Move(S);NoOp
40806473824:NoOp;NoOp;NoOp;NoOp;NoOp;NoOp;NoOp;NoOp;Move(S);NoOp
40902109575:NoOp;NoOp;NoOp;NoOp;NoOp;NoOp;NoOp;Move(W);Move(W);NoOp
40994462907:NoOp;NoOp;NoOp;NoOp;NoOp;NoOp;NoOp;NoOp;NoOp;NoOp
41136886530:NoOp;NoOp;NoOp;NoOp;NoOp;NoOp;NoOp;NoOp;NoOp;NoOp
41230665018:NoOp;NoOp;NoOp;NoOp;NoOp;NoOp;NoOp;Move(E);NoOp;NoOp
41329145182:NoOp;NoOp;NoOp;NoOp;NoOp;NoOp;NoOp;NoOp;NoOp;NoOp
41453347936:NoOp;NoOp;NoOp;NoOp;NoOp;NoOp;NoOp;Move(W);Move(E);NoOp
41545726238:NoOp;NoOp;NoOp;NoOp;NoOp;NoOp;NoOp;NoOp;Move(N);NoOp
41638136376:NoOp;NoOp;NoOp;NoOp;NoOp;NoOp;NoOp;NoOp;Move(N);NoOp
41760380483:NoOp;NoOp;NoOp;NoOp;NoOp;NoOp;NoOp;NoOp;NoOp;NoOp
41855360514:NoOp;NoOp;NoOp;NoOp;NoOp;NoOp;NoOp;Move(E);Move(S);NoOp
41952491976:NoOp;NoOp;NoOp;NoOp;NoOp;NoOp;NoOp;NoOp;Move(S);NoOp
42047876707:NoOp;NoOp;NoOp;NoOp;NoOp;NoOp;NoOp;Move(W);Move(W);NoOp
42139422606:NoOp;NoOp;NoOp;NoOp;NoOp;NoOp;NoOp;NoOp;NoOp;NoOp
42283052999:NoOp;NoOp;NoOp;NoOp;NoOp;NoOp;NoOp;NoOp;NoOp;NoOp
42379471385:NoOp;NoOp;NoOp;NoOp;NoOp;NoOp;NoOp;Move(E);NoOp;NoOp
42470529874:NoOp;NoOp;NoOp;NoOp;NoOp;NoOp;NoOp;NoOp;NoOp;NoOp
42594895478:NoOp;NoOp;NoOp;NoOp;NoOp;NoOp;NoOp;Move(W);Move(E);NoOp
42686877912:NoOp;NoOp;NoOp;NoOp;NoOp;NoOp;NoOp;NoOp;Move(N);NoOp
42778475322:NoOp;NoOp;NoOp;NoOp;NoOp;NoOp;NoOp;NoOp;Move(N);NoOp
42893510267:NoOp;NoOp;NoOp;NoOp;NoOp;NoOp;NoOp;NoOp;NoOp;NoOp
42993017762:NoOp;NoOp;NoOp;NoOp;NoOp;NoOp;NoOp;Move(E);Move(S);NoOp
43086692898:NoOp;NoOp;NoOp;NoOp;NoOp;NoOp;NoOp;NoOp;Move(S);NoOp
43184884223:NoOp;NoOp;NoOp;NoOp;NoOp;NoOp;NoOp;Move(W);Move(W);NoOp
43279254609:NoOp;NoOp;NoOp;NoOp;NoOp;NoOp;NoOp;NoOp;NoOp;NoOp
43418192070:NoOp;NoOp;NoOp;NoOp;NoOp;NoOp;NoOp;NoOp;NoOp;NoOp
43512031144:NoOp;NoOp;NoOp;NoOp;NoOp;NoOp;NoOp;Move(E);NoOp;NoOp
43607488080:NoOp;NoOp;NoOp;NoOp;NoOp;NoOp;NoOp;NoOp;NoOp;NoOp
43731590517:NoOp;NoOp;NoOp;NoOp;NoOp;NoOp;NoOp;Move(W);Move(E);NoOp
43821819570:NoOp;NoOp;NoOp;NoOp;NoOp;NoOp;NoOp;NoOp;Move(N);NoOp
43913212325:NoOp;NoOp;NoOp;NoOp;NoOp;NoOp;NoOp;NoOp;Move(N);NoOp
44029519598:NoOp;NoOp;NoOp;NoOp;NoOp;NoOp;NoOp;NoOp;NoOp;NoOp
44122843132:NoOp;NoOp;NoOp;NoOp;NoOp;NoOp;NoOp;Move(E);Move(S);NoOp
44221254633:NoOp;NoOp;NoOp;NoOp;NoOp;NoOp;NoOp;NoOp;Move(S);NoOp
44317626316:NoOp;NoOp;NoOp;NoOp;NoOp;NoOp;NoOp;Move(W);Move(W);NoOp
44409662108:NoOp;NoOp;NoOp;NoOp;NoOp;NoOp;NoOp;NoOp;NoOp;NoOp
44555065662:NoOp;NoOp;NoOp;NoOp;NoOp;NoOp;NoOp;NoOp;NoOp;NoOp
44648052398:NoOp;NoOp;NoOp;NoOp;NoOp;NoOp;NoOp;Move(E);NoOp;NoOp
44740705554:NoOp;NoOp;NoOp;NoOp;NoOp;NoOp;NoOp;NoOp;NoOp;NoOp
44865903711:NoOp;NoOp;NoOp;NoOp;NoOp;NoOp;NoOp;Move(W);Move(E);NoOp
44958549625:NoOp;NoOp;NoOp;NoOp;NoOp;NoOp;NoOp;NoOp;Move(N);NoOp
45050734927:NoOp;NoOp;NoOp;NoOp;NoOp;NoOp;NoOp;NoOp;Move(N);NoOp
45167010511:NoOp;NoOp;NoOp;NoOp;NoOp;NoOp;NoOp;NoOp;NoOp;NoOp
45263253233:NoOp;NoOp;NoOp;NoOp;NoOp;NoOp;NoOp;Move(E);Move(S);NoOp
45361251801:NoOp;NoOp;NoOp;NoOp;NoOp;NoOp;NoOp;NoOp;Move(S);NoOp
45456292705:NoOp;NoOp;NoOp;NoOp;NoOp;NoOp;NoOp;Move(W);Move(W);NoOp
45549374437:NoOp;NoOp;NoOp;NoOp;NoOp;NoOp;NoOp;NoOp;NoOp;NoOp
45691053819:NoOp;NoOp;NoOp;NoOp;NoOp;NoOp;NoOp;NoOp;NoOp;NoOp
45784776530:NoOp;NoOp;NoOp;NoOp;NoOp;NoOp;NoOp;Move(E);NoOp;NoOp
45881516253:NoOp;NoOp;NoOp;NoOp;NoOp;NoOp;NoOp;NoOp;NoOp;NoOp
46004378200:NoOp;NoOp;NoOp;NoOp;NoOp;NoOp;NoOp;Move(W);Move(E);NoOp
46103171050:NoOp;NoOp;NoOp;NoOp;NoOp;NoOp;NoOp;NoOp;Move(N);NoOp
46196389061:NoOp;NoOp;NoOp;NoOp;NoOp;NoOp;NoOp;NoOp;Move(N);NoOp
46320631626:NoOp;NoOp;NoOp;NoOp;NoOp;NoOp;NoOp;NoOp;NoOp;NoOp
46415609007:NoOp;NoOp;NoOp;NoOp;NoOp;NoOp;NoOp;Move(E);Move(S);NoOp
46511340155:NoOp;NoOp;NoOp;NoOp;NoOp;NoOp;NoOp;NoOp;Move(S);NoOp
46611484730:NoOp;NoOp;NoOp;NoOp;NoOp;NoOp;NoOp;Move(W);Move(W);NoOp
46704610668:NoOp;NoOp;NoOp;NoOp;NoOp;NoOp;NoOp;NoOp;NoOp;NoOp
46846213655:NoOp;NoOp;NoOp;NoOp;NoOp;NoOp;NoOp;NoOp;NoOp;NoOp
46940720092:NoOp;NoOp;NoOp;NoOp;NoOp;NoOp;NoOp;Move(E);NoOp;NoOp
47031869929:NoOp;NoOp;NoOp;NoOp;NoOp;NoOp;NoOp;NoOp;NoOp;NoOp
47153167661:NoOp;NoOp;NoOp;NoOp;NoOp;NoOp;NoOp;Move(W);Move(E);NoOp
47249183116:NoOp;NoOp;NoOp;NoOp;NoOp;NoOp;NoOp;NoOp;Move(N);NoOp
47341091359:NoOp;NoOp;NoOp;NoOp;NoOp;NoOp;NoOp;NoOp;Move(N);NoOp
47457028394:NoOp;NoOp;NoOp;NoOp;NoOp;NoOp;NoOp;NoOp;NoOp;NoOp
47553376706:NoOp;NoOp;NoOp;NoOp;NoOp;NoOp;NoOp;Move(E);Move(S);NoOp
47648893085:NoOp;NoOp;NoOp;NoOp;NoOp;NoOp;NoOp;NoOp;Move(S);NoOp
47745475457:NoOp;NoOp;NoOp;NoOp;NoOp;NoOp;NoOp;Move(W);Move(W);NoOp
47837776319:NoOp;NoOp;NoOp;NoOp;NoOp;NoOp;NoOp;NoOp;NoOp;NoOp
47977679241:NoOp;NoOp;NoOp;NoOp;NoOp;NoOp;NoOp;NoOp;NoOp;NoOp
48070100549:NoOp;NoOp;NoOp;NoOp;NoOp;NoOp;NoOp;Move(E);NoOp;NoOp
48161460808:NoOp;NoOp;NoOp;NoOp;NoOp;NoOp;NoOp;NoOp;NoOp;NoOp
48280106859:NoOp;NoOp;NoOp;NoOp;NoOp;NoOp;NoOp;Move(W);Move(E);NoOp
48385131209:NoOp;NoOp;NoOp;NoOp;NoOp;NoOp;NoOp;NoOp;Move(N);NoOp
48477716202:NoOp;NoOp;NoOp;NoOp;NoOp;NoOp;NoOp;NoOp;Move(N);NoOp
48605660724:NoOp;NoOp;NoOp;NoOp;NoOp;NoOp;NoOp;NoOp;NoOp;NoOp
48702314310:NoOp;NoOp;NoOp;NoOp;NoOp;NoOp;NoOp;Move(E);Move(S);NoOp
48797268365:NoOp;NoOp;NoOp;NoOp;NoOp;NoOp;NoOp;NoOp;Move(S);NoOp
48893124257:NoOp;NoOp;NoOp;NoOp;NoOp;NoOp;NoOp;Move(W);Move(W);NoOp
48989843797:NoOp;NoOp;NoOp;NoOp;NoOp;NoOp;NoOp;NoOp;NoOp;NoOp
49129352255:NoOp;NoOp;NoOp;NoOp;NoOp;NoOp;NoOp;NoOp;NoOp;NoOp
49224707018:NoOp;NoOp;NoOp;NoOp;NoOp;NoOp;NoOp;Move(E);NoOp;NoOp
49316796765:NoOp;NoOp;NoOp;NoOp;NoOp;NoOp;NoOp;NoOp;NoOp;NoOp
49440994001:NoOp;NoOp;NoOp;NoOp;NoOp;NoOp;NoOp;Move(W);Move(E);NoOp
49533186480:NoOp;NoOp;NoOp;NoOp;NoOp;NoOp;NoOp;NoOp;Move(N);NoOp
49624816391:NoOp;NoOp;NoOp;NoOp;NoOp;NoOp;NoOp;NoOp;Move(N);NoOp
49740750222:NoOp;NoOp;NoOp;NoOp;NoOp;NoOp;NoOp;NoOp;NoOp;NoOp
49834796124:NoOp;NoOp;NoOp;NoOp;NoOp;NoOp;NoOp;Move(E);Move(S);NoOp
49934669002:NoOp;NoOp;NoOp;NoOp;NoOp;NoOp;NoOp;NoOp;Move(S);NoOp
50030203545:NoOp;NoOp;NoOp;NoOp;NoOp;NoOp;NoOp;Move(W);Move(W);NoOp
50122052750:NoOp;NoOp;NoOp;NoOp;NoOp;NoOp;NoOp;NoOp;NoOp;NoOp
50268090932:NoOp;NoOp;NoOp;NoOp;NoOp;NoOp;NoOp;NoOp;NoOp;NoOp
50361700294:NoOp;NoOp;NoOp;NoOp;NoOp;NoOp;NoOp;Move(E);NoOp;NoOp
50454663334:NoOp;NoOp;NoOp;NoOp;NoOp;NoOp;NoOp;NoOp;NoOp;NoOp
50573403371:NoOp;NoOp;NoOp;NoOp;NoOp;NoOp;NoOp;Move(W);Move(E);NoOp
50671959270:NoOp;NoOp;NoOp;NoOp;NoOp;NoOp;NoOp;NoOp;Move(N);NoOp
50769586544:NoOp;NoOp;NoOp;NoOp;NoOp;NoOp;NoOp;NoOp;Move(N);NoOp
50885223830:NoOp;NoOp;NoOp;NoOp;NoOp;NoOp;NoOp;NoOp;NoOp;NoOp
50979649108:NoOp;NoOp;NoOp;NoOp;NoOp;NoOp;NoOp;Move(E);Move(S);NoOp
51073301367:NoOp;NoOp;NoOp;NoOp;NoOp;NoOp;NoOp;NoOp;Move(S);NoOp
51168482020:NoOp;NoOp;NoOp;NoOp;NoOp;NoOp;NoOp;Move(W);Move(W);NoOp
51278021052:NoOp;NoOp;NoOp;NoOp;NoOp;NoOp;NoOp;NoOp;NoOp;NoOp
51427035984:NoOp;NoOp;NoOp;NoOp;NoOp;NoOp;NoOp;NoOp;NoOp;NoOp
51520967389:NoOp;NoOp;NoOp;NoOp;NoOp;NoOp;NoOp;Move(E);NoOp;NoOp
51613453351:NoOp;NoOp;NoOp;NoOp;NoOp;NoOp;NoOp;NoOp;NoOp;NoOp
51740442081:NoOp;NoOp;NoOp;NoOp;NoOp;NoOp;NoOp;Move(W);Move(E);NoOp
51832118942:NoOp;NoOp;NoOp;NoOp;NoOp;NoOp;NoOp;NoOp;Move(N);NoOp
51925328075:NoOp;NoOp;NoOp;NoOp;NoOp;NoOp;NoOp;NoOp;Move(N);NoOp
52042990781:NoOp;NoOp;NoOp;NoOp;NoOp;NoOp;NoOp;NoOp;NoOp;NoOp
52136674758:NoOp;NoOp;NoOp;NoOp;NoOp;NoOp;NoOp;Move(E);Move(S);NoOp
52231851323:NoOp;NoOp;NoOp;NoOp;NoOp;NoOp;NoOp;NoOp;Move(S);NoOp
52325622990:NoOp;NoOp;NoOp;NoOp;NoOp;NoOp;NoOp;Move(W);Move(W);NoOp
52416331665:NoOp;NoOp;NoOp;NoOp;NoOp;NoOp;NoOp;NoOp;NoOp;NoOp
52554361561:NoOp;NoOp;NoOp;NoOp;NoOp;NoOp;NoOp;NoOp;NoOp;NoOp
52650737598:NoOp;NoOp;NoOp;NoOp;NoOp;NoOp;NoOp;Move(E);NoOp;NoOp
52745079490:NoOp;NoOp;NoOp;NoOp;NoOp;NoOp;NoOp;NoOp;NoOp;NoOp
52869644144:NoOp;NoOp;NoOp;NoOp;NoOp;NoOp;NoOp;Move(W);Move(E);NoOp
52963512080:NoOp;NoOp;NoOp;NoOp;NoOp;NoOp;NoOp;NoOp;Move(N);NoOp
53054842579:NoOp;NoOp;NoOp;NoOp;NoOp;NoOp;NoOp;NoOp;Move(N);NoOp
53169642839:NoOp;NoOp;NoOp;NoOp;NoOp;NoOp;NoOp;NoOp;NoOp;NoOp
53264331505:NoOp;NoOp;NoOp;NoOp;NoOp;NoOp;NoOp;Move(E);Move(S);NoOp
53358375406:NoOp;NoOp;NoOp;NoOp;NoOp;NoOp;NoOp;NoOp;Move(S);NoOp
53453727988:NoOp;NoOp;NoOp;NoOp;NoOp;NoOp;NoOp;Move(W);Move(W);NoOp
53545624583:NoOp;NoOp;NoOp;NoOp;NoOp;NoOp;NoOp;NoOp;NoOp;NoOp
53684665667:NoOp;NoOp;NoOp;NoOp;NoOp;NoOp;NoOp;NoOp;NoOp;NoOp
53781482209:NoOp;NoOp;NoOp;NoOp;NoOp;NoOp;NoOp;Move(E);NoOp;NoOp
53872055972:NoOp;NoOp;NoOp;NoOp;NoOp;NoOp;NoOp;NoOp;NoOp;NoOp
54001189626:NoOp;NoOp;NoOp;NoOp;NoOp;NoOp;NoOp;Move(W);Move(E);NoOp
54099448278:NoOp;NoOp;NoOp;NoOp;NoOp;NoOp;NoOp;NoOp;Move(N);NoOp
54190530059:NoOp;NoOp;NoOp;NoOp;NoOp;NoOp;NoOp;NoOp;Move(N);NoOp
54309048973:NoOp;NoOp;NoOp;NoOp;NoOp;NoOp;NoOp;NoOp;NoOp;NoOp
54407464908:NoOp;NoOp;NoOp;NoOp;NoOp;NoOp;NoOp;Move(E);Move(S);NoOp
54502830812:NoOp;NoOp;NoOp;NoOp;NoOp;NoOp;NoOp;NoOp;Move(S);NoOp
54597598650:NoOp;NoOp;NoOp;NoOp;NoOp;NoOp;NoOp;Move(W);Move(W);NoOp
54689682658:NoOp;NoOp;NoOp;NoOp;NoOp;NoOp;NoOp;NoOp;NoOp;NoOp
54830990254:NoOp;NoOp;NoOp;NoOp;NoOp;NoOp;NoOp;NoOp;NoOp;NoOp
54930085189:NoOp;NoOp;NoOp;NoOp;NoOp;NoOp;NoOp;Move(E);NoOp;NoOp
55024969425:NoOp;NoOp;NoOp;NoOp;NoOp;NoOp;NoOp;NoOp;NoOp;NoOp
55147622560:NoOp;NoOp;NoOp;NoOp;NoOp;NoOp;NoOp;Move(W);Move(E);NoOp
55239320715:NoOp;NoOp;NoOp;NoOp;NoOp;NoOp;NoOp;NoOp;Move(N);NoOp
55335437678:NoOp;NoOp;NoOp;NoOp;NoOp;NoOp;NoOp;NoOp;Move(N);NoOp
55453195057:NoOp;NoOp;NoOp;NoOp;NoOp;NoOp;NoOp;NoOp;NoOp;NoOp
55547469545:NoOp;NoOp;NoOp;NoOp;NoOp;NoOp;NoOp;Move(E);Move(S);NoOp
55641359418:NoOp;NoOp;NoOp;NoOp;NoOp;NoOp;NoOp;NoOp;Move(S);NoOp
55736257384:NoOp;NoOp;NoOp;NoOp;NoOp;NoOp;NoOp;Move(W);Move(W);NoOp
55828208605:NoOp;NoOp;NoOp;NoOp;NoOp;NoOp;NoOp;NoOp;NoOp;NoOp
55968259821:NoOp;NoOp;NoOp;NoOp;NoOp;NoOp;NoOp;NoOp;NoOp;NoOp
56060224105:NoOp;NoOp;NoOp;NoOp;NoOp;NoOp;NoOp;Move(E);NoOp;NoOp
56150611475:NoOp;NoOp;NoOp;NoOp;NoOp;NoOp;NoOp;NoOp;NoOp;NoOp
56274313689:NoOp;NoOp;NoOp;NoOp;NoOp;NoOp;NoOp;Move(W);Move(E);NoOp
56368510778:NoOp;NoOp;NoOp;NoOp;NoOp;NoOp;NoOp;NoOp;Move(N);NoOp
56459195009:NoOp;NoOp;NoOp;NoOp;NoOp;NoOp;NoOp;NoOp;Move(N);NoOp
56574786527:NoOp;NoOp;NoOp;NoOp;NoOp;NoOp;NoOp;NoOp;NoOp;NoOp
56673218271:NoOp;NoOp;NoOp;NoOp;NoOp;NoOp;NoOp;Move(E);Move(S);NoOp
56768896687:NoOp;NoOp;NoOp;NoOp;NoOp;NoOp;NoOp;NoOp;Move(S);NoOp
56865453446:NoOp;NoOp;NoOp;NoOp;NoOp;NoOp;NoOp;Move(W);Move(W);NoOp
56957456322:NoOp;NoOp;NoOp;NoOp;NoOp;NoOp;NoOp;NoOp;NoOp;NoOp
57096613698:NoOp;NoOp;NoOp;NoOp;NoOp;NoOp;NoOp;NoOp;NoOp;NoOp
57188889359:NoOp;NoOp;NoOp;NoOp;NoOp;NoOp;NoOp;Move(E);NoOp;NoOp
57281451004:NoOp;NoOp;NoOp;NoOp;NoOp;NoOp;NoOp;NoOp;NoOp;NoOp
57401320481:NoOp;NoOp;NoOp;NoOp;NoOp;NoOp;NoOp;Move(W);Move(E);NoOp
57499401076:NoOp;NoOp;NoOp;NoOp;NoOp;NoOp;NoOp;NoOp;Move(N);NoOp
57590189915:NoOp;NoOp;NoOp;NoOp;NoOp;NoOp;NoOp;NoOp;Move(N);NoOp
57704063586:NoOp;NoOp;NoOp;NoOp;NoOp;NoOp;NoOp;NoOp;NoOp;NoOp
57799448220:NoOp;NoOp;NoOp;NoOp;NoOp;NoOp;NoOp;Move(E);Move(S);NoOp
57893570069:NoOp;NoOp;NoOp;NoOp;NoOp;NoOp;NoOp;NoOp;Move(S);NoOp
57997650562:NoOp;NoOp;NoOp;NoOp;NoOp;NoOp;NoOp;Move(W);Move(W);NoOp
58088039602:NoOp;NoOp;NoOp;NoOp;NoOp;NoOp;NoOp;NoOp;NoOp;NoOp
58228974170:NoOp;NoOp;NoOp;NoOp;NoOp;NoOp;NoOp;NoOp;NoOp;NoOp
58321404581:NoOp;NoOp;NoOp;NoOp;NoOp;NoOp;NoOp;Move(E);NoOp;NoOp
58413426951:NoOp;NoOp;NoOp;NoOp;NoOp;NoOp;NoOp;NoOp;NoOp;NoOp
58536920818:NoOp;NoOp;NoOp;NoOp;NoOp;NoOp;NoOp;Move(W);Move(E);NoOp
58631300653:NoOp;NoOp;NoOp;NoOp;NoOp;NoOp;NoOp;NoOp;Move(N);NoOp
58722907916:NoOp;NoOp;NoOp;NoOp;NoOp;NoOp;NoOp;NoOp;Move(N);NoOp
58839465153:NoOp;NoOp;NoOp;NoOp;NoOp;NoOp;NoOp;NoOp;NoOp;NoOp
58934287053:NoOp;NoOp;NoOp;NoOp;NoOp;NoOp;NoOp;Move(E);Move(S);NoOp
59030486411:NoOp;NoOp;NoOp;NoOp;NoOp;NoOp;NoOp;NoOp;Move(S);NoOp
59126466482:NoOp;NoOp;NoOp;NoOp;NoOp;NoOp;NoOp;Move(W);Move(W);NoOp
59225540887:NoOp;NoOp;NoOp;NoOp;NoOp;NoOp;NoOp;NoOp;NoOp;NoOp
59383962028:NoOp;NoOp;NoOp;NoOp;NoOp;NoOp;NoOp;NoOp;NoOp;NoOp
59476911874:NoOp;NoOp;NoOp;NoOp;NoOp;NoOp;NoOp;Move(E);NoOp;NoOp
59569957787:NoOp;NoOp;NoOp;NoOp;NoOp;NoOp;NoOp;NoOp;NoOp;NoOp
59696786206:NoOp;NoOp;NoOp;NoOp;NoOp;NoOp;NoOp;Move(W);Move(E);NoOp
59795115200:NoOp;NoOp;NoOp;NoOp;NoOp;NoOp;NoOp;NoOp;Move(N);NoOp
59888183743:NoOp;NoOp;NoOp;NoOp;NoOp;NoOp;NoOp;NoOp;Move(N);NoOp
60005278842:NoOp;NoOp;NoOp;NoOp;NoOp;NoOp;NoOp;NoOp;NoOp;NoOp
60101590526:NoOp;NoOp;NoOp;NoOp;NoOp;NoOp;NoOp;Move(E);Move(S);NoOp
60197791859:NoOp;NoOp;NoOp;NoOp;NoOp;NoOp;NoOp;NoOp;Move(S);NoOp
60296396483:NoOp;NoOp;NoOp;NoOp;NoOp;NoOp;NoOp;Move(W);Move(W);NoOp
60394414210:NoOp;NoOp;NoOp;NoOp;NoOp;NoOp;NoOp;NoOp;NoOp;NoOp
60535257550:NoOp;NoOp;NoOp;NoOp;NoOp;NoOp;NoOp;NoOp;NoOp;NoOp
60629898194:NoOp;NoOp;NoOp;NoOp;NoOp;NoOp;NoOp;Move(E);NoOp;NoOp
60726276358:NoOp;NoOp;NoOp;NoOp;NoOp;NoOp;NoOp;NoOp;NoOp;NoOp
60852314100:NoOp;NoOp;NoOp;NoOp;NoOp;NoOp;NoOp;Move(W);Move(E);NoOp
60945786598:NoOp;NoOp;NoOp;NoOp;NoOp;NoOp;NoOp;NoOp;Move(N);NoOp
61042016320:NoOp;NoOp;NoOp;NoOp;NoOp;NoOp;NoOp;NoOp;Move(N);NoOp
61159861491:NoOp;NoOp;NoOp;NoOp;NoOp;NoOp;NoOp;NoOp;NoOp;NoOp
61258330032:NoOp;NoOp;NoOp;NoOp;NoOp;NoOp;NoOp;Move(E);Move(S);NoOp
61359225944:NoOp;NoOp;NoOp;NoOp;NoOp;NoOp;NoOp;NoOp;Move(S);NoOp
61455550367:NoOp;NoOp;NoOp;NoOp;NoOp;NoOp;NoOp;Move(W);Move(W);NoOp
61548997455:NoOp;NoOp;NoOp;NoOp;NoOp;NoOp;NoOp;NoOp;NoOp;NoOp
61694268766:NoOp;NoOp;NoOp;NoOp;NoOp;NoOp;NoOp;NoOp;NoOp;NoOp
61788071492:NoOp;NoOp;NoOp;NoOp;NoOp;NoOp;NoOp;Move(E);NoOp;NoOp
61882645437:NoOp;NoOp;NoOp;NoOp;NoOp;NoOp;NoOp;NoOp;NoOp;NoOp
62003828027:NoOp;NoOp;NoOp;NoOp;NoOp;NoOp;NoOp;Move(W);Move(E);NoOp
62105050919:NoOp;NoOp;NoOp;NoOp;NoOp;NoOp;NoOp;NoOp;Move(N);NoOp
62200503653:NoOp;NoOp;NoOp;NoOp;NoOp;NoOp;NoOp;NoOp;Move(N);NoOp
62318150294:NoOp;NoOp;NoOp;NoOp;NoOp;NoOp;NoOp;NoOp;NoOp;NoOp
62412276136:NoOp;NoOp;NoOp;NoOp;NoOp;NoOp;NoOp;Move(E);Move(S);NoOp
62506697916:NoOp;NoOp;NoOp;NoOp;NoOp;NoOp;NoOp;NoOp;Move(S);NoOp
62602506013:NoOp;NoOp;NoOp;NoOp;NoOp;NoOp;NoOp;Move(W);Move(W);NoOp
62693991069:NoOp;NoOp;NoOp;NoOp;NoOp;NoOp;NoOp;NoOp;NoOp;NoOp
62840278624:NoOp;NoOp;NoOp;NoOp;NoOp;NoOp;NoOp;NoOp;NoOp;NoOp
62933027046:NoOp;NoOp;NoOp;NoOp;NoOp;NoOp;NoOp;Move(E);NoOp;NoOp
63024288045:NoOp;NoOp;NoOp;NoOp;NoOp;NoOp;NoOp;NoOp;NoOp;NoOp
63146348902:NoOp;NoOp;NoOp;NoOp;NoOp;NoOp;NoOp;Move(W);Move(E);NoOp
63238949615:NoOp;NoOp;NoOp;NoOp;NoOp;NoOp;NoOp;NoOp;Move(N);NoOp
63329945528:NoOp;NoOp;NoOp;NoOp;NoOp;NoOp;NoOp;NoOp;Move(N);NoOp
63452908159:NoOp;NoOp;NoOp;NoOp;NoOp;NoOp;NoOp;NoOp;NoOp;NoOp
63547437603:NoOp;NoOp;NoOp;NoOp;NoOp;NoOp;NoOp;Move(E);Move(S);NoOp
63641096934:NoOp;NoOp;NoOp;NoOp;NoOp;NoOp;NoOp;NoOp;Move(S);NoOp
63736510106:NoOp;NoOp;NoOp;NoOp;NoOp;NoOp;NoOp;Move(W);Move(W);NoOp
63828887820:NoOp;NoOp;NoOp;NoOp;NoOp;NoOp;NoOp;NoOp;NoOp;NoOp
63971227862:NoOp;NoOp;NoOp;NoOp;NoOp;NoOp;NoOp;NoOp;NoOp;NoOp
64068644640:NoOp;NoOp;NoOp;NoOp;NoOp;NoOp;NoOp;Move(E);NoOp;NoOp
64160637872:NoOp;NoOp;NoOp;NoOp;NoOp;NoOp;NoOp;NoOp;NoOp;NoOp
64279747031:NoOp;NoOp;NoOp;NoOp;NoOp;NoOp;NoOp;Move(W);Move(E);NoOp
64377884180:NoOp;NoOp;NoOp;NoOp;NoOp;NoOp;NoOp;NoOp;Move(N);NoOp
64468766523:NoOp;NoOp;NoOp;NoOp;NoOp;NoOp;NoOp;NoOp;Move(N);NoOp
64585040845:NoOp;NoOp;NoOp;NoOp;NoOp;NoOp;NoOp;NoOp;NoOp;NoOp
64682078547:NoOp;NoOp;NoOp;NoOp;NoOp;NoOp;NoOp;Move(E);Move(S);NoOp
64775850616:NoOp;NoOp;NoOp;NoOp;NoOp;NoOp;NoOp;NoOp;Move(S);NoOp
64874975513:NoOp;NoOp;NoOp;NoOp;NoOp;NoOp;NoOp;Move(W);Move(W);NoOp
64964989830:NoOp;NoOp;NoOp;NoOp;NoOp;NoOp;NoOp;NoOp;NoOp;NoOp
65103402247:NoOp;NoOp;NoOp;NoOp;NoOp;NoOp;NoOp;NoOp;NoOp;NoOp
65196806866:NoOp;NoOp;NoOp;NoOp;NoOp;NoOp;NoOp;Move(E);NoOp;NoOp
65292876887:NoOp;NoOp;NoOp;NoOp;NoOp;NoOp;NoOp;NoOp;NoOp;NoOp
65415874310:NoOp;NoOp;NoOp;NoOp;NoOp;NoOp;NoOp;Move(W);Move(E);NoOp
65507193641:NoOp;NoOp;NoOp;NoOp;NoOp;NoOp;NoOp;NoOp;Move(N);NoOp
65599012046:NoOp;NoOp;NoOp;NoOp;NoOp;NoOp;NoOp;NoOp;Move(N);NoOp
65713105151:NoOp;NoOp;NoOp;NoOp;NoOp;NoOp;NoOp;NoOp;NoOp;NoOp
65806482059:NoOp;NoOp;NoOp;NoOp;NoOp;NoOp;NoOp;Move(E);Move(S);NoOp
65903967574:NoOp;NoOp;NoOp;NoOp;NoOp;NoOp;NoOp;NoOp;Move(S);NoOp
65997961082:NoOp;NoOp;NoOp;NoOp;NoOp;NoOp;NoOp;Move(W);Move(W);NoOp
66088539761:NoOp;NoOp;NoOp;NoOp;NoOp;NoOp;NoOp;NoOp;NoOp;NoOp
66231724737:NoOp;NoOp;NoOp;NoOp;NoOp;NoOp;NoOp;NoOp;NoOp;NoOp
66330326227:NoOp;NoOp;NoOp;NoOp;NoOp;NoOp;NoOp;Move(E);NoOp;NoOp
66422268425:NoOp;NoOp;NoOp;NoOp;NoOp;NoOp;NoOp;NoOp;NoOp;NoOp
66546511554:NoOp;NoOp;NoOp;NoOp;NoOp;NoOp;NoOp;Move(W);Move(E);NoOp
66637736925:NoOp;NoOp;NoOp;NoOp;NoOp;NoOp;NoOp;NoOp;Move(N);NoOp
66729294808:NoOp;NoOp;NoOp;NoOp;NoOp;NoOp;NoOp;NoOp;Move(N);NoOp
66846619929:NoOp;NoOp;NoOp;NoOp;NoOp;NoOp;NoOp;NoOp;NoOp;NoOp
66941575459:NoOp;NoOp;NoOp;NoOp;NoOp;NoOp;NoOp;Move(E);Move(S);NoOp
67034805145:NoOp;NoOp;NoOp;NoOp;NoOp;NoOp;NoOp;NoOp;Move(S);NoOp
67129138915:NoOp;NoOp;NoOp;NoOp;NoOp;NoOp;NoOp;Move(W);Move(W);NoOp
67221818809:NoOp;NoOp;NoOp;NoOp;NoOp;NoOp;NoOp;NoOp;NoOp;NoOp
67362123303:NoOp;NoOp;NoOp;NoOp;NoOp;NoOp;NoOp;NoOp;NoOp;NoOp
67454059243:NoOp;NoOp;NoOp;NoOp;NoOp;NoOp;NoOp;Move(E);NoOp;NoOp
67549523147:NoOp;NoOp;NoOp;NoOp;NoOp;NoOp;NoOp;NoOp;NoOp;NoOp
67670319051:NoOp;NoOp;NoOp;NoOp;NoOp;NoOp;NoOp;Move(W);Move(E);NoOp
67768217626:NoOp;NoOp;NoOp;NoOp;NoOp;NoOp;NoOp;NoOp;Move(N);NoOp
67860869575:NoOp;NoOp;NoOp;NoOp;NoOp;NoOp;NoOp;NoOp;Move(N);NoOp
67977250305:NoOp;NoOp;NoOp;NoOp;NoOp;NoOp;NoOp;NoOp;NoOp;NoOp
68070826690:NoOp;NoOp;NoOp;NoOp;NoOp;NoOp;NoOp;Move(E);Move(S);NoOp
68165713134:NoOp;NoOp;NoOp;NoOp;NoOp;NoOp;NoOp;NoOp;Move(S);NoOp
68265672915:NoOp;NoOp;NoOp;NoOp;NoOp;NoOp;NoOp;Move(W);Move(W);NoOp
68356977275:NoOp;NoOp;NoOp;NoOp;NoOp;NoOp;NoOp;NoOp;NoOp;NoOp
68496674935:NoOp;NoOp;NoOp;NoOp;NoOp;NoOp;NoOp;NoOp;NoOp;NoOp
68590046713:NoOp;NoOp;NoOp;NoOp;NoOp;NoOp;NoOp;Move(E);NoOp;NoOp
68681933516:NoOp;NoOp;NoOp;NoOp;NoOp;NoOp;NoOp;NoOp;NoOp;NoOp
68807093187:NoOp;NoOp;NoOp;NoOp;NoOp;NoOp;NoOp;Move(W);Move(E);NoOp
68914804586:NoOp;NoOp;NoOp;NoOp;NoOp;NoOp;NoOp;NoOp;Move(N);NoOp
69007652455:NoOp;NoOp;NoOp;NoOp;NoOp;NoOp;NoOp;NoOp;Move(N);NoOp
69123457993:NoOp;NoOp;NoOp;NoOp;NoOp;NoOp;NoOp;NoOp;NoOp;NoOp
69218407057:NoOp;NoOp;NoOp;NoOp;NoOp;NoOp;NoOp;Move(E);Move(S);NoOp
69314793367:NoOp;NoOp;NoOp;NoOp;NoOp;NoOp;NoOp;NoOp;Move(S);NoOp
69410661394:NoOp;NoOp;NoOp;NoOp;NoOp;NoOp;NoOp;Move(W);Move(W);NoOp
69506811235:NoOp;NoOp;NoOp;NoOp;NoOp;NoOp;NoOp;NoOp;NoOp;NoOp
69645117033:NoOp;NoOp;NoOp;NoOp;NoOp;NoOp;NoOp;NoOp;NoOp;NoOp
69737000514:NoOp;NoOp;NoOp;NoOp;NoOp;NoOp;NoOp;Move(E);NoOp;NoOp
69828053816:NoOp;NoOp;NoOp;NoOp;NoOp;NoOp;NoOp;NoOp;NoOp;NoOp
69951693114:NoOp;NoOp;NoOp;NoOp;NoOp;NoOp;NoOp;Move(W);Move(E);NoOp
70045452674:NoOp;NoOp;NoOp;NoOp;NoOp;NoOp;NoOp;NoOp;Move(N);NoOp
70135785099:NoOp;NoOp;NoOp;NoOp;NoOp;NoOp;NoOp;NoOp;Move(N);NoOp
70256945779:NoOp;NoOp;NoOp;NoOp;NoOp;NoOp;NoOp;NoOp;NoOp;NoOp
70351957360:NoOp;NoOp;NoOp;NoOp;NoOp;NoOp;NoOp;Move(E);Move(S);NoOp
70446594023:NoOp;NoOp;NoOp;NoOp;NoOp;NoOp;NoOp;NoOp;Move(S);NoOp
70542324826:NoOp;NoOp;NoOp;NoOp;NoOp;NoOp;NoOp;Move(W);Move(W);NoOp
70635744654:NoOp;NoOp;NoOp;NoOp;NoOp;NoOp;NoOp;NoOp;NoOp;NoOp
70776043824:NoOp;NoOp;NoOp;NoOp;NoOp;NoOp;NoOp;NoOp;NoOp;NoOp
70869748287:NoOp;NoOp;NoOp;NoOp;NoOp;NoOp;NoOp;Move(E);NoOp;NoOp
70963567157:NoOp;NoOp;NoOp;NoOp;NoOp;NoOp;NoOp;NoOp;NoOp;NoOp
71087024584:NoOp;NoOp;NoOp;NoOp;NoOp;NoOp;NoOp;Move(W);Move(E);NoOp
71178849586:NoOp;NoOp;NoOp;NoOp;NoOp;NoOp;NoOp;NoOp;Move(N);NoOp
71278105899:NoOp;NoOp;NoOp;NoOp;NoOp;NoOp;NoOp;NoOp;Move(N);NoOp
71396135156:NoOp;NoOp;NoOp;NoOp;NoOp;NoOp;NoOp;NoOp;NoOp;NoOp
71489483029:NoOp;NoOp;NoOp;NoOp;NoOp;NoOp;NoOp;Move(E);Move(S);NoOp
71588629445:NoOp;NoOp;NoOp;NoOp;NoOp;NoOp;NoOp;NoOp;Move(S);NoOp
71683986999:NoOp;NoOp;NoOp;NoOp;NoOp;NoOp;NoOp;Move(W);Move(W);NoOp
71775370881:NoOp;NoOp;NoOp;NoOp;NoOp;NoOp;NoOp;NoOp;NoOp;NoOp
71921551362:NoOp;NoOp;NoOp;NoOp;NoOp;NoOp;NoOp;NoOp;NoOp;NoOp
72014510385:NoOp;NoOp;NoOp;NoOp;NoOp;NoOp;NoOp;Move(E);NoOp;NoOp
72105527215:NoOp;NoOp;NoOp;NoOp;NoOp;NoOp;NoOp;NoOp;NoOp;NoOp
72231964355:NoOp;NoOp;NoOp;NoOp;NoOp;NoOp;NoOp;Move(W);Move(E);NoOp
72324261317:NoOp;NoOp;NoOp;NoOp;NoOp;NoOp;NoOp;NoOp;Move(N);NoOp
72417062729:NoOp;NoOp;NoOp;NoOp;NoOp;NoOp;NoOp;NoOp;Move(N);NoOp
72537507946:NoOp;NoOp;NoOp;NoOp;NoOp;NoOp;NoOp;NoOp;NoOp;NoOp
72632663269:NoOp;NoOp;NoOp;NoOp;NoOp;NoOp;NoOp;Move(E);Move(S);NoOp
72727530300:NoOp;NoOp;NoOp;NoOp;NoOp;NoOp;NoOp;NoOp;Move(S);NoOp
72823314831:NoOp;NoOp;NoOp;NoOp;NoOp;NoOp;NoOp;Move(W);Move(W);NoOp
72934072666:NoOp;NoOp;NoOp;NoOp;NoOp;NoOp;NoOp;NoOp;NoOp;NoOp
73076292884:NoOp;NoOp;NoOp;NoOp;NoOp;NoOp;NoOp;NoOp;NoOp;NoOp
73169416593:NoOp;NoOp;NoOp;NoOp;NoOp;NoOp;NoOp;Move(E);NoOp;NoOp
73262205200:NoOp;NoOp;NoOp;NoOp;NoOp;NoOp;NoOp;NoOp;NoOp;NoOp
73385799262:NoOp;NoOp;NoOp;NoOp;NoOp;NoOp;NoOp;Move(W);Move(E);NoOp
73477417517:NoOp;NoOp;NoOp;NoOp;NoOp;NoOp;NoOp;NoOp;Move(N);NoOp
73569883965:NoOp;NoOp;NoOp;NoOp;NoOp;NoOp;NoOp;NoOp;Move(N);NoOp
73690822925:NoOp;NoOp;NoOp;NoOp;NoOp;NoOp;NoOp;NoOp;NoOp;NoOp
73785339422:NoOp;NoOp;NoOp;NoOp;NoOp;NoOp;NoOp;Move(E);Move(S);NoOp
73879999681:NoOp;NoOp;NoOp;NoOp;NoOp;NoOp;NoOp;NoOp;Move(S);NoOp
73977926406:NoOp;NoOp;NoOp;NoOp;NoOp;NoOp;NoOp;Move(W);Move(W);NoOp
74069992697:NoOp;NoOp;NoOp;NoOp;NoOp;NoOp;NoOp;NoOp;NoOp;NoOp
74213413242:NoOp;NoOp;NoOp;NoOp;NoOp;NoOp;NoOp;NoOp;NoOp;NoOp
74312851130:NoOp;NoOp;NoOp;NoOp;NoOp;NoOp;NoOp;Move(E);NoOp;NoOp
74404157096:NoOp;NoOp;NoOp;NoOp;NoOp;NoOp;NoOp;NoOp;NoOp;NoOp
74527583698:NoOp;NoOp;NoOp;NoOp;NoOp;NoOp;NoOp;Move(W);Move(E);NoOp
74620519078:NoOp;NoOp;NoOp;NoOp;NoOp;NoOp;NoOp;NoOp;Move(N);NoOp
74711756418:NoOp;NoOp;NoOp;NoOp;NoOp;NoOp;NoOp;NoOp;Move(N);NoOp
74826100799:NoOp;NoOp;NoOp;NoOp;NoOp;NoOp;NoOp;NoOp;NoOp;NoOp
74921994742:NoOp;NoOp;NoOp;NoOp;NoOp;NoOp;NoOp;Move(E);Move(S);NoOp
75017328428:NoOp;NoOp;NoOp;NoOp;NoOp;NoOp;NoOp;NoOp;Move(S);NoOp
75114005847:NoOp;NoOp;NoOp;NoOp;NoOp;NoOp;NoOp;Move(W);Move(W);NoOp
75208247529:NoOp;NoOp;NoOp;NoOp;NoOp;NoOp;NoOp;NoOp;NoOp;NoOp
75350818945:NoOp;NoOp;NoOp;NoOp;NoOp;NoOp;NoOp;NoOp;NoOp;NoOp
75444501533:NoOp;NoOp;NoOp;NoOp;NoOp;NoOp;NoOp;Move(E);NoOp;NoOp
75541003853:NoOp;NoOp;NoOp;NoOp;NoOp;NoOp;NoOp;NoOp;NoOp;NoOp
75674461844:NoOp;NoOp;NoOp;NoOp;NoOp;NoOp;NoOp;Move(W);Move(E);NoOp
75771778331:NoOp;NoOp;NoOp;NoOp;NoOp;NoOp;NoOp;NoOp;Move(N);NoOp
75863095659:NoOp;NoOp;NoOp;NoOp;NoOp;NoOp;NoOp;NoOp;Move(N);NoOp
75981088677:NoOp;NoOp;NoOp;NoOp;NoOp;NoOp;NoOp;NoOp;NoOp;NoOp
76075390468:NoOp;NoOp;NoOp;NoOp;NoOp;NoOp;NoOp;Move(E);Move(S);NoOp
76174268234:NoOp;NoOp;NoOp;NoOp;NoOp;NoOp;NoOp;NoOp;Move(S);NoOp
76271406129:NoOp;NoOp;NoOp;NoOp;NoOp;NoOp;NoOp;Move(W);Move(W);NoOp
76367228565:NoOp;NoOp;NoOp;NoOp;NoOp;NoOp;NoOp;NoOp;NoOp;NoOp
76507071530:NoOp;NoOp;NoOp;NoOp;NoOp;NoOp;NoOp;NoOp;NoOp;NoOp
76600638505:NoOp;NoOp;NoOp;NoOp;NoOp;NoOp;NoOp;Move(E);NoOp;NoOp
76691894332:NoOp;NoOp;NoOp;NoOp;NoOp;NoOp;NoOp;NoOp;NoOp;NoOp
76817190270:NoOp;NoOp;NoOp;NoOp;NoOp;NoOp;NoOp;Move(W);Move(E);NoOp
76908962366:NoOp;NoOp;NoOp;NoOp;NoOp;NoOp;NoOp;NoOp;Move(N);NoOp
77005087856:NoOp;NoOp;NoOp;NoOp;NoOp;NoOp;NoOp;NoOp;Move(N);NoOp
77120036629:NoOp;NoOp;NoOp;NoOp;NoOp;NoOp;NoOp;NoOp;NoOp;NoOp
77213716027:NoOp;NoOp;NoOp;NoOp;NoOp;NoOp;NoOp;Move(E);Move(S);NoOp
77310362517:NoOp;NoOp;NoOp;NoOp;NoOp;NoOp;NoOp;NoOp;Move(S);NoOp
77405894037:NoOp;NoOp;NoOp;NoOp;NoOp;NoOp;NoOp;Move(W);Move(W);NoOp
77497384465:NoOp;NoOp;NoOp;NoOp;NoOp;NoOp;NoOp;NoOp;NoOp;NoOp
77636369681:NoOp;NoOp;NoOp;NoOp;NoOp;NoOp;NoOp;NoOp;NoOp;NoOp
77729068750:NoOp;NoOp;NoOp;NoOp;NoOp;NoOp;NoOp;Move(E);NoOp;NoOp
77820465683:NoOp;NoOp;NoOp;NoOp;NoOp;NoOp;NoOp;NoOp;NoOp;NoOp
77945434067:NoOp;NoOp;NoOp;NoOp;NoOp;NoOp;NoOp;Move(W);Move(E);NoOp
78036795334:NoOp;NoOp;NoOp;NoOp;NoOp;NoOp;NoOp;NoOp;Move(N);NoOp
78128505751:NoOp;NoOp;NoOp;NoOp;NoOp;NoOp;NoOp;NoOp;Move(N);NoOp
78245755767:NoOp;NoOp;NoOp;NoOp;NoOp;NoOp;NoOp;NoOp;NoOp;NoOp
78345896497:NoOp;NoOp;NoOp;NoOp;NoOp;NoOp;NoOp;Move(E);Move(S);NoOp
78441449321:NoOp;NoOp;NoOp;NoOp;NoOp;NoOp;NoOp;NoOp;Move(S);NoOp
78541170894:NoOp;NoOp;NoOp;NoOp;NoOp;NoOp;NoOp;Move(W);Move(W);NoOp
78632812323:NoOp;NoOp;NoOp;NoOp;NoOp;NoOp;NoOp;NoOp;NoOp;NoOp
78772265600:NoOp;NoOp;NoOp;NoOp;NoOp;NoOp;NoOp;NoOp;NoOp;NoOp
78864998336:NoOp;NoOp;NoOp;NoOp;NoOp;NoOp;NoOp;Move(E);NoOp;NoOp
78958266666:NoOp;NoOp;NoOp;NoOp;NoOp;NoOp;NoOp;NoOp;NoOp;NoOp
79083467688:NoOp;NoOp;NoOp;NoOp;NoOp;NoOp;NoOp;Move(W);Move(E);NoOp
79179534222:NoOp;NoOp;NoOp;NoOp;NoOp;NoOp;NoOp;NoOp;Move(N);NoOp
79272243662:NoOp;NoOp;NoOp;NoOp;NoOp;NoOp;NoOp;NoOp;Move(N);NoOp
79389426438:NoOp;NoOp;NoOp;NoOp;NoOp;NoOp;NoOp;NoOp;NoOp;NoOp
79485248093:NoOp;NoOp;NoOp;NoOp;NoOp;NoOp;NoOp;Move(E);Move(S);NoOp
79581078449:NoOp;NoOp;NoOp;NoOp;NoOp;NoOp;NoOp;NoOp;Move(S);NoOp
79685265628:NoOp;NoOp;NoOp;NoOp;NoOp;NoOp;NoOp;Move(W);Move(W);NoOp
79779617819:NoOp;NoOp;NoOp;NoOp;NoOp;NoOp;NoOp;NoOp;NoOp;NoOp
79920997460:NoOp;NoOp;NoOp;NoOp;NoOp;NoOp;NoOp;NoOp;NoOp;NoOp
80015275772:NoOp;NoOp;NoOp;NoOp;NoOp;NoOp;NoOp;Move(E);NoOp;NoOp
80105676581:NoOp;NoOp;NoOp;NoOp;NoOp;NoOp;NoOp;NoOp;NoOp;NoOp
80230783973:NoOp;NoOp;NoOp;NoOp;NoOp;NoOp;NoOp;Move(W);Move(E);NoOp
80321628799:NoOp;NoOp;NoOp;NoOp;NoOp;NoOp;NoOp;NoOp;Move(N);NoOp
80414166781:NoOp;NoOp;NoOp;NoOp;NoOp;NoOp;NoOp;NoOp;Move(N);NoOp
80529470004:NoOp;NoOp;NoOp;NoOp;NoOp;NoOp;NoOp;NoOp;NoOp;NoOp
80624108552:NoOp;NoOp;NoOp;NoOp;NoOp;NoOp;NoOp;Move(E);Move(S);NoOp
80718214276:NoOp;NoOp;NoOp;NoOp;NoOp;NoOp;NoOp;NoOp;Move(S);NoOp
80812779921:NoOp;NoOp;NoOp;NoOp;NoOp;NoOp;NoOp;Move(W);Move(W);NoOp
80903492382:NoOp;NoOp;NoOp;NoOp;NoOp;NoOp;NoOp;NoOp;NoOp;NoOp
81060965758:NoOp;NoOp;NoOp;NoOp;NoOp;NoOp;NoOp;NoOp;NoOp;NoOp
81154329249:NoOp;NoOp;NoOp;NoOp;NoOp;NoOp;NoOp;Move(E);NoOp;NoOp
81246798490:NoOp;NoOp;NoOp;NoOp;NoOp;NoOp;NoOp;NoOp;NoOp;NoOp
81367530006:NoOp;NoOp;NoOp;NoOp;NoOp;NoOp;NoOp;Move(W);Move(E);NoOp
81465673040:NoOp;NoOp;NoOp;NoOp;NoOp;NoOp;NoOp;NoOp;Move(N);NoOp
81561173637:NoOp;NoOp;NoOp;NoOp;NoOp;NoOp;NoOp;NoOp;Move(N);NoOp
81676410656:NoOp;NoOp;NoOp;NoOp;NoOp;NoOp;NoOp;NoOp;NoOp;NoOp
81769562111:NoOp;NoOp;NoOp;NoOp;NoOp;NoOp;NoOp;Move(E);Move(S);NoOp
81865051820:NoOp;NoOp;NoOp;NoOp;NoOp;NoOp;NoOp;NoOp;Move(S);NoOp
81961262961:NoOp;NoOp;NoOp;NoOp;NoOp;NoOp;NoOp;Move(W);Move(W);NoOp
82051472905:NoOp;NoOp;NoOp;NoOp;NoOp;NoOp;NoOp;NoOp;NoOp;NoOp
82193595310:NoOp;NoOp;NoOp;NoOp;NoOp;NoOp;NoOp;NoOp;NoOp;NoOp
82287600084:NoOp;NoOp;NoOp;NoOp;NoOp;NoOp;NoOp;Move(E);NoOp;NoOp
82382598469:NoOp;NoOp;NoOp;NoOp;NoOp;NoOp;NoOp;NoOp;NoOp;NoOp
82507339462:NoOp;NoOp;NoOp;NoOp;NoOp;NoOp;NoOp;Move(W);Move(E);NoOp
82599109618:NoOp;NoOp;NoOp;NoOp;NoOp;NoOp;NoOp;NoOp;Move(N);NoOp
82690727793:NoOp;NoOp;NoOp;NoOp;NoOp;NoOp;NoOp;NoOp;Move(N);NoOp
82809800235:NoOp;NoOp;NoOp;NoOp;NoOp;NoOp;NoOp;NoOp;NoOp;NoOp
82904444406:NoOp;NoOp;NoOp;NoOp;NoOp;NoOp;NoOp;Move(E);Move(S);NoOp
83000792650:NoOp;NoOp;NoOp;NoOp;NoOp;NoOp;NoOp;NoOp;Move(S);NoOp
83096046740:NoOp;NoOp;NoOp;NoOp;NoOp;NoOp;NoOp;Move(W);Move(W);NoOp
83186855566:NoOp;NoOp;NoOp;NoOp;NoOp;NoOp;NoOp;NoOp;NoOp;NoOp
83328012199:NoOp;NoOp;NoOp;NoOp;NoOp;NoOp;NoOp;NoOp;NoOp;NoOp
83420647701:NoOp;NoOp;NoOp;NoOp;NoOp;NoOp;NoOp;Move(E);NoOp;NoOp
83513035197:NoOp;NoOp;NoOp;NoOp;NoOp;NoOp;NoOp;NoOp;NoOp;NoOp
83635393354:NoOp;NoOp;NoOp;NoOp;NoOp;NoOp;NoOp;Move(W);Move(E);NoOp
83730461408:NoOp;NoOp;NoOp;NoOp;NoOp;NoOp;NoOp;NoOp;Move(N);NoOp
83821019441:NoOp;NoOp;NoOp;NoOp;NoOp;NoOp;NoOp;NoOp;Move(N);NoOp
83937402240:NoOp;NoOp;NoOp;NoOp;NoOp;NoOp;NoOp;NoOp;NoOp;NoOp
84034947192:NoOp;NoOp;NoOp;NoOp;NoOp;NoOp;NoOp;Move(E);Move(S);NoOp
84129621043:NoOp;NoOp;NoOp;NoOp;NoOp;NoOp;NoOp;NoOp;Move(S);NoOp
84227706620:NoOp;NoOp;NoOp;NoOp;NoOp;NoOp;NoOp;Move(W);Move(W);NoOp
84320582999:NoOp;NoOp;NoOp;NoOp;NoOp;NoOp;NoOp;NoOp;NoOp;NoOp
84460457301:NoOp;NoOp;NoOp;NoOp;NoOp;NoOp;NoOp;NoOp;NoOp;NoOp
84557671318:NoOp;NoOp;NoOp;NoOp;NoOp;NoOp;NoOp;Move(E);NoOp;NoOp
84649576753:NoOp;NoOp;NoOp;NoOp;NoOp;NoOp;NoOp;NoOp;NoOp;NoOp
84772968804:NoOp;NoOp;NoOp;NoOp;NoOp;NoOp;NoOp;Move(W);Move(E);NoOp
84865663829:NoOp;NoOp;NoOp;NoOp;NoOp;NoOp;NoOp;NoOp;Move(N);NoOp
84958303245:NoOp;NoOp;NoOp;NoOp;NoOp;NoOp;NoOp;NoOp;Move(N);NoOp
85074788358:NoOp;NoOp;NoOp;NoOp;NoOp;NoOp;NoOp;NoOp;NoOp;NoOp
85173349174:NoOp;NoOp;NoOp;NoOp;NoOp;NoOp;NoOp;Move(E);Move(S);NoOp
85274127479:NoOp;NoOp;NoOp;NoOp;NoOp;NoOp;NoOp;NoOp;Move(S);NoOp
85369369210:NoOp;NoOp;NoOp;NoOp;NoOp;NoOp;NoOp;Move(W);Move(W);NoOp
85461008055:NoOp;NoOp;NoOp;NoOp;NoOp;NoOp;NoOp;NoOp;NoOp;NoOp
85602624832:NoOp;NoOp;NoOp;NoOp;NoOp;NoOp;NoOp;NoOp;NoOp;NoOp
85697399529:NoOp;NoOp;NoOp;NoOp;NoOp;NoOp;NoOp;Move(E);NoOp;NoOp
85794431707:NoOp;NoOp;NoOp;NoOp;NoOp;NoOp;NoOp;NoOp;NoOp;NoOp
85918606846:NoOp;NoOp;NoOp;NoOp;NoOp;NoOp;NoOp;Move(W);Move(E);NoOp
86012238370:NoOp;NoOp;NoOp;NoOp;NoOp;NoOp;NoOp;NoOp;Move(N);NoOp
86104387923:NoOp;NoOp;NoOp;NoOp;NoOp;NoOp;NoOp;NoOp;Move(N);NoOp
86223987403:NoOp;NoOp;NoOp;NoOp;NoOp;NoOp;NoOp;NoOp;NoOp;NoOp
86326075875:NoOp;NoOp;NoOp;NoOp;NoOp;NoOp;NoOp;Move(E);Move(S);NoOp
86425236460:NoOp;NoOp;NoOp;NoOp;NoOp;NoOp;NoOp;NoOp;Move(S);NoOp
86523251519:NoOp;NoOp;NoOp;NoOp;NoOp;NoOp;NoOp;Move(W);Move(W);NoOp
86621096863:NoOp;NoOp;NoOp;NoOp;NoOp;NoOp;NoOp;NoOp;NoOp;NoOp
86761033052:NoOp;NoOp;NoOp;NoOp;NoOp;NoOp;NoOp;NoOp;NoOp;NoOp
86854967579:NoOp;NoOp;NoOp;NoOp;NoOp;NoOp;NoOp;Move(E);NoOp;NoOp
86949300300:NoOp;NoOp;NoOp;NoOp;NoOp;NoOp;NoOp;NoOp;NoOp;NoOp
87076566957:NoOp;NoOp;NoOp;NoOp;NoOp;NoOp;NoOp;Move(W);Move(E);NoOp
87168236494:NoOp;NoOp;NoOp;NoOp;NoOp;NoOp;NoOp;NoOp;Move(N);NoOp
87262371288:NoOp;NoOp;NoOp;NoOp;NoOp;NoOp;NoOp;NoOp;Move(N);NoOp
87379979470:NoOp;NoOp;NoOp;NoOp;NoOp;NoOp;NoOp;NoOp;NoOp;NoOp
87474731279:NoOp;NoOp;NoOp;NoOp;NoOp;NoOp;NoOp;Move(E);Move(S);NoOp
87570452674:NoOp;NoOp;NoOp;NoOp;NoOp;NoOp;NoOp;NoOp;Move(S);NoOp
87666057863:NoOp;NoOp;NoOp;NoOp;NoOp;NoOp;NoOp;Move(W);Move(W);NoOp
87757395309:NoOp;NoOp;NoOp;NoOp;NoOp;NoOp;NoOp;NoOp;NoOp;NoOp
87897723948:NoOp;NoOp;NoOp;NoOp;NoOp;NoOp;NoOp;NoOp;NoOp;NoOp
87991440984:NoOp;NoOp;NoOp;NoOp;NoOp;NoOp;NoOp;Move(E);NoOp;NoOp
88088942850:NoOp;NoOp;NoOp;NoOp;NoOp;NoOp;NoOp;NoOp;NoOp;NoOp
88203977933:NoOp;NoOp;NoOp;NoOp;NoOp;NoOp;NoOp;Move(W);Move(E);NoOp
88302422528:NoOp;NoOp;NoOp;NoOp;NoOp;NoOp;NoOp;NoOp;Move(N);NoOp
88395234185:NoOp;NoOp;NoOp;NoOp;NoOp;NoOp;NoOp;NoOp;Move(N);NoOp
88512870202:NoOp;NoOp;NoOp;NoOp;NoOp;NoOp;NoOp;NoOp;NoOp;NoOp
88608692110:NoOp;NoOp;NoOp;NoOp;NoOp;NoOp;NoOp;Move(E);Move(S);NoOp
88705391204:NoOp;NoOp;NoOp;NoOp;NoOp;NoOp;NoOp;NoOp;Move(S);NoOp
88804550137:NoOp;NoOp;NoOp;NoOp;NoOp;NoOp;NoOp;Move(W);Move(W);NoOp
88897587849:NoOp;NoOp;NoOp;NoOp;NoOp;NoOp;NoOp;NoOp;NoOp;NoOp
89041200001:NoOp;NoOp;NoOp;NoOp;NoOp;NoOp;NoOp;NoOp;NoOp;NoOp
89135334584:NoOp;NoOp;NoOp;NoOp;NoOp;NoOp;NoOp;Move(E);NoOp;NoOp
89228692542:NoOp;NoOp;NoOp;NoOp;NoOp;NoOp;NoOp;NoOp;NoOp;NoOp
89352591955:NoOp;NoOp;NoOp;NoOp;NoOp;NoOp;NoOp;Move(W);Move(E);NoOp
89448077432:NoOp;NoOp;NoOp;NoOp;NoOp;NoOp;NoOp;NoOp;Move(N);NoOp
89559173391:NoOp;NoOp;NoOp;NoOp;NoOp;NoOp;NoOp;NoOp;Move(N);NoOp
89676389693:NoOp;NoOp;NoOp;NoOp;NoOp;NoOp;NoOp;NoOp;NoOp;NoOp
89771564555:NoOp;NoOp;NoOp;NoOp;NoOp;NoOp;NoOp;Move(E);Move(S);NoOp
89866091936:NoOp;NoOp;NoOp;NoOp;NoOp;NoOp;NoOp;NoOp;Move(S);NoOp
89961906126:NoOp;NoOp;NoOp;NoOp;NoOp;NoOp;NoOp;Move(W);Move(W);NoOp
#end
#solved
false
#numactions
882
#time
89961906126
#end
