#domain
hospital
#levelname
MAVAikings
#colors
blue: 0, 4, A, X, Y, D, O
red: 1, 5, G, C, Z, E, F
green: 2, Q
grey: 3, B, W
pink: 6, N, R
#initial
+++++++++++++++++++++++++
+4 O+                   +
+  R+   +   +++++++++++++
+  C+   +               +
+  A+  ++++++++++++++++++
+  N+   +   +           +
+  O+   + + +  ++++++++++
+   +     +             +
+   +++++++++++++++++   +
+ + +   1    ++         +
+ + +     +   + +++++++++
+ + +  0  +     + FCGDEY+
+ + +++++ +++++ + +++++++
+ +5+B     3+W          +
+ +6+2B   ZX+Q          +
+++++++++++++++++++++++++
#goal
+++++++++++++++++++++++++
+   +                XYZ+
+   +   +   +++++++++++++
+   +   +          CDEFG+
+   +  ++++++++++++++++++
+   +   +   +           +
+   +   + + +  ++++++++++
+   +     +             +
+   +++++++++++++++++   +
+C+ +        ++         +
+O+ +     +   + +++++++++
+R+ +     +     +       +
+O+ +++++ +++++ + +++++++
+N+ +       +          Q+
+A+ +       +          W+
+++++++++++++++++++++++++
#end
#clientname
vAIkings
#actions
251579957:NoOp;Move(S);NoOp;Move(W);Move(S);NoOp;NoOp
287141967:NoOp;Move(S);NoOp;Move(W);Move(S);NoOp;NoOp
317645427:NoOp;NoOp;NoOp;Move(N);Move(S);NoOp;NoOp
349939623:NoOp;NoOp;NoOp;Move(N);Move(E);NoOp;NoOp
383550215:NoOp;NoOp;NoOp;Move(N);Pull(N,E);NoOp;NoOp
413820505:NoOp;NoOp;NoOp;Move(N);Push(S,S);NoOp;NoOp
540275723:NoOp;Move(E);NoOp;Move(E);Push(S,S);NoOp;NoOp
570107428:NoOp;Move(S);NoOp;Move(E);Push(S,S);NoOp;NoOp
598535512:NoOp;Move(S);NoOp;Move(S);Push(S,S);NoOp;NoOp
626772055:NoOp;Move(S);NoOp;Move(S);Push(S,W);NoOp;NoOp
658444951:NoOp;Push(E,N);NoOp;Move(E);Push(W,S);NoOp;NoOp
687093027:NoOp;Push(N,W);NoOp;Move(E);Push(S,S);NoOp;NoOp
712595928:NoOp;Push(W,N);NoOp;Move(E);Push(S,S);NoOp;NoOp
746232866:NoOp;Push(N,N);NoOp;Move(E);Push(S,S);NoOp;NoOp
766813619:NoOp;Push(N,N);NoOp;Move(S);Push(S,S);NoOp;NoOp
793371764:NoOp;Push(N,N);NoOp;Move(S);Push(S,S);NoOp;NoOp
837140935:NoOp;Push(N,E);NoOp;Move(W);NoOp;NoOp;NoOp
900309997:NoOp;Push(E,E);NoOp;Pull(S,W);NoOp;NoOp;NoOp
938391061:NoOp;Push(E,S);NoOp;Pull(E,N);NoOp;NoOp;NoOp
972607890:NoOp;Push(S,S);NoOp;Pull(N,W);NoOp;Move(N);NoOp
983983613:NoOp;Push(S,E);NoOp;Push(S,E);NoOp;Move(N);Move(N)
1018348981:NoOp;Push(E,E);NoOp;Push(E,E);NoOp;Move(N);Move(N)
1050168290:NoOp;Push(E,E);NoOp;Push(E,E);NoOp;Move(N);Move(S)
1081301612:NoOp;Push(E,E);NoOp;Push(E,E);NoOp;Move(N);Move(S)
1111689451:NoOp;Push(E,N);NoOp;Push(E,E);NoOp;NoOp;NoOp
1167948681:NoOp;Push(N,N);NoOp;Push(E,E);NoOp;NoOp;Move(N)
1194407567:NoOp;Push(N,E);NoOp;Push(E,E);NoOp;NoOp;Move(N)
1227234276:NoOp;Push(E,E);NoOp;Push(E,E);NoOp;NoOp;Move(N)
1304244392:NoOp;Push(E,E);NoOp;NoOp;NoOp;NoOp;Move(N)
1334024119:NoOp;Push(E,E);NoOp;Move(N);NoOp;NoOp;Move(N)
1419223412:NoOp;Push(E,E);NoOp;Move(W);NoOp;NoOp;NoOp
1487061439:NoOp;Push(E,E);NoOp;Move(W);NoOp;NoOp;NoOp
1527122245:NoOp;Push(E,N);NoOp;Move(W);NoOp;Move(W);NoOp
1566108001:NoOp;Push(N,N);NoOp;Move(W);NoOp;NoOp;Move(N)
1603172953:NoOp;Push(N,W);NoOp;Move(W);NoOp;NoOp;Move(N)
1635076131:NoOp;Push(W,W);NoOp;Move(W);NoOp;NoOp;Move(W)
1674465619:NoOp;Push(W,W);NoOp;Move(W);NoOp;NoOp;Move(N)
1697336342:NoOp;Push(W,W);NoOp;Move(N);NoOp;NoOp;Move(N)
1723055723:NoOp;Push(W,W);NoOp;Move(N);NoOp;NoOp;Pull(N,E)
1749974424:NoOp;Push(W,W);NoOp;Move(W);NoOp;NoOp;Push(S,S)
1781513850:NoOp;Push(W,W);NoOp;Move(W);NoOp;NoOp;Push(S,S)
1834383085:NoOp;Push(W,W);NoOp;Move(N);NoOp;NoOp;NoOp
1892545168:NoOp;Push(W,W);NoOp;Move(W);NoOp;NoOp;NoOp
1932459575:NoOp;Push(W,W);NoOp;Move(N);NoOp;Move(E);NoOp
1971804442:NoOp;Push(W,N);NoOp;Move(W);NoOp;NoOp;Push(S,S)
2008939387:NoOp;Push(N,N);NoOp;Move(W);NoOp;NoOp;NoOp
2050302801:NoOp;Push(N,W);NoOp;Move(W);NoOp;NoOp;NoOp
2085384669:NoOp;Push(W,W);NoOp;Move(S);Move(N);NoOp;NoOp
2125174096:NoOp;Push(W,S);NoOp;Move(S);Move(N);NoOp;NoOp
2163732068:NoOp;Push(S,S);NoOp;Move(S);Move(N);NoOp;NoOp
2202137959:NoOp;Push(S,W);NoOp;Move(S);Move(N);NoOp;NoOp
2237524988:NoOp;Push(W,W);NoOp;Move(W);Move(N);NoOp;NoOp
2277619169:NoOp;Push(W,N);NoOp;Move(W);Move(N);NoOp;NoOp
2316142697:NoOp;Push(N,N);NoOp;Move(W);NoOp;NoOp;NoOp
2338950798:NoOp;Push(N,W);NoOp;Pull(E,W);NoOp;NoOp;Push(S,W)
2340132260:NoOp;Push(W,N);Move(N);Pull(E,W);NoOp;NoOp;Push(W,S)
2341192813:NoOp;Push(N,N);Move(E);Push(W,S);NoOp;NoOp;Push(S,S)
2343017426:NoOp;Push(N,N);Move(W);NoOp;NoOp;NoOp;Push(S,S)
2346582098:NoOp;Push(N,N);Move(S);NoOp;NoOp;NoOp;Push(S,S)
2347305564:NoOp;Push(N,E);NoOp;Move(E);NoOp;NoOp;Push(S,S)
2431718728:NoOp;Push(E,E);Move(N);Move(S);Move(N);NoOp;NoOp
2433290590:NoOp;Push(E,E);Move(S);NoOp;Move(E);NoOp;NoOp
2434013733:NoOp;Push(E,E);NoOp;NoOp;Push(E,S);NoOp;NoOp
2520884521:NoOp;Push(E,E);Move(N);NoOp;NoOp;NoOp;NoOp
2521640150:NoOp;Push(E,E);Move(E);NoOp;NoOp;Move(S);NoOp
2522341019:NoOp;Push(E,E);Move(E);NoOp;Push(S,S);NoOp;NoOp
2522951547:NoOp;Push(E,E);Move(E);NoOp;Push(S,W);NoOp;NoOp
2526385757:NoOp;Push(E,E);Move(E);NoOp;NoOp;NoOp;NoOp
2527089427:NoOp;Push(E,E);Move(N);NoOp;NoOp;NoOp;Move(N)
2527742875:NoOp;Push(E,E);Move(N);NoOp;NoOp;NoOp;Move(N)
2528370721:NoOp;Push(E,E);Move(N);NoOp;NoOp;NoOp;Move(N)
2529001254:NoOp;Push(E,E);Move(N);NoOp;NoOp;NoOp;Move(N)
2529602252:NoOp;Push(E,E);Move(E);NoOp;NoOp;NoOp;Move(N)
2530240606:NoOp;Push(E,E);Move(E);NoOp;NoOp;NoOp;NoOp
2545797778:NoOp;Push(E,E);Move(S);NoOp;Push(W,W);NoOp;NoOp
2546411112:NoOp;Push(E,E);Move(S);NoOp;Push(W,S);NoOp;NoOp
3538554494:Move(N);Move(W);Move(E);NoOp;Push(S,S);NoOp;NoOp
3539163684:Move(N);Move(W);Move(E);NoOp;Push(S,S);NoOp;NoOp
3539750752:Move(E);Move(W);Move(E);NoOp;Push(S,S);NoOp;NoOp
3576926586:Move(E);Move(W);Move(E);NoOp;NoOp;NoOp;Move(N)
3577953992:Move(E);Move(W);Move(S);NoOp;NoOp;NoOp;Move(N)
3579547792:Move(E);Move(W);Move(S);NoOp;NoOp;NoOp;Move(N)
3580574651:Move(S);Move(W);Move(S);NoOp;NoOp;NoOp;Move(N)
3581505008:Move(S);Move(W);Move(W);NoOp;NoOp;NoOp;Move(N)
3582318081:Move(E);Move(W);Push(W,N);NoOp;NoOp;NoOp;Move(E)
3583202646:Move(E);Move(W);Push(N,E);NoOp;NoOp;NoOp;Pull(N,E)
3584061526:Move(E);Move(W);Push(E,E);NoOp;NoOp;NoOp;Push(S,S)
3585040697:NoOp;Move(W);Push(E,E);NoOp;NoOp;NoOp;Push(S,S)
3585898160:NoOp;Move(W);Push(E,E);NoOp;NoOp;NoOp;Push(S,S)
3586496577:NoOp;Move(W);Push(E,E);NoOp;NoOp;NoOp;Push(S,S)
4029526445:Move(E);Move(W);Push(E,E);NoOp;NoOp;NoOp;Push(S,S)
4030107176:Move(S);Move(S);Push(E,E);NoOp;NoOp;NoOp;Push(S,S)
4030757563:Move(S);Move(S);Push(E,E);NoOp;NoOp;NoOp;NoOp
4033798989:Move(E);Move(W);Push(E,E);NoOp;NoOp;NoOp;NoOp
4129456912:NoOp;Move(S);Push(E,E);NoOp;Move(N);NoOp;NoOp
4555331442:Move(E);Move(S);NoOp;NoOp;Move(N);NoOp;NoOp
4556248815:NoOp;Move(S);NoOp;NoOp;Move(N);NoOp;NoOp
4963832427:NoOp;Move(S);NoOp;NoOp;Move(N);NoOp;NoOp
5273808515:Move(S);Move(E);NoOp;NoOp;NoOp;NoOp;NoOp
5672771360:NoOp;Move(E);NoOp;NoOp;NoOp;NoOp;Push(S,W)
6138008133:NoOp;Move(E);NoOp;NoOp;NoOp;NoOp;Push(W,S)
6138990546:NoOp;Move(N);NoOp;NoOp;NoOp;NoOp;Push(S,S)
6140217644:NoOp;Move(N);NoOp;NoOp;NoOp;NoOp;Push(S,S)
6178816663:NoOp;Move(E);NoOp;NoOp;Move(N);NoOp;NoOp
6180014903:NoOp;Move(E);NoOp;NoOp;Move(N);NoOp;NoOp
6181165285:NoOp;Move(S);NoOp;NoOp;Move(N);NoOp;NoOp
6182219467:NoOp;Move(S);NoOp;NoOp;Move(N);NoOp;NoOp
6183347009:NoOp;Move(E);NoOp;NoOp;Move(N);NoOp;NoOp
6184528374:NoOp;Move(E);NoOp;NoOp;Move(N);NoOp;NoOp
6185610299:NoOp;Move(E);NoOp;NoOp;Move(E);NoOp;NoOp
6187024419:NoOp;Move(E);NoOp;NoOp;Push(E,S);NoOp;NoOp
6187950398:NoOp;Move(E);NoOp;NoOp;Push(S,W);NoOp;NoOp
6188829067:NoOp;Move(E);NoOp;NoOp;Push(W,S);NoOp;NoOp
6189453031:NoOp;Move(E);NoOp;NoOp;Push(S,S);NoOp;NoOp
6190112456:NoOp;Move(E);NoOp;NoOp;Push(S,S);NoOp;NoOp
6190736591:NoOp;Move(E);NoOp;NoOp;Push(S,S);NoOp;NoOp
6191382561:NoOp;Move(E);NoOp;NoOp;Push(S,S);NoOp;NoOp
6192019944:NoOp;Move(S);NoOp;NoOp;Push(S,S);NoOp;NoOp
6194518905:NoOp;Move(S);NoOp;NoOp;NoOp;NoOp;NoOp
6195224419:NoOp;Move(W);NoOp;NoOp;NoOp;NoOp;Move(N)
6195872243:NoOp;Move(W);NoOp;NoOp;NoOp;NoOp;Move(N)
6196739623:NoOp;Move(W);NoOp;NoOp;NoOp;NoOp;Move(N)
6197462764:NoOp;Move(W);NoOp;NoOp;NoOp;NoOp;NoOp
6207775547:NoOp;Move(W);NoOp;NoOp;Push(S,W);NoOp;NoOp
6208477320:NoOp;Move(W);NoOp;NoOp;Push(W,S);NoOp;NoOp
6209314177:NoOp;Move(S);NoOp;NoOp;Push(S,S);NoOp;NoOp
6242878949:NoOp;Move(S);NoOp;NoOp;NoOp;Move(N);NoOp
6243541743:NoOp;Move(S);NoOp;NoOp;NoOp;Move(N);NoOp
6244443772:NoOp;Move(S);NoOp;NoOp;NoOp;Move(N);NoOp
6245247949:NoOp;Move(E);NoOp;NoOp;NoOp;Move(N);NoOp
6245906654:NoOp;NoOp;NoOp;NoOp;NoOp;Move(N);NoOp
7050301433:NoOp;Move(E);NoOp;NoOp;NoOp;Pull(S,N);NoOp
7851854083:NoOp;Move(N);NoOp;NoOp;NoOp;Pull(W,N);NoOp
9023455794:NoOp;Move(N);NoOp;NoOp;NoOp;Push(E,S);NoOp
9810755404:NoOp;Pull(S,E);NoOp;NoOp;NoOp;Push(S,S);NoOp
10589157262:NoOp;Pull(S,N);NoOp;NoOp;NoOp;Push(S,S);NoOp
11370371409:NoOp;NoOp;NoOp;NoOp;NoOp;Push(S,W);NoOp
12152360155:NoOp;NoOp;NoOp;NoOp;NoOp;NoOp;NoOp
13106747368:Move(E);NoOp;NoOp;NoOp;NoOp;NoOp;NoOp
13889705011:NoOp;Pull(E,N);NoOp;NoOp;Move(N);NoOp;NoOp
14656402409:NoOp;Pull(E,W);NoOp;NoOp;NoOp;NoOp;NoOp
15619405096:NoOp;Move(S);NoOp;NoOp;NoOp;NoOp;Move(N)
16067383706:NoOp;NoOp;NoOp;NoOp;Move(N);NoOp;NoOp
16394924160:NoOp;NoOp;NoOp;NoOp;Move(E);NoOp;NoOp
16728092601:Move(W);NoOp;NoOp;NoOp;NoOp;Push(W,W);NoOp
17064391040:Move(W);Move(W);NoOp;NoOp;NoOp;Push(W,S);NoOp
17392121890:NoOp;Move(W);NoOp;NoOp;NoOp;NoOp;NoOp
17392811761:NoOp;Move(N);NoOp;NoOp;NoOp;NoOp;NoOp
17393529261:NoOp;Move(N);NoOp;NoOp;NoOp;NoOp;NoOp
17836196324:NoOp;Move(N);NoOp;NoOp;NoOp;NoOp;NoOp
17836954673:NoOp;Move(E);NoOp;NoOp;NoOp;NoOp;NoOp
17837645274:NoOp;Pull(W,E);NoOp;NoOp;NoOp;NoOp;NoOp
17838377670:NoOp;Pull(S,E);NoOp;NoOp;NoOp;NoOp;NoOp
17839096191:NoOp;Pull(S,N);NoOp;NoOp;NoOp;NoOp;NoOp
17839655917:NoOp;Pull(S,N);NoOp;NoOp;NoOp;NoOp;NoOp
17840276111:NoOp;Push(N,W);NoOp;NoOp;NoOp;NoOp;NoOp
18283514455:NoOp;NoOp;NoOp;NoOp;NoOp;NoOp;NoOp
18852733115:NoOp;NoOp;NoOp;NoOp;NoOp;NoOp;NoOp
18853342841:NoOp;Move(N);NoOp;NoOp;NoOp;NoOp;NoOp
18853877728:NoOp;Move(N);NoOp;NoOp;NoOp;NoOp;NoOp
18854443912:NoOp;Move(E);NoOp;NoOp;NoOp;NoOp;NoOp
18854970566:NoOp;Move(E);NoOp;NoOp;NoOp;NoOp;NoOp
18855532281:NoOp;Pull(W,E);NoOp;NoOp;NoOp;NoOp;NoOp
18856060519:NoOp;Pull(W,E);NoOp;NoOp;NoOp;NoOp;NoOp
18856689097:NoOp;Pull(S,E);NoOp;NoOp;NoOp;NoOp;NoOp
18857443331:NoOp;Pull(S,N);NoOp;NoOp;NoOp;NoOp;NoOp
18858037484:NoOp;Pull(S,N);NoOp;NoOp;NoOp;NoOp;NoOp
18858572723:NoOp;NoOp;NoOp;NoOp;NoOp;NoOp;NoOp
19407032492:NoOp;NoOp;NoOp;NoOp;NoOp;NoOp;NoOp
19407568578:NoOp;Pull(E,N);NoOp;NoOp;NoOp;NoOp;NoOp
19408096100:NoOp;NoOp;NoOp;NoOp;NoOp;NoOp;NoOp
19882901323:NoOp;NoOp;NoOp;NoOp;NoOp;NoOp;NoOp
19893399800:NoOp;NoOp;NoOp;NoOp;NoOp;NoOp;NoOp
19905820274:NoOp;NoOp;NoOp;NoOp;NoOp;NoOp;NoOp
19909122997:Move(W);NoOp;NoOp;NoOp;NoOp;NoOp;NoOp
19911979286:Move(W);Push(W,W);NoOp;NoOp;NoOp;NoOp;NoOp
19912720084:NoOp;Push(W,W);NoOp;NoOp;NoOp;NoOp;NoOp
19913352651:NoOp;Push(W,N);NoOp;NoOp;NoOp;NoOp;NoOp
19913865335:NoOp;Push(N,N);NoOp;NoOp;NoOp;NoOp;NoOp
19914628860:NoOp;Push(N,N);NoOp;NoOp;NoOp;NoOp;NoOp
19915136299:NoOp;Push(N,N);NoOp;NoOp;NoOp;NoOp;NoOp
19915655532:NoOp;Push(N,N);NoOp;NoOp;NoOp;NoOp;NoOp
19916430469:NoOp;Push(N,E);NoOp;NoOp;NoOp;NoOp;NoOp
19917044486:NoOp;Push(E,E);NoOp;NoOp;NoOp;NoOp;NoOp
19917555971:NoOp;Push(E,E);NoOp;NoOp;NoOp;NoOp;NoOp
19918062740:NoOp;Push(E,E);NoOp;NoOp;NoOp;NoOp;NoOp
19918599465:NoOp;Push(E,E);NoOp;NoOp;NoOp;NoOp;NoOp
19919147081:NoOp;Push(E,E);NoOp;NoOp;NoOp;NoOp;NoOp
19919727148:NoOp;Push(E,N);NoOp;NoOp;NoOp;NoOp;NoOp
19920353115:NoOp;Push(N,N);NoOp;NoOp;NoOp;NoOp;NoOp
19920892855:NoOp;Push(N,W);NoOp;NoOp;NoOp;NoOp;NoOp
19921451613:NoOp;Push(W,W);NoOp;NoOp;NoOp;NoOp;NoOp
19922052058:NoOp;Push(W,W);NoOp;NoOp;NoOp;NoOp;NoOp
19922837985:NoOp;Push(W,W);NoOp;NoOp;NoOp;NoOp;NoOp
19923903117:NoOp;Push(W,W);NoOp;NoOp;NoOp;NoOp;NoOp
19924798145:NoOp;Push(W,W);NoOp;NoOp;NoOp;NoOp;NoOp
19925792630:NoOp;Push(W,W);NoOp;NoOp;NoOp;NoOp;NoOp
19926970213:NoOp;Push(W,W);NoOp;NoOp;NoOp;NoOp;NoOp
19927945979:NoOp;Push(W,W);NoOp;NoOp;NoOp;NoOp;NoOp
19929076136:NoOp;Push(W,W);NoOp;NoOp;NoOp;NoOp;NoOp
19930109806:NoOp;Push(W,N);NoOp;NoOp;NoOp;NoOp;NoOp
19931383897:NoOp;Push(N,N);NoOp;NoOp;NoOp;NoOp;NoOp
19932940886:NoOp;Push(N,W);NoOp;NoOp;NoOp;NoOp;NoOp
19934098571:NoOp;Push(W,W);NoOp;NoOp;NoOp;NoOp;NoOp
19935227322:NoOp;Push(W,S);NoOp;NoOp;NoOp;NoOp;NoOp
19936541387:NoOp;Push(S,S);NoOp;NoOp;NoOp;NoOp;NoOp
19937602053:NoOp;Push(S,W);NoOp;NoOp;NoOp;NoOp;NoOp
19938612390:NoOp;Push(W,W);NoOp;NoOp;NoOp;NoOp;NoOp
19939484563:NoOp;Push(W,N);NoOp;NoOp;NoOp;NoOp;NoOp
19940386463:NoOp;Push(N,N);NoOp;NoOp;NoOp;NoOp;NoOp
19941213885:NoOp;Push(N,W);NoOp;NoOp;NoOp;NoOp;NoOp
19942002946:NoOp;Push(W,N);NoOp;NoOp;NoOp;NoOp;NoOp
19942749742:NoOp;Push(N,N);NoOp;NoOp;NoOp;NoOp;NoOp
19943414700:NoOp;Push(N,N);NoOp;NoOp;NoOp;NoOp;NoOp
19944015009:NoOp;Push(N,N);NoOp;NoOp;NoOp;NoOp;NoOp
19944686055:NoOp;Push(N,E);NoOp;NoOp;NoOp;NoOp;NoOp
19945283258:NoOp;Push(E,E);NoOp;NoOp;NoOp;NoOp;NoOp
19945946634:NoOp;Push(E,E);NoOp;NoOp;NoOp;NoOp;NoOp
19946530023:NoOp;Push(E,S);NoOp;NoOp;NoOp;NoOp;NoOp
19947158246:NoOp;Push(S,S);NoOp;NoOp;NoOp;NoOp;NoOp
19947736958:NoOp;Push(S,E);NoOp;NoOp;NoOp;NoOp;NoOp
19948345067:NoOp;Push(E,E);NoOp;NoOp;NoOp;NoOp;NoOp
19948913283:NoOp;Push(E,E);NoOp;NoOp;NoOp;NoOp;NoOp
19949483345:NoOp;Push(E,E);NoOp;NoOp;NoOp;NoOp;NoOp
19950123787:NoOp;Push(E,E);NoOp;NoOp;NoOp;NoOp;NoOp
19950703000:NoOp;Push(E,E);NoOp;NoOp;NoOp;NoOp;NoOp
19951317455:NoOp;Push(E,E);NoOp;NoOp;NoOp;NoOp;NoOp
19951889683:NoOp;Push(E,E);NoOp;NoOp;NoOp;NoOp;NoOp
19952449481:NoOp;Push(E,E);NoOp;NoOp;NoOp;NoOp;NoOp
19953140502:NoOp;Push(E,E);NoOp;NoOp;NoOp;NoOp;NoOp
19953740147:NoOp;Push(E,E);NoOp;NoOp;NoOp;NoOp;NoOp
19954298511:NoOp;Push(E,E);NoOp;NoOp;NoOp;NoOp;NoOp
19955004895:NoOp;Push(E,E);NoOp;NoOp;NoOp;NoOp;NoOp
19955555126:NoOp;Push(E,E);NoOp;NoOp;NoOp;NoOp;NoOp
20110176850:NoOp;Move(W);NoOp;NoOp;NoOp;NoOp;NoOp
20110760975:NoOp;Move(W);NoOp;NoOp;NoOp;NoOp;NoOp
20111383401:NoOp;Move(W);NoOp;NoOp;NoOp;NoOp;NoOp
20111943256:NoOp;Move(W);NoOp;NoOp;NoOp;NoOp;NoOp
20112572787:NoOp;Move(W);NoOp;NoOp;NoOp;NoOp;NoOp
20113120205:NoOp;Move(W);NoOp;NoOp;NoOp;NoOp;NoOp
20113839934:NoOp;Move(W);NoOp;NoOp;NoOp;NoOp;NoOp
20114498058:NoOp;Move(W);NoOp;NoOp;NoOp;NoOp;NoOp
20115098488:NoOp;Move(W);NoOp;NoOp;NoOp;NoOp;NoOp
20115654495:NoOp;Move(W);NoOp;NoOp;NoOp;NoOp;NoOp
20116226198:NoOp;Move(W);NoOp;NoOp;NoOp;NoOp;NoOp
20116850672:NoOp;Move(N);NoOp;NoOp;NoOp;NoOp;NoOp
20117520954:NoOp;Move(N);NoOp;NoOp;NoOp;NoOp;NoOp
20118072423:NoOp;Move(W);NoOp;NoOp;NoOp;NoOp;NoOp
20118658432:NoOp;Move(W);NoOp;NoOp;NoOp;NoOp;NoOp
20119240912:NoOp;Move(W);NoOp;NoOp;NoOp;NoOp;NoOp
20119852327:NoOp;Move(W);NoOp;NoOp;NoOp;NoOp;NoOp
20120441629:NoOp;Move(S);NoOp;NoOp;NoOp;NoOp;NoOp
20120990579:NoOp;Move(S);NoOp;NoOp;NoOp;NoOp;NoOp
20121550142:NoOp;Move(W);NoOp;NoOp;NoOp;NoOp;NoOp
20122092424:NoOp;Move(S);NoOp;NoOp;NoOp;NoOp;NoOp
20122674966:NoOp;Move(S);NoOp;NoOp;NoOp;NoOp;NoOp
20123228511:NoOp;Move(S);NoOp;NoOp;NoOp;NoOp;NoOp
20123942208:NoOp;Move(S);NoOp;NoOp;NoOp;NoOp;NoOp
20124688022:NoOp;Move(E);NoOp;NoOp;NoOp;NoOp;NoOp
20125302366:NoOp;Move(E);NoOp;NoOp;NoOp;NoOp;NoOp
20125853779:NoOp;Move(E);NoOp;NoOp;NoOp;NoOp;NoOp
20126402837:NoOp;Move(N);NoOp;NoOp;NoOp;NoOp;NoOp
20127113579:NoOp;Move(N);NoOp;NoOp;NoOp;NoOp;NoOp
20127767274:NoOp;Move(E);NoOp;NoOp;NoOp;NoOp;NoOp
20128363370:NoOp;Move(E);NoOp;NoOp;NoOp;NoOp;NoOp
20128918496:NoOp;Move(S);NoOp;NoOp;NoOp;NoOp;NoOp
20129534767:NoOp;Move(S);NoOp;NoOp;NoOp;NoOp;NoOp
20130180242:NoOp;Move(E);NoOp;NoOp;NoOp;NoOp;NoOp
20130744990:NoOp;Move(E);NoOp;NoOp;NoOp;NoOp;NoOp
20131320484:NoOp;Move(E);NoOp;NoOp;NoOp;NoOp;NoOp
20131869136:NoOp;Move(E);NoOp;NoOp;NoOp;NoOp;NoOp
20132417242:NoOp;Move(E);NoOp;NoOp;NoOp;NoOp;NoOp
20133144316:NoOp;Move(E);NoOp;NoOp;NoOp;NoOp;NoOp
20133887958:NoOp;Move(E);NoOp;NoOp;NoOp;NoOp;NoOp
20134542612:NoOp;Move(E);NoOp;NoOp;NoOp;NoOp;NoOp
20135124196:NoOp;Move(E);NoOp;NoOp;NoOp;NoOp;NoOp
20135686369:NoOp;Move(E);NoOp;NoOp;NoOp;NoOp;NoOp
20136231774:NoOp;Move(S);NoOp;NoOp;NoOp;NoOp;NoOp
20136895755:NoOp;Move(S);NoOp;NoOp;NoOp;NoOp;NoOp
20137537078:NoOp;Move(W);NoOp;NoOp;NoOp;NoOp;NoOp
20138200932:NoOp;Move(W);NoOp;NoOp;NoOp;NoOp;NoOp
20138748717:NoOp;Move(W);NoOp;NoOp;NoOp;NoOp;NoOp
20139297937:NoOp;Move(W);NoOp;NoOp;NoOp;NoOp;NoOp
20139927636:NoOp;Move(W);NoOp;NoOp;NoOp;NoOp;NoOp
20140518346:NoOp;Move(W);NoOp;NoOp;NoOp;NoOp;NoOp
20141065761:NoOp;Move(S);NoOp;NoOp;NoOp;NoOp;NoOp
20141862285:NoOp;Move(S);NoOp;NoOp;NoOp;NoOp;NoOp
20142413757:NoOp;Move(S);NoOp;NoOp;NoOp;NoOp;NoOp
20143084112:NoOp;Move(S);NoOp;NoOp;NoOp;NoOp;NoOp
20143783834:NoOp;Move(S);NoOp;NoOp;NoOp;NoOp;NoOp
20144343068:NoOp;Move(E);NoOp;NoOp;NoOp;NoOp;NoOp
20144924792:NoOp;Move(E);NoOp;NoOp;NoOp;NoOp;NoOp
20145490312:NoOp;Move(N);NoOp;NoOp;NoOp;NoOp;NoOp
20146070748:NoOp;Push(E,S);NoOp;NoOp;NoOp;NoOp;NoOp
20399227862:NoOp;Push(S,W);NoOp;NoOp;NoOp;NoOp;NoOp
20788257027:Move(E);Push(W,W);NoOp;NoOp;NoOp;NoOp;NoOp
20802262605:NoOp;NoOp;NoOp;NoOp;NoOp;NoOp;NoOp
20835136302:NoOp;NoOp;NoOp;NoOp;NoOp;NoOp;NoOp
20837506004:Move(W);NoOp;NoOp;NoOp;NoOp;NoOp;NoOp
20838603720:NoOp;Push(W,W);NoOp;NoOp;NoOp;NoOp;NoOp
20839256853:NoOp;Push(W,N);NoOp;NoOp;NoOp;NoOp;NoOp
20839860601:NoOp;Push(N,N);NoOp;NoOp;NoOp;NoOp;NoOp
20840634907:NoOp;Push(N,N);NoOp;NoOp;NoOp;NoOp;NoOp
20841193539:NoOp;Push(N,N);NoOp;NoOp;NoOp;NoOp;NoOp
20841797935:NoOp;Push(N,N);NoOp;NoOp;NoOp;NoOp;NoOp
20842400401:NoOp;Push(N,E);NoOp;NoOp;NoOp;NoOp;NoOp
20843000744:NoOp;Push(E,E);NoOp;NoOp;NoOp;NoOp;NoOp
20843619760:NoOp;Push(E,E);NoOp;NoOp;NoOp;NoOp;NoOp
20844210707:NoOp;Push(E,E);NoOp;NoOp;NoOp;NoOp;NoOp
20844763953:NoOp;Push(E,E);NoOp;NoOp;NoOp;NoOp;NoOp
20845364032:NoOp;Push(E,E);NoOp;NoOp;NoOp;NoOp;NoOp
20845917845:NoOp;Push(E,N);NoOp;NoOp;NoOp;NoOp;NoOp
20846541196:NoOp;Push(N,N);NoOp;NoOp;NoOp;NoOp;NoOp
20847174696:NoOp;Push(N,W);NoOp;NoOp;NoOp;NoOp;NoOp
20848211012:NoOp;Push(W,W);NoOp;NoOp;NoOp;NoOp;NoOp
20848860464:NoOp;Push(W,W);NoOp;NoOp;NoOp;NoOp;NoOp
20849483280:NoOp;Push(W,W);NoOp;NoOp;NoOp;NoOp;NoOp
20850514646:NoOp;Push(W,W);NoOp;NoOp;NoOp;NoOp;NoOp
20851284796:NoOp;Push(W,W);NoOp;NoOp;NoOp;NoOp;NoOp
20852045867:NoOp;Push(W,W);NoOp;NoOp;NoOp;NoOp;NoOp
20852807598:NoOp;Push(W,W);NoOp;NoOp;NoOp;NoOp;NoOp
20853994092:NoOp;Push(W,W);NoOp;NoOp;NoOp;NoOp;NoOp
20854847127:NoOp;Push(W,W);NoOp;NoOp;NoOp;NoOp;NoOp
20855866749:NoOp;Push(W,N);NoOp;NoOp;NoOp;NoOp;NoOp
20857206703:NoOp;Push(N,N);NoOp;NoOp;NoOp;NoOp;NoOp
20858726789:NoOp;Push(N,W);NoOp;NoOp;NoOp;NoOp;NoOp
20859711365:NoOp;Push(W,W);NoOp;NoOp;NoOp;NoOp;NoOp
20860742442:NoOp;Push(W,S);NoOp;NoOp;NoOp;NoOp;NoOp
20861637220:NoOp;Push(S,S);NoOp;NoOp;NoOp;NoOp;NoOp
20862532902:NoOp;Push(S,W);NoOp;NoOp;NoOp;NoOp;NoOp
20863535119:NoOp;Push(W,W);NoOp;NoOp;NoOp;NoOp;NoOp
20864338029:NoOp;Push(W,N);NoOp;NoOp;NoOp;NoOp;NoOp
20865122668:NoOp;Push(N,N);NoOp;NoOp;NoOp;NoOp;NoOp
20865905115:NoOp;Push(N,W);NoOp;NoOp;NoOp;NoOp;NoOp
20866684304:NoOp;Push(W,N);NoOp;NoOp;NoOp;NoOp;NoOp
20867605228:NoOp;Push(N,N);NoOp;NoOp;NoOp;NoOp;NoOp
20868179077:NoOp;Push(N,N);NoOp;NoOp;NoOp;NoOp;NoOp
20868815785:NoOp;Push(N,N);NoOp;NoOp;NoOp;NoOp;NoOp
20869467466:NoOp;Push(N,E);NoOp;NoOp;NoOp;NoOp;NoOp
20870186640:NoOp;Push(E,E);NoOp;NoOp;NoOp;NoOp;NoOp
20870848725:NoOp;Push(E,E);NoOp;NoOp;NoOp;NoOp;NoOp
20871400307:NoOp;Push(E,S);NoOp;NoOp;NoOp;NoOp;NoOp
20872008138:NoOp;Push(S,S);NoOp;NoOp;NoOp;NoOp;NoOp
20872561880:NoOp;Push(S,E);NoOp;NoOp;NoOp;NoOp;NoOp
20873165539:NoOp;Push(E,E);NoOp;NoOp;NoOp;NoOp;NoOp
20873828361:NoOp;Push(E,E);NoOp;NoOp;NoOp;NoOp;NoOp
20874382392:NoOp;Push(E,E);NoOp;NoOp;NoOp;NoOp;NoOp
20874937170:NoOp;Push(E,E);NoOp;NoOp;NoOp;NoOp;NoOp
20875489766:NoOp;Push(E,E);NoOp;NoOp;NoOp;NoOp;NoOp
20876157110:NoOp;Push(E,E);NoOp;NoOp;NoOp;NoOp;NoOp
20877093230:NoOp;Push(E,E);NoOp;NoOp;NoOp;NoOp;NoOp
20877689481:NoOp;Push(E,E);NoOp;NoOp;NoOp;NoOp;NoOp
20878242138:NoOp;Push(E,E);NoOp;NoOp;NoOp;NoOp;NoOp
20878860891:NoOp;Push(E,E);NoOp;NoOp;NoOp;NoOp;NoOp
20879448928:NoOp;Push(E,E);NoOp;NoOp;NoOp;NoOp;NoOp
20880113549:NoOp;Push(E,E);NoOp;NoOp;NoOp;NoOp;NoOp
21151313212:NoOp;Move(W);NoOp;NoOp;NoOp;NoOp;NoOp
21151917886:NoOp;Move(W);NoOp;NoOp;NoOp;NoOp;NoOp
21152505579:NoOp;Move(W);NoOp;NoOp;NoOp;NoOp;NoOp
21153058371:NoOp;Move(W);NoOp;NoOp;NoOp;NoOp;NoOp
21153662784:NoOp;Move(W);NoOp;NoOp;NoOp;NoOp;NoOp
21154263902:NoOp;Move(W);NoOp;NoOp;NoOp;NoOp;NoOp
21154905414:NoOp;Move(W);NoOp;NoOp;NoOp;NoOp;NoOp
21155506394:NoOp;Move(W);NoOp;NoOp;NoOp;NoOp;NoOp
21156077711:NoOp;Move(W);NoOp;NoOp;NoOp;NoOp;NoOp
21156838886:NoOp;Move(W);NoOp;NoOp;NoOp;NoOp;NoOp
21157465663:NoOp;Move(N);NoOp;NoOp;NoOp;NoOp;NoOp
21158042771:NoOp;Move(N);NoOp;NoOp;NoOp;NoOp;NoOp
21158650773:NoOp;Move(W);NoOp;NoOp;NoOp;NoOp;NoOp
21159228419:NoOp;Move(W);NoOp;NoOp;NoOp;NoOp;NoOp
21159782499:NoOp;Move(W);NoOp;NoOp;NoOp;NoOp;NoOp
21160427524:NoOp;Move(W);NoOp;NoOp;NoOp;NoOp;NoOp
21160976230:NoOp;Move(S);NoOp;NoOp;NoOp;NoOp;NoOp
21161525809:NoOp;Move(S);NoOp;NoOp;NoOp;NoOp;NoOp
21162078987:NoOp;Move(W);NoOp;NoOp;NoOp;NoOp;NoOp
21162685737:NoOp;Move(S);NoOp;NoOp;NoOp;NoOp;NoOp
21163261400:NoOp;Move(S);NoOp;NoOp;NoOp;NoOp;NoOp
21163829567:NoOp;Move(S);NoOp;NoOp;NoOp;NoOp;NoOp
21164381773:NoOp;Move(S);NoOp;NoOp;NoOp;NoOp;NoOp
21164966454:NoOp;Move(E);NoOp;NoOp;NoOp;NoOp;NoOp
21165569996:NoOp;Move(E);NoOp;NoOp;NoOp;NoOp;NoOp
21166243923:NoOp;Move(E);NoOp;NoOp;NoOp;NoOp;NoOp
21166959070:NoOp;Move(N);NoOp;NoOp;NoOp;NoOp;NoOp
21167556520:NoOp;Move(N);NoOp;NoOp;NoOp;NoOp;NoOp
21168102141:NoOp;Move(E);NoOp;NoOp;NoOp;NoOp;NoOp
21168647717:NoOp;Move(E);NoOp;NoOp;NoOp;NoOp;NoOp
21169193663:NoOp;Move(S);NoOp;NoOp;NoOp;NoOp;NoOp
21169744449:NoOp;Move(S);NoOp;NoOp;NoOp;NoOp;NoOp
21170421660:NoOp;Move(E);NoOp;NoOp;NoOp;NoOp;NoOp
21170950770:NoOp;Move(E);NoOp;NoOp;NoOp;NoOp;NoOp
21171529631:NoOp;Move(E);NoOp;NoOp;NoOp;NoOp;NoOp
21172047539:NoOp;Move(E);NoOp;NoOp;NoOp;NoOp;NoOp
21172600719:NoOp;Move(E);NoOp;NoOp;NoOp;NoOp;NoOp
21173114071:NoOp;Move(E);NoOp;NoOp;NoOp;NoOp;NoOp
21173740725:NoOp;Move(E);NoOp;NoOp;NoOp;NoOp;NoOp
21174255348:NoOp;Move(E);NoOp;NoOp;NoOp;NoOp;NoOp
21174770435:NoOp;Move(E);NoOp;NoOp;NoOp;NoOp;NoOp
21175396454:NoOp;Move(E);NoOp;NoOp;NoOp;NoOp;NoOp
21175992332:NoOp;Move(S);NoOp;NoOp;NoOp;NoOp;NoOp
21176855621:NoOp;Move(S);NoOp;NoOp;NoOp;NoOp;NoOp
21177516716:NoOp;Move(W);NoOp;NoOp;NoOp;NoOp;NoOp
21178207328:NoOp;Move(W);NoOp;NoOp;NoOp;NoOp;NoOp
21178869399:NoOp;Move(W);NoOp;NoOp;NoOp;NoOp;NoOp
21179511910:NoOp;Move(W);NoOp;NoOp;NoOp;NoOp;NoOp
21180142413:NoOp;Move(W);NoOp;NoOp;NoOp;NoOp;NoOp
21180697353:NoOp;Move(W);NoOp;NoOp;NoOp;NoOp;NoOp
21181246508:NoOp;Move(S);NoOp;NoOp;NoOp;NoOp;NoOp
21182019837:NoOp;Move(S);NoOp;NoOp;NoOp;NoOp;NoOp
21182607658:NoOp;Move(S);NoOp;NoOp;NoOp;NoOp;NoOp
21183208384:NoOp;Move(S);NoOp;NoOp;NoOp;NoOp;NoOp
21183815411:NoOp;Move(S);NoOp;NoOp;NoOp;NoOp;NoOp
21184357377:NoOp;Move(E);NoOp;NoOp;NoOp;NoOp;NoOp
21184901680:NoOp;Move(E);NoOp;NoOp;NoOp;NoOp;NoOp
21224684910:NoOp;NoOp;NoOp;NoOp;NoOp;NoOp;NoOp
21440447654:NoOp;Move(N);NoOp;NoOp;NoOp;NoOp;NoOp
21463850279:Move(E);NoOp;NoOp;NoOp;NoOp;NoOp;NoOp
22155353096:NoOp;NoOp;NoOp;NoOp;NoOp;NoOp;NoOp
22469259722:NoOp;Move(S);NoOp;NoOp;NoOp;NoOp;NoOp
22784404965:NoOp;NoOp;NoOp;NoOp;NoOp;NoOp;NoOp
23398165618:NoOp;NoOp;NoOp;NoOp;NoOp;NoOp;NoOp
23599633987:Move(E);NoOp;NoOp;NoOp;NoOp;NoOp;NoOp
23800650674:NoOp;NoOp;NoOp;NoOp;NoOp;NoOp;NoOp
24002710675:NoOp;Move(E);NoOp;NoOp;NoOp;NoOp;NoOp
24200455542:Move(E);NoOp;NoOp;NoOp;NoOp;NoOp;NoOp
24393689535:Move(N);NoOp;NoOp;NoOp;NoOp;NoOp;NoOp
24582630124:Move(N);NoOp;NoOp;NoOp;NoOp;NoOp;NoOp
25175430709:Move(N);NoOp;NoOp;NoOp;NoOp;NoOp;NoOp
25351082719:Move(E);NoOp;NoOp;NoOp;NoOp;NoOp;NoOp
25516460933:Move(E);NoOp;NoOp;NoOp;NoOp;NoOp;NoOp
25685026409:Move(E);NoOp;NoOp;NoOp;NoOp;NoOp;NoOp
25851897621:Pull(W,E);NoOp;NoOp;NoOp;NoOp;NoOp;NoOp
26014380015:Pull(W,E);NoOp;NoOp;NoOp;NoOp;NoOp;NoOp
26176377813:Pull(W,E);NoOp;NoOp;NoOp;NoOp;NoOp;NoOp
26344475853:Pull(S,E);NoOp;NoOp;NoOp;NoOp;NoOp;NoOp
26502061545:Pull(S,N);NoOp;NoOp;NoOp;NoOp;NoOp;NoOp
26659459105:Pull(E,N);NoOp;NoOp;NoOp;NoOp;NoOp;NoOp
26818629633:Push(W,S);NoOp;NoOp;NoOp;NoOp;NoOp;NoOp
26964532235:Move(E);NoOp;NoOp;NoOp;NoOp;NoOp;NoOp
27108784169:NoOp;NoOp;NoOp;NoOp;NoOp;NoOp;NoOp
27241883511:NoOp;NoOp;NoOp;NoOp;NoOp;NoOp;NoOp
27293027628:NoOp;NoOp;NoOp;NoOp;NoOp;NoOp;NoOp
27315633700:NoOp;NoOp;NoOp;NoOp;NoOp;NoOp;NoOp
27321629144:NoOp;Move(E);NoOp;NoOp;NoOp;NoOp;NoOp
27330591932:Move(S);NoOp;NoOp;NoOp;NoOp;NoOp;NoOp
27403484088:Pull(N,W);Move(N);NoOp;NoOp;NoOp;NoOp;NoOp
27522651590:NoOp;NoOp;NoOp;NoOp;NoOp;NoOp;NoOp
27641063346:NoOp;NoOp;NoOp;NoOp;NoOp;NoOp;NoOp
27643884160:Move(W);NoOp;NoOp;NoOp;NoOp;NoOp;NoOp
27646552995:Move(S);Move(W);NoOp;NoOp;NoOp;NoOp;NoOp
27859619294:NoOp;Move(W);NoOp;NoOp;NoOp;NoOp;NoOp
28048251997:NoOp;Move(N);NoOp;NoOp;NoOp;NoOp;NoOp
28235577794:NoOp;Move(N);NoOp;NoOp;NoOp;NoOp;NoOp
28236212187:NoOp;Move(E);NoOp;NoOp;NoOp;NoOp;NoOp
28236880468:NoOp;Move(E);NoOp;NoOp;NoOp;NoOp;NoOp
28237744950:NoOp;Move(E);NoOp;NoOp;NoOp;NoOp;NoOp
28238383347:NoOp;Move(E);NoOp;NoOp;NoOp;NoOp;NoOp
28238967578:NoOp;Pull(W,E);NoOp;NoOp;NoOp;NoOp;NoOp
28239564728:NoOp;Pull(W,E);NoOp;NoOp;NoOp;NoOp;NoOp
28240206370:NoOp;Pull(W,E);NoOp;NoOp;NoOp;NoOp;NoOp
28240792378:NoOp;Pull(W,E);NoOp;NoOp;NoOp;NoOp;NoOp
28241479041:NoOp;Pull(S,E);NoOp;NoOp;NoOp;NoOp;NoOp
28242149929:NoOp;Pull(S,N);NoOp;NoOp;NoOp;NoOp;NoOp
28242811033:NoOp;NoOp;NoOp;NoOp;NoOp;NoOp;NoOp
28250275336:NoOp;NoOp;NoOp;NoOp;NoOp;NoOp;NoOp
28259712067:Move(W);NoOp;NoOp;NoOp;NoOp;NoOp;NoOp
28269338820:NoOp;Pull(S,N);NoOp;NoOp;NoOp;NoOp;NoOp
28275201542:NoOp;Push(N,E);NoOp;NoOp;NoOp;NoOp;NoOp
28326744681:NoOp;Push(E,E);NoOp;NoOp;NoOp;NoOp;NoOp
28347204818:NoOp;Push(E,E);NoOp;NoOp;NoOp;NoOp;NoOp
28347817656:Move(E);NoOp;NoOp;NoOp;NoOp;NoOp;NoOp
28433370875:Move(N);Pull(S,E);NoOp;NoOp;NoOp;NoOp;NoOp
28433920810:Move(N);Push(N,W);NoOp;NoOp;NoOp;NoOp;NoOp
28434493982:Move(N);Push(W,W);NoOp;NoOp;NoOp;NoOp;NoOp
28435054174:Move(E);Push(W,S);NoOp;NoOp;NoOp;NoOp;NoOp
28435621623:Move(E);Push(S,W);NoOp;NoOp;NoOp;NoOp;NoOp
28436128748:Move(E);Push(W,W);NoOp;NoOp;NoOp;NoOp;NoOp
28436705079:Move(E);Push(W,N);NoOp;NoOp;NoOp;NoOp;NoOp
28437486019:Move(E);Push(N,N);NoOp;NoOp;NoOp;NoOp;NoOp
28438255699:Pull(W,E);Push(N,N);NoOp;NoOp;NoOp;NoOp;NoOp
28438771209:Pull(W,E);Push(N,N);NoOp;NoOp;NoOp;NoOp;NoOp
28439292316:Pull(W,E);Push(N,N);NoOp;NoOp;NoOp;NoOp;NoOp
28439804604:Pull(W,E);Push(N,E);NoOp;NoOp;NoOp;NoOp;NoOp
28440437554:Pull(W,E);Push(E,E);NoOp;NoOp;NoOp;NoOp;NoOp
28440969290:Pull(S,E);Push(E,E);NoOp;NoOp;NoOp;NoOp;NoOp
28441493868:Pull(S,N);Push(E,E);NoOp;NoOp;NoOp;NoOp;NoOp
28442007173:Pull(E,N);Push(E,E);NoOp;NoOp;NoOp;NoOp;NoOp
28442579761:Push(W,S);Push(E,E);NoOp;NoOp;NoOp;NoOp;NoOp
28443089675:NoOp;Push(E,N);NoOp;NoOp;NoOp;NoOp;NoOp
28526290268:Push(S,W);Push(N,N);NoOp;NoOp;NoOp;NoOp;NoOp
28526998349:Push(W,W);Push(N,W);NoOp;NoOp;NoOp;NoOp;NoOp
28527745059:Push(W,N);Push(W,W);NoOp;NoOp;NoOp;NoOp;NoOp
28528314822:Push(N,N);Push(W,W);NoOp;NoOp;NoOp;NoOp;NoOp
28528958556:Push(N,N);Push(W,W);NoOp;NoOp;NoOp;NoOp;NoOp
28529477908:Push(N,N);Push(W,W);NoOp;NoOp;NoOp;NoOp;NoOp
28530067798:Push(N,N);Push(W,W);NoOp;NoOp;NoOp;NoOp;NoOp
28530604614:Push(N,E);Push(W,W);NoOp;NoOp;NoOp;NoOp;NoOp
28531153733:Push(E,E);Push(W,W);NoOp;NoOp;NoOp;NoOp;NoOp
28531678073:Push(E,E);Push(W,W);NoOp;NoOp;NoOp;NoOp;NoOp
28532198284:Push(E,E);Push(W,W);NoOp;NoOp;NoOp;NoOp;NoOp
28532732996:Push(E,E);Push(W,N);NoOp;NoOp;NoOp;NoOp;NoOp
28533288893:Push(E,E);Push(N,N);NoOp;NoOp;NoOp;NoOp;NoOp
28533868459:Push(E,E);Push(N,W);NoOp;NoOp;NoOp;NoOp;NoOp
28534388791:Push(E,N);Push(W,W);NoOp;NoOp;NoOp;NoOp;NoOp
28534907414:Push(N,N);Push(W,S);NoOp;NoOp;NoOp;NoOp;NoOp
28535452150:Push(N,W);Push(S,S);NoOp;NoOp;NoOp;NoOp;NoOp
28535967508:Push(W,W);Push(S,W);NoOp;NoOp;NoOp;NoOp;NoOp
28536497392:Push(W,W);Push(W,W);NoOp;NoOp;NoOp;NoOp;NoOp
28537104393:Push(W,W);Push(W,N);NoOp;NoOp;NoOp;NoOp;NoOp
28537863273:Push(W,W);Push(N,N);NoOp;NoOp;NoOp;NoOp;NoOp
28538413424:Push(W,W);Push(N,W);NoOp;NoOp;NoOp;NoOp;NoOp
28539004355:Push(W,W);Push(W,N);NoOp;NoOp;NoOp;NoOp;NoOp
28539605982:Push(W,W);Push(N,N);NoOp;NoOp;NoOp;NoOp;NoOp
28540220557:Push(W,W);Push(N,N);NoOp;NoOp;NoOp;NoOp;NoOp
28540749369:Push(W,W);Push(N,N);NoOp;NoOp;NoOp;NoOp;NoOp
28541282127:Push(W,W);Push(N,E);NoOp;NoOp;NoOp;NoOp;NoOp
28541799119:Push(W,N);Push(E,E);NoOp;NoOp;NoOp;NoOp;NoOp
28542355758:Push(N,N);Push(E,E);NoOp;NoOp;NoOp;NoOp;NoOp
28542881582:Push(N,W);Push(E,S);NoOp;NoOp;NoOp;NoOp;NoOp
28543451601:Push(W,W);Push(S,S);NoOp;NoOp;NoOp;NoOp;NoOp
28543968283:Push(W,S);Push(S,E);NoOp;NoOp;NoOp;NoOp;NoOp
28544507264:Push(S,S);Push(E,E);NoOp;NoOp;NoOp;NoOp;NoOp
28545018815:Push(S,W);Push(E,E);NoOp;NoOp;NoOp;NoOp;NoOp
28545541318:Push(W,W);Push(E,E);NoOp;NoOp;NoOp;NoOp;NoOp
28546049423:Push(W,N);Push(E,E);NoOp;NoOp;NoOp;NoOp;NoOp
28546559692:Push(N,N);Push(E,E);NoOp;NoOp;NoOp;NoOp;NoOp
28547408514:Push(N,W);Push(E,E);NoOp;NoOp;NoOp;NoOp;NoOp
28548037071:Push(W,N);Push(E,E);NoOp;NoOp;NoOp;NoOp;NoOp
28548570901:Push(N,N);Push(E,E);NoOp;NoOp;NoOp;NoOp;NoOp
28549081559:Push(N,N);Push(E,E);NoOp;NoOp;NoOp;NoOp;NoOp
28549593398:Push(N,N);Push(E,E);NoOp;NoOp;NoOp;NoOp;NoOp
28550175655:Push(N,E);Push(E,E);NoOp;NoOp;NoOp;NoOp;NoOp
28550757534:Push(E,E);NoOp;NoOp;NoOp;NoOp;NoOp;NoOp
28551302643:Push(E,E);NoOp;NoOp;NoOp;NoOp;NoOp;NoOp
28551824131:Push(E,E);NoOp;NoOp;NoOp;NoOp;NoOp;NoOp
28552379672:Push(E,E);NoOp;NoOp;NoOp;NoOp;NoOp;NoOp
28552903974:Push(E,E);NoOp;NoOp;NoOp;NoOp;NoOp;NoOp
28553486528:Push(E,E);NoOp;NoOp;NoOp;NoOp;NoOp;NoOp
28554009075:Push(E,E);NoOp;NoOp;NoOp;NoOp;NoOp;NoOp
28554530783:Push(E,E);NoOp;NoOp;NoOp;NoOp;NoOp;NoOp
28555097427:Push(E,E);NoOp;NoOp;NoOp;NoOp;NoOp;NoOp
28555649447:Push(E,E);NoOp;NoOp;NoOp;NoOp;NoOp;NoOp
28556452743:Push(E,E);NoOp;NoOp;NoOp;NoOp;NoOp;NoOp
28557374630:Push(E,E);NoOp;NoOp;NoOp;NoOp;NoOp;NoOp
28558075991:Push(E,E);NoOp;NoOp;NoOp;NoOp;NoOp;NoOp
28558772571:Push(E,E);NoOp;NoOp;NoOp;NoOp;NoOp;NoOp
28559825273:Push(E,E);NoOp;NoOp;NoOp;NoOp;NoOp;NoOp
28758720427:Move(W);NoOp;NoOp;NoOp;NoOp;NoOp;NoOp
28759306554:Move(W);NoOp;NoOp;NoOp;NoOp;NoOp;NoOp
28759834935:Move(W);NoOp;NoOp;NoOp;NoOp;NoOp;NoOp
28760434697:Move(W);NoOp;NoOp;NoOp;NoOp;NoOp;NoOp
28760960208:Move(W);NoOp;NoOp;NoOp;NoOp;NoOp;NoOp
28761471014:Move(W);NoOp;NoOp;NoOp;NoOp;NoOp;NoOp
28761984579:Move(W);NoOp;NoOp;NoOp;NoOp;NoOp;NoOp
28762558755:Move(W);NoOp;NoOp;NoOp;NoOp;NoOp;NoOp
28763337822:Move(W);NoOp;NoOp;NoOp;NoOp;NoOp;NoOp
28763941953:Move(W);NoOp;NoOp;NoOp;NoOp;NoOp;NoOp
28764460632:Move(W);NoOp;NoOp;NoOp;NoOp;NoOp;NoOp
28765018795:Move(W);NoOp;NoOp;NoOp;NoOp;NoOp;NoOp
28765585358:Move(W);NoOp;NoOp;NoOp;NoOp;NoOp;NoOp
28766117885:Move(W);NoOp;NoOp;NoOp;NoOp;NoOp;NoOp
28766705229:Move(S);NoOp;NoOp;NoOp;NoOp;NoOp;NoOp
28767256341:Move(S);NoOp;NoOp;NoOp;NoOp;NoOp;NoOp
28767762836:Move(W);NoOp;NoOp;NoOp;NoOp;NoOp;NoOp
28768257226:Move(S);NoOp;NoOp;NoOp;NoOp;NoOp;NoOp
28768794286:Move(S);NoOp;NoOp;NoOp;NoOp;NoOp;NoOp
28769369998:Move(S);NoOp;NoOp;NoOp;NoOp;NoOp;NoOp
28769876849:Move(S);NoOp;NoOp;NoOp;NoOp;NoOp;NoOp
28770485992:Move(E);NoOp;NoOp;NoOp;NoOp;NoOp;NoOp
28770999323:Move(E);NoOp;NoOp;NoOp;NoOp;NoOp;NoOp
28771516162:Move(E);NoOp;NoOp;NoOp;NoOp;NoOp;NoOp
28772028122:Move(N);NoOp;NoOp;NoOp;NoOp;NoOp;NoOp
28772793664:Move(N);NoOp;NoOp;NoOp;NoOp;NoOp;NoOp
28773430419:Move(E);NoOp;NoOp;NoOp;NoOp;NoOp;NoOp
28773913008:Move(E);NoOp;NoOp;NoOp;NoOp;NoOp;NoOp
28774458206:Move(S);NoOp;NoOp;NoOp;NoOp;NoOp;NoOp
28774982033:Move(S);NoOp;NoOp;NoOp;NoOp;NoOp;NoOp
28775475367:Move(E);NoOp;NoOp;NoOp;NoOp;NoOp;NoOp
28776042974:Move(E);NoOp;NoOp;NoOp;NoOp;NoOp;NoOp
28776610780:Move(E);NoOp;NoOp;NoOp;NoOp;NoOp;NoOp
28777190488:Move(E);NoOp;NoOp;NoOp;NoOp;NoOp;NoOp
28777702791:Move(E);NoOp;NoOp;NoOp;NoOp;NoOp;NoOp
28778208474:Move(E);NoOp;NoOp;NoOp;NoOp;NoOp;NoOp
28778759815:Move(E);NoOp;NoOp;NoOp;NoOp;NoOp;NoOp
28779277199:Move(E);NoOp;NoOp;NoOp;NoOp;NoOp;NoOp
28779862781:Move(E);NoOp;NoOp;NoOp;NoOp;NoOp;NoOp
28780457702:Move(E);NoOp;NoOp;NoOp;NoOp;NoOp;NoOp
28780968609:Move(S);NoOp;NoOp;NoOp;NoOp;NoOp;NoOp
28781514013:Move(S);NoOp;NoOp;NoOp;NoOp;NoOp;NoOp
28782034707:Move(W);NoOp;NoOp;NoOp;NoOp;NoOp;NoOp
28782753407:Move(W);NoOp;NoOp;NoOp;NoOp;NoOp;NoOp
28783548648:Move(W);NoOp;NoOp;NoOp;NoOp;NoOp;NoOp
28784073388:Move(W);NoOp;NoOp;NoOp;NoOp;NoOp;NoOp
28784590193:Move(W);NoOp;NoOp;NoOp;NoOp;NoOp;NoOp
28785121806:Move(W);NoOp;NoOp;NoOp;NoOp;NoOp;NoOp
28785686426:Move(S);NoOp;NoOp;NoOp;NoOp;NoOp;NoOp
28786387550:Move(S);NoOp;NoOp;NoOp;NoOp;NoOp;NoOp
28787017992:Move(W);NoOp;NoOp;NoOp;NoOp;NoOp;NoOp
28787550140:Move(W);NoOp;NoOp;NoOp;NoOp;NoOp;NoOp
28788088704:Move(N);NoOp;NoOp;NoOp;NoOp;NoOp;NoOp
28788604040:Move(W);NoOp;NoOp;NoOp;NoOp;NoOp;NoOp
28789121216:Move(N);NoOp;NoOp;NoOp;NoOp;NoOp;NoOp
28789653590:Move(W);NoOp;NoOp;NoOp;NoOp;NoOp;NoOp
28790253321:Move(W);NoOp;NoOp;NoOp;NoOp;NoOp;NoOp
28790804061:Move(W);NoOp;NoOp;NoOp;NoOp;NoOp;NoOp
28791317019:Move(S);NoOp;NoOp;NoOp;NoOp;NoOp;NoOp
28791855014:Move(S);NoOp;NoOp;NoOp;NoOp;NoOp;NoOp
28792454532:Move(S);NoOp;NoOp;NoOp;NoOp;NoOp;NoOp
28793160869:Move(S);NoOp;NoOp;NoOp;NoOp;NoOp;NoOp
28793718027:Move(S);NoOp;NoOp;NoOp;NoOp;NoOp;NoOp
28794243367:Move(E);NoOp;NoOp;NoOp;NoOp;NoOp;NoOp
28794760759:Push(E,N);NoOp;NoOp;NoOp;NoOp;NoOp;NoOp
28795315376:Push(N,W);NoOp;NoOp;NoOp;NoOp;NoOp;NoOp
28795858398:Push(W,W);NoOp;NoOp;NoOp;NoOp;NoOp;NoOp
28796439642:Push(W,N);NoOp;NoOp;NoOp;NoOp;NoOp;NoOp
28797116115:Push(N,N);NoOp;NoOp;NoOp;NoOp;NoOp;NoOp
28797649465:Push(N,N);NoOp;NoOp;NoOp;NoOp;NoOp;NoOp
28798197416:Push(N,N);NoOp;NoOp;NoOp;NoOp;NoOp;NoOp
28798714229:Push(N,E);NoOp;NoOp;NoOp;NoOp;NoOp;NoOp
28799301219:Push(E,E);NoOp;NoOp;NoOp;NoOp;NoOp;NoOp
28799831597:Push(E,S);NoOp;NoOp;NoOp;NoOp;NoOp;NoOp
28800402061:Push(S,S);NoOp;NoOp;NoOp;NoOp;NoOp;NoOp
28800923918:Push(S,E);NoOp;NoOp;NoOp;NoOp;NoOp;NoOp
28801477224:Push(E,E);NoOp;NoOp;NoOp;NoOp;NoOp;NoOp
28802293657:Push(E,E);NoOp;NoOp;NoOp;NoOp;NoOp;NoOp
28803042609:Push(E,E);NoOp;NoOp;NoOp;NoOp;NoOp;NoOp
28803644228:Push(E,N);NoOp;NoOp;NoOp;NoOp;NoOp;NoOp
28804272780:Push(N,N);NoOp;NoOp;NoOp;NoOp;NoOp;NoOp
28804792161:Push(N,E);NoOp;NoOp;NoOp;NoOp;NoOp;NoOp
28805354241:Push(E,E);NoOp;NoOp;NoOp;NoOp;NoOp;NoOp
28805864868:Push(E,E);NoOp;NoOp;NoOp;NoOp;NoOp;NoOp
28806448179:Push(E,E);NoOp;NoOp;NoOp;NoOp;NoOp;NoOp
28807008624:Push(E,E);NoOp;NoOp;NoOp;NoOp;NoOp;NoOp
28807585984:Push(E,E);NoOp;NoOp;NoOp;NoOp;NoOp;NoOp
28808096428:Push(E,N);NoOp;NoOp;NoOp;NoOp;NoOp;NoOp
28808631825:Push(N,N);NoOp;NoOp;NoOp;NoOp;NoOp;NoOp
28809148499:Push(N,W);NoOp;NoOp;NoOp;NoOp;NoOp;NoOp
28809723601:Push(W,W);NoOp;NoOp;NoOp;NoOp;NoOp;NoOp
28810338015:Push(W,W);NoOp;NoOp;NoOp;NoOp;NoOp;NoOp
28810885115:Push(W,W);NoOp;NoOp;NoOp;NoOp;NoOp;NoOp
28811426896:Push(W,W);NoOp;NoOp;NoOp;NoOp;NoOp;NoOp
28812156553:Push(W,W);NoOp;NoOp;NoOp;NoOp;NoOp;NoOp
28812841500:Push(W,W);NoOp;NoOp;NoOp;NoOp;NoOp;NoOp
28813494680:Push(W,W);NoOp;NoOp;NoOp;NoOp;NoOp;NoOp
28814385063:Push(W,W);NoOp;NoOp;NoOp;NoOp;NoOp;NoOp
28815320331:Push(W,W);NoOp;NoOp;NoOp;NoOp;NoOp;NoOp
28816072028:Push(W,N);NoOp;NoOp;NoOp;NoOp;NoOp;NoOp
28816978908:Push(N,N);NoOp;NoOp;NoOp;NoOp;NoOp;NoOp
28817781482:Push(N,W);NoOp;NoOp;NoOp;NoOp;NoOp;NoOp
28818808685:Push(W,W);NoOp;NoOp;NoOp;NoOp;NoOp;NoOp
28819619801:Push(W,S);NoOp;NoOp;NoOp;NoOp;NoOp;NoOp
28820918253:Push(S,S);NoOp;NoOp;NoOp;NoOp;NoOp;NoOp
28822393442:Push(S,W);NoOp;NoOp;NoOp;NoOp;NoOp;NoOp
28823826851:Push(W,W);NoOp;NoOp;NoOp;NoOp;NoOp;NoOp
28824942141:Push(W,N);NoOp;NoOp;NoOp;NoOp;NoOp;NoOp
28825936785:Push(N,N);NoOp;NoOp;NoOp;NoOp;NoOp;NoOp
28826905109:Push(N,W);NoOp;NoOp;NoOp;NoOp;NoOp;NoOp
28827761134:Push(W,N);NoOp;NoOp;NoOp;NoOp;NoOp;NoOp
28828622016:Push(N,N);NoOp;NoOp;NoOp;NoOp;NoOp;NoOp
28829478059:Push(N,N);NoOp;NoOp;NoOp;NoOp;NoOp;NoOp
28830409636:Push(N,N);NoOp;NoOp;NoOp;NoOp;NoOp;NoOp
28831277443:Push(N,E);NoOp;NoOp;NoOp;NoOp;NoOp;NoOp
28832138686:Push(E,E);NoOp;NoOp;NoOp;NoOp;NoOp;NoOp
28833149870:Push(E,E);NoOp;NoOp;NoOp;NoOp;NoOp;NoOp
28833789946:Push(E,E);NoOp;NoOp;NoOp;NoOp;NoOp;NoOp
28834364902:Push(E,E);NoOp;NoOp;NoOp;NoOp;NoOp;NoOp
28834918561:Push(E,E);NoOp;NoOp;NoOp;NoOp;NoOp;NoOp
28835470371:Push(E,E);NoOp;NoOp;NoOp;NoOp;NoOp;NoOp
28836035443:Push(E,E);NoOp;NoOp;NoOp;NoOp;NoOp;NoOp
28836589842:Push(E,E);NoOp;NoOp;NoOp;NoOp;NoOp;NoOp
28837167975:Push(E,E);NoOp;NoOp;NoOp;NoOp;NoOp;NoOp
28837732169:Push(E,E);NoOp;NoOp;NoOp;NoOp;NoOp;NoOp
28838265628:Push(E,E);NoOp;NoOp;NoOp;NoOp;NoOp;NoOp
28838796976:Push(E,E);NoOp;NoOp;NoOp;NoOp;NoOp;NoOp
28839325727:Push(E,E);NoOp;NoOp;NoOp;NoOp;NoOp;NoOp
28839859938:Push(E,E);NoOp;NoOp;NoOp;NoOp;NoOp;NoOp
28999489295:Move(W);NoOp;NoOp;NoOp;NoOp;NoOp;NoOp
29000095206:Move(W);NoOp;NoOp;NoOp;NoOp;NoOp;NoOp
29000622417:Move(W);NoOp;NoOp;NoOp;NoOp;NoOp;NoOp
29001138325:Move(W);NoOp;NoOp;NoOp;NoOp;NoOp;NoOp
29001698463:Move(W);NoOp;NoOp;NoOp;NoOp;NoOp;NoOp
29002220945:Move(W);NoOp;NoOp;NoOp;NoOp;NoOp;NoOp
29002733841:Move(W);NoOp;NoOp;NoOp;NoOp;NoOp;NoOp
29003281122:Move(W);NoOp;NoOp;NoOp;NoOp;NoOp;NoOp
29003874592:Move(W);NoOp;NoOp;NoOp;NoOp;NoOp;NoOp
29004437755:Move(W);NoOp;NoOp;NoOp;NoOp;NoOp;NoOp
29004994914:Move(W);NoOp;NoOp;NoOp;NoOp;NoOp;NoOp
29005524409:Move(W);NoOp;NoOp;NoOp;NoOp;NoOp;NoOp
29006144763:Move(W);NoOp;NoOp;NoOp;NoOp;NoOp;NoOp
29006855882:Move(S);NoOp;NoOp;NoOp;NoOp;NoOp;NoOp
29007475241:Move(S);NoOp;NoOp;NoOp;NoOp;NoOp;NoOp
29008021805:Move(W);NoOp;NoOp;NoOp;NoOp;NoOp;NoOp
29008529594:Move(S);NoOp;NoOp;NoOp;NoOp;NoOp;NoOp
29009076439:Move(S);NoOp;NoOp;NoOp;NoOp;NoOp;NoOp
29009612897:Move(S);NoOp;NoOp;NoOp;NoOp;NoOp;NoOp
29010202841:Move(S);NoOp;NoOp;NoOp;NoOp;NoOp;NoOp
29010742749:Move(E);NoOp;NoOp;NoOp;NoOp;NoOp;NoOp
29011290925:Move(E);NoOp;NoOp;NoOp;NoOp;NoOp;NoOp
29011807070:Move(E);NoOp;NoOp;NoOp;NoOp;NoOp;NoOp
29012317702:Move(N);NoOp;NoOp;NoOp;NoOp;NoOp;NoOp
29012832355:Move(N);NoOp;NoOp;NoOp;NoOp;NoOp;NoOp
29013431733:Move(E);NoOp;NoOp;NoOp;NoOp;NoOp;NoOp
29013948266:Move(E);NoOp;NoOp;NoOp;NoOp;NoOp;NoOp
29014474258:Move(S);NoOp;NoOp;NoOp;NoOp;NoOp;NoOp
29014995911:Move(S);NoOp;NoOp;NoOp;NoOp;NoOp;NoOp
29015517430:Move(E);NoOp;NoOp;NoOp;NoOp;NoOp;NoOp
29016040907:Move(E);NoOp;NoOp;NoOp;NoOp;NoOp;NoOp
29016741857:Move(E);NoOp;NoOp;NoOp;NoOp;NoOp;NoOp
29017570368:Move(E);NoOp;NoOp;NoOp;NoOp;NoOp;NoOp
29018091943:Move(E);NoOp;NoOp;NoOp;NoOp;NoOp;NoOp
29018600930:Move(E);NoOp;NoOp;NoOp;NoOp;NoOp;NoOp
29019110994:Move(E);NoOp;NoOp;NoOp;NoOp;NoOp;NoOp
29019687917:Move(E);NoOp;NoOp;NoOp;NoOp;NoOp;NoOp
29020257850:Move(E);NoOp;NoOp;NoOp;NoOp;NoOp;NoOp
29020779627:Move(E);NoOp;NoOp;NoOp;NoOp;NoOp;NoOp
29021367413:Move(S);NoOp;NoOp;NoOp;NoOp;NoOp;NoOp
29021939612:Move(S);NoOp;NoOp;NoOp;NoOp;NoOp;NoOp
29022456909:Move(W);NoOp;NoOp;NoOp;NoOp;NoOp;NoOp
29022973425:Move(W);NoOp;NoOp;NoOp;NoOp;NoOp;NoOp
29023549391:Move(W);NoOp;NoOp;NoOp;NoOp;NoOp;NoOp
29024076169:Move(W);NoOp;NoOp;NoOp;NoOp;NoOp;NoOp
29024622823:Move(W);NoOp;NoOp;NoOp;NoOp;NoOp;NoOp
29025133474:Move(W);NoOp;NoOp;NoOp;NoOp;NoOp;NoOp
29025659366:Move(S);NoOp;NoOp;NoOp;NoOp;NoOp;NoOp
29026337165:Move(S);NoOp;NoOp;NoOp;NoOp;NoOp;NoOp
29027032192:Move(S);NoOp;NoOp;NoOp;NoOp;NoOp;NoOp
29027676117:Move(S);NoOp;NoOp;NoOp;NoOp;NoOp;NoOp
29028191578:Move(S);NoOp;NoOp;NoOp;NoOp;NoOp;NoOp
29028725034:Move(E);NoOp;NoOp;NoOp;NoOp;NoOp;NoOp
29029291408:Move(E);NoOp;NoOp;NoOp;NoOp;NoOp;NoOp
29029856593:Pull(W,E);NoOp;NoOp;NoOp;NoOp;NoOp;NoOp
29030461699:Pull(W,E);NoOp;NoOp;NoOp;NoOp;NoOp;NoOp
29030977606:Pull(W,E);NoOp;NoOp;NoOp;NoOp;NoOp;NoOp
29031523044:Push(E,N);NoOp;NoOp;NoOp;NoOp;NoOp;NoOp
29032041958:Push(N,N);NoOp;NoOp;NoOp;NoOp;NoOp;NoOp
29032738611:Push(N,N);NoOp;NoOp;NoOp;NoOp;NoOp;NoOp
29033288090:Push(N,N);NoOp;NoOp;NoOp;NoOp;NoOp;NoOp
29033868686:Push(N,N);NoOp;NoOp;NoOp;NoOp;NoOp;NoOp
29034449828:Push(N,E);NoOp;NoOp;NoOp;NoOp;NoOp;NoOp
29035020916:Push(E,E);NoOp;NoOp;NoOp;NoOp;NoOp;NoOp
29035776190:Push(E,E);NoOp;NoOp;NoOp;NoOp;NoOp;NoOp
29036370084:Push(E,E);NoOp;NoOp;NoOp;NoOp;NoOp;NoOp
29037193312:Push(E,E);NoOp;NoOp;NoOp;NoOp;NoOp;NoOp
29037845503:Push(E,E);NoOp;NoOp;NoOp;NoOp;NoOp;NoOp
29038368829:Push(E,N);NoOp;NoOp;NoOp;NoOp;NoOp;NoOp
29038921837:Push(N,N);NoOp;NoOp;NoOp;NoOp;NoOp;NoOp
29039441619:Push(N,W);NoOp;NoOp;NoOp;NoOp;NoOp;NoOp
29040065837:Push(W,W);NoOp;NoOp;NoOp;NoOp;NoOp;NoOp
29040610271:Push(W,W);NoOp;NoOp;NoOp;NoOp;NoOp;NoOp
29041151239:Push(W,W);NoOp;NoOp;NoOp;NoOp;NoOp;NoOp
29041716618:Push(W,W);NoOp;NoOp;NoOp;NoOp;NoOp;NoOp
29042298513:Push(W,W);NoOp;NoOp;NoOp;NoOp;NoOp;NoOp
29042850671:Push(W,W);NoOp;NoOp;NoOp;NoOp;NoOp;NoOp
29043533606:Push(W,W);NoOp;NoOp;NoOp;NoOp;NoOp;NoOp
29044078781:Push(W,W);NoOp;NoOp;NoOp;NoOp;NoOp;NoOp
29044619754:Push(W,W);NoOp;NoOp;NoOp;NoOp;NoOp;NoOp
29045223843:Push(W,N);NoOp;NoOp;NoOp;NoOp;NoOp;NoOp
29045739555:Push(N,N);NoOp;NoOp;NoOp;NoOp;NoOp;NoOp
29046252791:Push(N,W);NoOp;NoOp;NoOp;NoOp;NoOp;NoOp
29046968465:Push(W,W);NoOp;NoOp;NoOp;NoOp;NoOp;NoOp
29047606775:Push(W,S);NoOp;NoOp;NoOp;NoOp;NoOp;NoOp
29048285607:Push(S,S);NoOp;NoOp;NoOp;NoOp;NoOp;NoOp
29048803600:Push(S,W);NoOp;NoOp;NoOp;NoOp;NoOp;NoOp
29049333979:Push(W,W);NoOp;NoOp;NoOp;NoOp;NoOp;NoOp
29049849334:Push(W,N);NoOp;NoOp;NoOp;NoOp;NoOp;NoOp
29050444621:Push(N,N);NoOp;NoOp;NoOp;NoOp;NoOp;NoOp
29050957864:Push(N,W);NoOp;NoOp;NoOp;NoOp;NoOp;NoOp
29051469974:Push(W,N);NoOp;NoOp;NoOp;NoOp;NoOp;NoOp
29051991714:Push(N,N);NoOp;NoOp;NoOp;NoOp;NoOp;NoOp
29052485954:Push(N,N);NoOp;NoOp;NoOp;NoOp;NoOp;NoOp
29053069427:Push(N,N);NoOp;NoOp;NoOp;NoOp;NoOp;NoOp
29053939894:Push(N,E);NoOp;NoOp;NoOp;NoOp;NoOp;NoOp
29054867869:Push(E,E);NoOp;NoOp;NoOp;NoOp;NoOp;NoOp
29055653197:Push(E,E);NoOp;NoOp;NoOp;NoOp;NoOp;NoOp
29056415172:Push(E,S);NoOp;NoOp;NoOp;NoOp;NoOp;NoOp
29057342903:Push(S,S);NoOp;NoOp;NoOp;NoOp;NoOp;NoOp
29058483352:Push(S,E);NoOp;NoOp;NoOp;NoOp;NoOp;NoOp
29068247402:NoOp;NoOp;NoOp;NoOp;NoOp;NoOp;NoOp
29069285376:NoOp;Move(W);NoOp;NoOp;NoOp;NoOp;NoOp
29070270052:NoOp;Move(W);NoOp;NoOp;NoOp;NoOp;NoOp
29071150698:NoOp;Move(W);NoOp;NoOp;NoOp;NoOp;NoOp
29071928940:NoOp;Move(W);NoOp;NoOp;NoOp;NoOp;NoOp
29072550623:NoOp;Move(W);NoOp;NoOp;NoOp;NoOp;NoOp
29073146344:NoOp;Move(W);NoOp;NoOp;NoOp;NoOp;NoOp
29074090084:NoOp;Move(W);NoOp;NoOp;NoOp;NoOp;NoOp
29074659853:NoOp;Move(W);NoOp;NoOp;NoOp;NoOp;NoOp
29075230369:NoOp;Move(W);NoOp;NoOp;NoOp;NoOp;NoOp
29075780654:NoOp;Move(N);NoOp;NoOp;NoOp;NoOp;NoOp
29076376515:NoOp;NoOp;NoOp;NoOp;NoOp;NoOp;NoOp
29104701600:Push(E,E);NoOp;NoOp;NoOp;NoOp;NoOp;NoOp
29105267837:Push(E,E);NoOp;NoOp;NoOp;NoOp;NoOp;NoOp
29106065516:Push(E,E);NoOp;NoOp;NoOp;NoOp;NoOp;NoOp
29106787467:Push(E,E);NoOp;NoOp;NoOp;NoOp;NoOp;NoOp
29107346023:Push(E,E);NoOp;NoOp;NoOp;NoOp;NoOp;NoOp
29107857884:Push(E,E);NoOp;NoOp;NoOp;NoOp;NoOp;NoOp
29108384581:Push(E,E);NoOp;NoOp;NoOp;NoOp;NoOp;NoOp
29108907975:Push(E,E);NoOp;NoOp;NoOp;NoOp;NoOp;NoOp
29109430141:Push(E,E);NoOp;NoOp;NoOp;NoOp;NoOp;NoOp
29109974494:Push(E,E);NoOp;NoOp;NoOp;NoOp;NoOp;NoOp
29256183670:NoOp;Move(N);NoOp;NoOp;NoOp;NoOp;NoOp
29256783740:NoOp;Move(W);NoOp;NoOp;NoOp;NoOp;NoOp
29257338681:NoOp;Move(W);NoOp;NoOp;NoOp;NoOp;NoOp
29257858844:NoOp;Move(W);NoOp;NoOp;NoOp;NoOp;NoOp
29258393855:NoOp;Move(W);NoOp;NoOp;NoOp;NoOp;NoOp
29258899052:NoOp;Move(S);NoOp;NoOp;NoOp;NoOp;NoOp
29259404896:NoOp;Move(S);NoOp;NoOp;NoOp;NoOp;NoOp
29259929590:NoOp;Move(W);NoOp;NoOp;NoOp;NoOp;NoOp
29260465398:NoOp;Move(S);NoOp;NoOp;NoOp;NoOp;NoOp
29260984129:NoOp;Move(S);NoOp;NoOp;NoOp;NoOp;NoOp
29261500518:NoOp;Move(S);NoOp;NoOp;NoOp;NoOp;NoOp
29262019953:NoOp;Move(S);NoOp;NoOp;NoOp;NoOp;NoOp
29262605122:NoOp;Move(E);NoOp;NoOp;NoOp;NoOp;NoOp
29263113287:NoOp;Move(E);NoOp;NoOp;NoOp;NoOp;NoOp
29263637792:NoOp;Move(E);NoOp;NoOp;NoOp;NoOp;NoOp
29264327705:NoOp;Move(N);NoOp;NoOp;NoOp;NoOp;NoOp
29265052812:NoOp;Move(N);NoOp;NoOp;NoOp;NoOp;NoOp
29265558892:NoOp;Move(E);NoOp;NoOp;NoOp;NoOp;NoOp
29266103007:NoOp;Move(E);NoOp;NoOp;NoOp;NoOp;NoOp
29266629972:NoOp;Move(S);NoOp;NoOp;NoOp;NoOp;NoOp
29267152461:NoOp;Move(S);NoOp;NoOp;NoOp;NoOp;NoOp
29267681366:NoOp;Move(E);NoOp;NoOp;NoOp;NoOp;NoOp
29268195718:NoOp;Move(E);NoOp;NoOp;NoOp;NoOp;NoOp
29268737957:NoOp;Move(E);NoOp;NoOp;NoOp;NoOp;NoOp
29269245635:NoOp;Move(E);NoOp;NoOp;NoOp;NoOp;NoOp
29269752772:NoOp;Move(E);NoOp;NoOp;NoOp;NoOp;NoOp
29270344759:NoOp;Move(E);NoOp;NoOp;NoOp;NoOp;NoOp
29270849049:NoOp;Move(E);NoOp;NoOp;NoOp;NoOp;NoOp
29271388490:NoOp;Move(E);NoOp;NoOp;NoOp;NoOp;NoOp
29271898406:NoOp;Move(E);NoOp;NoOp;NoOp;NoOp;NoOp
29272413763:NoOp;Move(E);NoOp;NoOp;NoOp;NoOp;NoOp
29272929951:NoOp;Move(S);NoOp;NoOp;NoOp;NoOp;NoOp
29273766087:NoOp;Move(S);NoOp;NoOp;NoOp;NoOp;NoOp
29274385979:NoOp;Move(W);NoOp;NoOp;NoOp;NoOp;NoOp
29274897845:NoOp;Move(W);NoOp;NoOp;NoOp;NoOp;NoOp
29275400957:NoOp;Move(W);NoOp;NoOp;NoOp;NoOp;NoOp
29275922323:NoOp;Move(W);NoOp;NoOp;NoOp;NoOp;NoOp
29276459184:NoOp;Move(W);NoOp;NoOp;NoOp;NoOp;NoOp
29277054192:NoOp;Move(W);NoOp;NoOp;NoOp;NoOp;NoOp
29277581827:NoOp;Move(S);NoOp;NoOp;NoOp;NoOp;NoOp
29278325018:NoOp;Move(S);NoOp;NoOp;NoOp;NoOp;NoOp
29278849778:NoOp;Move(S);NoOp;NoOp;NoOp;NoOp;NoOp
29279377939:NoOp;Move(S);NoOp;NoOp;NoOp;NoOp;NoOp
29279957613:NoOp;Pull(S,E);NoOp;NoOp;NoOp;NoOp;NoOp
29280484122:NoOp;Push(N,N);NoOp;NoOp;NoOp;NoOp;NoOp
29281023396:NoOp;Push(N,N);NoOp;NoOp;NoOp;NoOp;NoOp
29281587313:NoOp;Push(N,N);NoOp;NoOp;NoOp;NoOp;NoOp
29282151355:NoOp;Push(N,N);NoOp;NoOp;NoOp;NoOp;NoOp
29282664768:NoOp;Push(N,E);NoOp;NoOp;NoOp;NoOp;NoOp
29283190280:NoOp;Push(E,E);NoOp;NoOp;NoOp;NoOp;NoOp
29284022688:NoOp;Push(E,E);NoOp;NoOp;NoOp;NoOp;NoOp
29284644824:NoOp;Push(E,E);NoOp;NoOp;NoOp;NoOp;NoOp
29285163272:NoOp;Push(E,E);NoOp;NoOp;NoOp;NoOp;NoOp
29285789981:NoOp;Push(E,E);NoOp;NoOp;NoOp;NoOp;NoOp
29286323929:NoOp;Push(E,N);NoOp;NoOp;NoOp;NoOp;NoOp
29286961614:NoOp;Push(N,N);NoOp;NoOp;NoOp;NoOp;NoOp
29287474019:NoOp;Push(N,W);NoOp;NoOp;NoOp;NoOp;NoOp
29288033617:NoOp;Push(W,W);NoOp;NoOp;NoOp;NoOp;NoOp
29288588229:NoOp;Push(W,W);NoOp;NoOp;NoOp;NoOp;NoOp
29289166852:NoOp;Push(W,W);NoOp;NoOp;NoOp;NoOp;NoOp
29289677729:NoOp;Push(W,W);NoOp;NoOp;NoOp;NoOp;NoOp
29290260798:NoOp;Push(W,W);NoOp;NoOp;NoOp;NoOp;NoOp
29290783777:NoOp;Push(W,W);NoOp;NoOp;NoOp;NoOp;NoOp
29291334984:NoOp;Push(W,W);NoOp;NoOp;NoOp;NoOp;NoOp
29291873345:NoOp;Push(W,W);NoOp;NoOp;NoOp;NoOp;NoOp
29292435726:NoOp;Push(W,W);NoOp;NoOp;NoOp;NoOp;NoOp
29292976001:NoOp;Push(W,N);NoOp;NoOp;NoOp;NoOp;NoOp
29293610332:NoOp;Push(N,N);NoOp;NoOp;NoOp;NoOp;NoOp
29294284937:NoOp;Push(N,W);NoOp;NoOp;NoOp;NoOp;NoOp
29294810219:NoOp;Push(W,W);NoOp;NoOp;NoOp;NoOp;NoOp
29295323284:NoOp;Push(W,S);NoOp;NoOp;NoOp;NoOp;NoOp
29295846705:NoOp;Push(S,S);NoOp;NoOp;NoOp;NoOp;NoOp
29296360639:NoOp;Push(S,W);NoOp;NoOp;NoOp;NoOp;NoOp
29296964351:NoOp;Push(W,W);NoOp;NoOp;NoOp;NoOp;NoOp
29297478584:NoOp;Push(W,N);NoOp;NoOp;NoOp;NoOp;NoOp
29297996855:NoOp;Push(N,N);NoOp;NoOp;NoOp;NoOp;NoOp
29298518173:NoOp;Push(N,W);NoOp;NoOp;NoOp;NoOp;NoOp
29299023884:NoOp;Push(W,N);NoOp;NoOp;NoOp;NoOp;NoOp
29299530074:NoOp;Push(N,N);NoOp;NoOp;NoOp;NoOp;NoOp
29300079183:NoOp;Push(N,N);NoOp;NoOp;NoOp;NoOp;NoOp
29300625461:NoOp;Push(N,N);NoOp;NoOp;NoOp;NoOp;NoOp
29301159854:NoOp;Push(N,E);NoOp;NoOp;NoOp;NoOp;NoOp
29301668315:NoOp;Push(E,E);NoOp;NoOp;NoOp;NoOp;NoOp
29302208359:NoOp;Push(E,E);NoOp;NoOp;NoOp;NoOp;NoOp
29302716765:NoOp;Push(E,S);NoOp;NoOp;NoOp;NoOp;NoOp
29303228751:NoOp;Push(S,S);NoOp;NoOp;NoOp;NoOp;NoOp
29303945232:NoOp;Push(S,E);NoOp;NoOp;NoOp;NoOp;NoOp
29304847642:NoOp;NoOp;NoOp;NoOp;NoOp;NoOp;NoOp
29313683599:NoOp;NoOp;NoOp;NoOp;NoOp;NoOp;NoOp
29315172550:Move(W);NoOp;NoOp;NoOp;NoOp;NoOp;NoOp
29316388762:Move(W);NoOp;NoOp;NoOp;NoOp;NoOp;NoOp
29317546932:Move(W);NoOp;NoOp;NoOp;NoOp;NoOp;NoOp
29318644729:Move(W);NoOp;NoOp;NoOp;NoOp;NoOp;NoOp
29319625369:Move(W);NoOp;NoOp;NoOp;NoOp;NoOp;NoOp
29320673860:Move(W);NoOp;NoOp;NoOp;NoOp;NoOp;NoOp
29321645196:Move(W);NoOp;NoOp;NoOp;NoOp;NoOp;NoOp
29322703991:Move(W);NoOp;NoOp;NoOp;NoOp;NoOp;NoOp
29323674798:Move(N);NoOp;NoOp;NoOp;NoOp;NoOp;NoOp
29324542012:NoOp;NoOp;NoOp;NoOp;NoOp;NoOp;NoOp
29349807178:NoOp;Push(E,E);NoOp;NoOp;NoOp;NoOp;NoOp
29351221195:NoOp;Push(E,E);NoOp;NoOp;NoOp;NoOp;NoOp
29352081338:NoOp;Push(E,E);NoOp;NoOp;NoOp;NoOp;NoOp
29352906321:NoOp;Push(E,E);NoOp;NoOp;NoOp;NoOp;NoOp
29353742806:NoOp;Push(E,E);NoOp;NoOp;NoOp;NoOp;NoOp
29354550625:NoOp;Push(E,E);NoOp;NoOp;NoOp;NoOp;NoOp
29355398292:NoOp;Push(E,E);NoOp;NoOp;NoOp;NoOp;NoOp
29356018431:NoOp;Push(E,E);NoOp;NoOp;NoOp;NoOp;NoOp
29356646995:NoOp;Push(E,E);NoOp;NoOp;NoOp;NoOp;NoOp
#end
#solved
true
#numactions
906
#time
29356646995
#end
