#domain
hospital
#levelname
SABaguettes
#colors
red: 0, A
#initial
++++++++++++++++++++++++++++++++++++++++++++++++
+0A                                            +
+ A                                            +
+ A                                            +
+ A                                            +
+ A                                            +
+ A                                            +
+ A                                            +
+ A                                            +
+ A                                            +
+ A                                            +
+ A                                            +
+ A                                            +
+ A                                            +
+ A                                            +
+ A                                            +
+ A                                            +
+ A                                            +
+ A                                            +
+ A                                            +
+ A                                            +
+ A                                            +
+ A                                            +
+ A                                            +
+ A                                            +
+ A                                            +
+ A                                            +
+ A                                            +
+ A                                            +
+ A                                            +
+ A                                            +
+ A                                            +
+ A                                            +
+ A                                            +
+ A                                            +
+ A                                            +
+ A                                            +
+ A                                            +
+ A                                            +
+ A                                            +
+ A                                            +
+ A                                            +
+ A                                            +
+ A                                            +
+ A                                            +
+ A                                            +
+ A                                            +
+ A                                            +
+ A                                            +
++++++++++++++++++++++++++++++++++++++++++++++++
#goal
++++++++++++++++++++++++++++++++++++++++++++++++
+0                                            A+
+                                             A+
+                                             A+
+                                             A+
+                                             A+
+                                             A+
+                                             A+
+                                             A+
+                                             A+
+                                             A+
+                                             A+
+                                             A+
+                                             A+
+                                             A+
+                                             A+
+                                             A+
+                                             A+
+                                             A+
+                                             A+
+                                             A+
+                                             A+
+                                             A+
+                                             A+
+                                             A+
+                                             A+
+                                             A+
+                                             A+
+                                             A+
+                                             A+
+                                             A+
+                                             A+
+                                             A+
+                                             A+
+                                             A+
+                                             A+
+                                             A+
+                                             A+
+                                             A+
+                                             A+
+                                             A+
+                                             A+
+                                             A+
+                                             A+
+                                             A+
+                                             A+
+                                             A+
+                                             A+
+                                             A+
++++++++++++++++++++++++++++++++++++++++++++++++
#end
#clientname
vAIkings
#actions
2598507892:Push(E,E)
2599211015:Push(E,E)
2599915086:Push(E,E)
2600596862:Push(E,E)
2601356189:Push(E,E)
2602040988:Push(E,E)
2602750728:Push(E,E)
2603312426:Push(E,E)
2603866863:Push(E,E)
2604488378:Push(E,E)
2605046102:Push(E,E)
2605729390:Push(E,E)
2606353223:Push(E,E)
2606929047:Push(E,E)
2607641074:Push(E,E)
2608250391:Push(E,E)
2608808739:Push(E,E)
2609365025:Push(E,E)
2610132104:Push(E,E)
2610713335:Push(E,E)
2611337812:Push(E,E)
2611926784:Push(E,E)
2612483248:Push(E,E)
2613047449:Push(E,E)
2613606229:Push(E,E)
2614164594:Push(E,E)
2615065358:Push(E,E)
2616022324:Push(E,E)
2617107381:Push(E,E)
2617899742:Push(E,E)
2618865451:Push(E,E)
2619455088:Push(E,E)
2620010850:Push(E,E)
2620575746:Push(E,E)
2621300908:Push(E,E)
2622279971:Push(E,E)
2623218796:Push(E,E)
2624152479:Push(E,E)
2625169091:Push(E,E)
2626052181:Push(E,E)
2626810210:Push(E,E)
2627364830:Push(E,E)
2628053260:Push(E,E)
2628866257:Push(E,E)
6977965488:Move(S)
6978556052:Move(W)
6979150573:Move(W)
6979797237:Move(W)
6980358833:Move(W)
6980919812:Move(W)
6981684031:Move(W)
6982343175:Move(W)
6982940768:Move(W)
6983502878:Move(W)
6984092584:Move(W)
6984711447:Move(W)
6985266461:Move(W)
6985829472:Move(W)
6986556169:Move(W)
6987213902:Move(W)
6987844378:Move(W)
6988401279:Move(W)
6988963313:Move(W)
6989564212:Move(W)
6990115422:Move(W)
6990683152:Move(W)
6991507455:Move(W)
6992310945:Move(W)
6992901880:Move(W)
6993448343:Move(W)
6994002922:Move(W)
6994652167:Move(W)
6995302568:Move(W)
6995869282:Move(W)
6996417982:Move(W)
6997278636:Move(W)
6997903153:Move(W)
6998451174:Move(W)
6999032253:Move(W)
6999624824:Move(W)
7000263657:Move(W)
7000955842:Move(W)
7001971935:Move(W)
7002565237:Move(W)
7003117726:Move(W)
7003705222:Move(W)
7004321651:Move(W)
7004933573:Pull(N,W)
7005500076:Push(S,E)
7006067785:Push(E,E)
7006602211:Push(E,E)
7007135460:Push(E,E)
7008030932:Push(E,E)
7008584559:Push(E,E)
7009216366:Push(E,E)
7009794091:Push(E,E)
7010387922:Push(E,E)
7010943264:Push(E,E)
7011935979:Push(E,E)
7012529985:Push(E,E)
7013118996:Push(E,E)
7013730251:Push(E,E)
7014279434:Push(E,E)
7014900670:Push(E,E)
7015503679:Push(E,E)
7016052684:Push(E,E)
7016601021:Push(E,E)
7017148532:Push(E,E)
7018050771:Push(E,E)
7018623499:Push(E,E)
7019209248:Push(E,E)
7019776390:Push(E,E)
7020349813:Push(E,E)
7020896999:Push(E,E)
7021807920:Push(E,E)
7022531254:Push(E,E)
7023087568:Push(E,E)
7023689153:Push(E,E)
7024252843:Push(E,E)
7024892204:Push(E,E)
7025464834:Push(E,E)
7026020912:Push(E,E)
7026608715:Push(E,E)
7027168309:Push(E,E)
7027786237:Push(E,E)
7028680840:Push(E,E)
7029285279:Push(E,E)
7029837601:Push(E,E)
7030413461:Push(E,E)
7030966924:Push(E,E)
7031993907:Push(E,E)
11505235854:Move(S)
11505923165:Move(W)
11506908926:Move(W)
11507617613:Move(W)
11508463132:Move(W)
11509209320:Move(W)
11509959498:Move(W)
11510588833:Move(W)
11511245743:Move(W)
11511802143:Move(W)
11512353569:Move(W)
11512907673:Move(W)
11513456442:Move(W)
11514012768:Move(W)
11514696938:Move(W)
11515250114:Move(W)
11515802049:Move(W)
11516364019:Move(W)
11517196153:Move(W)
11517841117:Move(W)
11518492458:Move(W)
11519076157:Move(W)
11519734551:Move(W)
11520285474:Move(W)
11520836673:Move(W)
11521436963:Move(W)
11521986827:Move(W)
11522540366:Move(W)
11523140364:Move(W)
11523689748:Move(W)
11524237974:Move(W)
11524828517:Move(W)
11525378627:Move(W)
11525928229:Move(W)
11526585079:Move(W)
11527297159:Move(W)
11527950139:Move(W)
11528690554:Move(W)
11529290747:Move(W)
11529978696:Move(W)
11530548242:Move(W)
11531183498:Move(W)
11531782854:Move(W)
11532368145:Pull(N,W)
11532947504:Push(S,E)
11533562980:Push(E,E)
11534142273:Push(E,E)
11534787996:Push(E,E)
11535345495:Push(E,E)
11535905226:Push(E,E)
11536483800:Push(E,E)
11537338051:Push(E,E)
11538058358:Push(E,E)
11538725751:Push(E,E)
11539299830:Push(E,E)
11539969358:Push(E,E)
11540580021:Push(E,E)
11541238071:Push(E,E)
11541814237:Push(E,E)
11542389976:Push(E,E)
11542960852:Push(E,E)
11543541655:Push(E,E)
11544151514:Push(E,E)
11544739460:Push(E,E)
11545314691:Push(E,E)
11545828129:Push(E,E)
11546377832:Push(E,E)
11546926892:Push(E,E)
11547683482:Push(E,E)
11548414191:Push(E,E)
11549118529:Push(E,E)
11549721356:Push(E,E)
11550346394:Push(E,E)
11550960290:Push(E,E)
11551574142:Push(E,E)
11552146032:Push(E,E)
11552720450:Push(E,E)
11553295194:Push(E,E)
11553894241:Push(E,E)
11554572142:Push(E,E)
11555092520:Push(E,E)
11555660144:Push(E,E)
11556216809:Push(E,E)
11556771878:Push(E,E)
11557328063:Push(E,E)
11558042025:Push(E,E)
11558988296:Push(E,E)
16201327870:Move(S)
16201927512:Move(W)
16202485119:Move(W)
16203168899:Move(W)
16203724061:Move(W)
16204300742:Move(W)
16204943428:Move(W)
16205568392:Move(W)
16206140844:Move(W)
16206721470:Move(W)
16207512091:Move(W)
16208287500:Move(W)
16208926128:Move(W)
16209476599:Move(W)
16210055189:Move(W)
16210609316:Move(W)
16211238442:Move(W)
16211803731:Move(W)
16212358426:Move(W)
16212922001:Move(W)
16213474489:Move(W)
16214051026:Move(W)
16214641993:Move(W)
16215194437:Move(W)
16215880844:Move(W)
16216435587:Move(W)
16217147674:Move(W)
16217873122:Move(W)
16218575768:Move(W)
16219180934:Move(W)
16219737089:Move(W)
16220317254:Move(W)
16220867308:Move(W)
16221525018:Move(W)
16222115339:Move(W)
16222743228:Move(W)
16223349604:Move(W)
16223977642:Move(W)
16224629970:Move(W)
16225250577:Move(W)
16225832515:Move(W)
16226466288:Move(W)
16227196675:Move(W)
16227853024:Pull(N,W)
16228550998:Push(S,E)
16229123084:Push(E,E)
16229672846:Push(E,E)
16230226851:Push(E,E)
16230779014:Push(E,E)
16231379530:Push(E,E)
16232002761:Push(E,E)
16232561973:Push(E,E)
16233117987:Push(E,E)
16233672553:Push(E,E)
16234227495:Push(E,E)
16234829804:Push(E,E)
16235384145:Push(E,E)
16236150949:Push(E,E)
16236900632:Push(E,E)
16237552998:Push(E,E)
16238134686:Push(E,E)
16238913455:Push(E,E)
16239487470:Push(E,E)
16240042789:Push(E,E)
16240627333:Push(E,E)
16241229726:Push(E,E)
16241789187:Push(E,E)
16242340745:Push(E,E)
16242894708:Push(E,E)
16243448092:Push(E,E)
16244000882:Push(E,E)
16244622612:Push(E,E)
16245178187:Push(E,E)
16245741508:Push(E,E)
16246308187:Push(E,E)
16247045777:Push(E,E)
16247607828:Push(E,E)
16248222130:Push(E,E)
16249091473:Push(E,E)
16249645821:Push(E,E)
16250195979:Push(E,E)
16250748142:Push(E,E)
16251360094:Push(E,E)
16251925121:Push(E,E)
16252553241:Push(E,E)
16253108735:Push(E,E)
16253743156:Push(E,E)
21083583750:Move(S)
21084179932:Move(W)
21084922861:Move(W)
21085475725:Move(W)
21086024792:Move(W)
21086575440:Move(W)
21087127968:Move(W)
21087786835:Move(W)
21088520019:Move(W)
21089184023:Move(W)
21089744951:Move(W)
21090362593:Move(W)
21090908134:Move(W)
21091586376:Move(W)
21097262073:Move(W)
21097921104:Move(W)
21098616745:Move(W)
21099245584:Move(W)
21099814063:Move(W)
21100404608:Move(W)
21100949388:Move(W)
21101558433:Move(W)
21102107898:Move(W)
21102673825:Move(W)
21103220106:Move(W)
21103771026:Move(W)
21104328323:Move(W)
21104930407:Move(W)
21105694265:Move(W)
21106334330:Move(W)
21106889134:Move(W)
21107440253:Move(W)
21108174056:Move(W)
21108930795:Move(W)
21109481537:Move(W)
21110030790:Move(W)
21110614800:Move(W)
21111240234:Move(W)
21111795161:Move(W)
21112347526:Move(W)
21112894293:Move(W)
21113439533:Move(W)
21114004666:Move(W)
21114619102:Pull(N,W)
21115176312:Push(S,E)
21115904680:Push(E,E)
21116456566:Push(E,E)
21117022940:Push(E,E)
21117684443:Push(E,E)
21118351737:Push(E,E)
21118983169:Push(E,E)
21119547441:Push(E,E)
21120090914:Push(E,E)
21120642826:Push(E,E)
21121304177:Push(E,E)
21121851528:Push(E,E)
21122407957:Push(E,E)
21122980143:Push(E,E)
21123533585:Push(E,E)
21124345070:Push(E,E)
21124951242:Push(E,E)
21125504888:Push(E,E)
21126393109:Push(E,E)
21127044327:Push(E,E)
21127887800:Push(E,E)
21128474352:Push(E,E)
21129055440:Push(E,E)
21129614219:Push(E,E)
21130170544:Push(E,E)
21130725688:Push(E,E)
21131358423:Push(E,E)
21131941123:Push(E,E)
21132500510:Push(E,E)
21133055818:Push(E,E)
21133613983:Push(E,E)
21134196194:Push(E,E)
21134793123:Push(E,E)
21135349418:Push(E,E)
21136134358:Push(E,E)
21136867878:Push(E,E)
21137732277:Push(E,E)
21138330404:Push(E,E)
21138900187:Push(E,E)
21139465294:Push(E,E)
21140025037:Push(E,E)
21140644838:Push(E,E)
21141345713:Push(E,E)
26135754477:Move(S)
26136341196:Move(W)
26136902579:Move(W)
26137711333:Move(W)
26138274512:Move(W)
26138828968:Move(W)
26139419021:Move(W)
26140022689:Move(W)
26140583363:Move(W)
26141313049:Move(W)
26141999260:Move(W)
26142580555:Move(W)
26143161186:Move(W)
26143738460:Move(W)
26144366344:Move(W)
26144960506:Move(W)
26145521884:Move(W)
26146077315:Move(W)
26146634457:Move(W)
26147191599:Move(W)
26147787207:Move(W)
26148545274:Move(W)
26149104707:Move(W)
26149669729:Move(W)
26150225870:Move(W)
26150784249:Move(W)
26151582992:Move(W)
26152203149:Move(W)
26152785951:Move(W)
26153344200:Move(W)
26153905868:Move(W)
26154532203:Move(W)
26155136866:Move(W)
26155787454:Move(W)
26156368583:Move(W)
26156971819:Move(W)
26157551166:Move(W)
26158155191:Move(W)
26158742715:Move(W)
26159346487:Move(W)
26159906258:Move(W)
26160466177:Move(W)
26161198628:Move(W)
26161839874:Pull(N,W)
26162424050:Push(S,E)
26163007761:Push(E,E)
26163588290:Push(E,E)
26164170037:Push(E,E)
26164813345:Push(E,E)
26165394987:Push(E,E)
26166197374:Push(E,E)
26166760666:Push(E,E)
26167327065:Push(E,E)
26167953706:Push(E,E)
26168512947:Push(E,E)
26169120389:Push(E,E)
26169686936:Push(E,E)
26170269928:Push(E,E)
26170990742:Push(E,E)
26171593241:Push(E,E)
26172158372:Push(E,E)
26172760055:Push(E,E)
26173474949:Push(E,E)
26174033942:Push(E,E)
26174686050:Push(E,E)
26175250357:Push(E,E)
26175830578:Push(E,E)
26176394593:Push(E,E)
26177015102:Push(E,E)
26177575190:Push(E,E)
26178196890:Push(E,E)
26178783651:Push(E,E)
26179343819:Push(E,E)
26179894501:Push(E,E)
26180618137:Push(E,E)
26181425166:Push(E,E)
26181997333:Push(E,E)
26182655897:Push(E,E)
26183274496:Push(E,E)
26184107922:Push(E,E)
26184734433:Push(E,E)
26185293335:Push(E,E)
26185855449:Push(E,E)
26186414680:Push(E,E)
26187034616:Push(E,E)
26187601839:Push(E,E)
26188250342:Push(E,E)
31310621709:Move(S)
31311293640:Move(W)
31311882580:Move(W)
31312557456:Move(W)
31313105553:Move(W)
31313711041:Move(W)
31314266828:Move(W)
31314939641:Move(W)
31315503279:Move(W)
31316174821:Move(W)
31316914368:Move(W)
31317425814:Move(W)
31317991834:Move(W)
31318772463:Move(W)
31319336242:Move(W)
31319868942:Move(W)
31320393662:Move(W)
31320920408:Move(W)
31321536319:Move(W)
31322069193:Move(W)
31322597656:Move(W)
31323150595:Move(W)
31323680558:Move(W)
31324207349:Move(W)
31324796225:Move(W)
31325321832:Move(W)
31325848666:Move(W)
31326718088:Move(W)
31327363867:Move(W)
31327987230:Move(W)
31328546405:Move(W)
31329422317:Move(W)
31330011141:Move(W)
31330557884:Move(W)
31331205899:Move(W)
31331818506:Move(W)
31332417879:Move(W)
31332964083:Move(W)
31333508001:Move(W)
31334121642:Move(W)
31334750544:Move(W)
31335300992:Move(W)
31335919675:Move(W)
31337048905:Pull(N,W)
31337605680:Push(S,E)
31338214142:Push(E,E)
31338775809:Push(E,E)
31339330589:Push(E,E)
31339918167:Push(E,E)
31340475312:Push(E,E)
31341190210:Push(E,E)
31341748448:Push(E,E)
31342270144:Push(E,E)
31342829071:Push(E,E)
31343389324:Push(E,E)
31343951296:Push(E,E)
31344547937:Push(E,E)
31345132072:Push(E,E)
31345692939:Push(E,E)
31346356851:Push(E,E)
31347219534:Push(E,E)
31347831823:Push(E,E)
31348393431:Push(E,E)
31348955830:Push(E,E)
31349542437:Push(E,E)
31350144269:Push(E,E)
31350710190:Push(E,E)
31351313784:Push(E,E)
31351872836:Push(E,E)
31352427619:Push(E,E)
31352991583:Push(E,E)
31353575683:Push(E,E)
31354138771:Push(E,E)
31354735243:Push(E,E)
31355288152:Push(E,E)
31355875014:Push(E,E)
31356673810:Push(E,E)
31357341522:Push(E,E)
31358270923:Push(E,E)
31358846225:Push(E,E)
31359411758:Push(E,E)
31360132907:Push(E,E)
31360690908:Push(E,E)
31361303600:Push(E,E)
31361877483:Push(E,E)
31362457894:Push(E,E)
31363029274:Push(E,E)
36766227960:Move(S)
36767068065:Move(W)
36767792894:Move(W)
36768479683:Move(W)
36769323944:Move(W)
36769887921:Move(W)
36770452759:Move(W)
36771112457:Move(W)
36771671013:Move(W)
36772231152:Move(W)
36772800386:Move(W)
36773353366:Move(W)
36773908685:Move(W)
36774529513:Move(W)
36775127589:Move(W)
36775681622:Move(W)
36776359480:Move(W)
36777037683:Move(W)
36777594761:Move(W)
36778199471:Move(W)
36778765933:Move(W)
36779709709:Move(W)
36780286108:Move(W)
36780856122:Move(W)
36781488204:Move(W)
36782049448:Move(W)
36782653533:Move(W)
36783223338:Move(W)
36783786655:Move(W)
36784364283:Move(W)
36784963787:Move(W)
36785502922:Move(W)
36786224514:Move(W)
36786914725:Move(W)
36787461145:Move(W)
36788120149:Move(W)
36788665491:Move(W)
36789533584:Move(W)
36790153011:Move(W)
36790733197:Move(W)
36791391171:Move(W)
36791966334:Move(W)
36792715263:Move(W)
36793274815:Pull(N,W)
36793833204:Push(S,E)
36794445585:Push(E,E)
36795009912:Push(E,E)
36795569654:Push(E,E)
36796583165:Push(E,E)
36797145950:Push(E,E)
36797835466:Push(E,E)
36798397404:Push(E,E)
36798959311:Push(E,E)
36799519080:Push(E,E)
36800137481:Push(E,E)
36800703234:Push(E,E)
36801305113:Push(E,E)
36801887376:Push(E,E)
36802448379:Push(E,E)
36803003722:Push(E,E)
36803599694:Push(E,E)
36804156212:Push(E,E)
36804771664:Push(E,E)
36805334900:Push(E,E)
36806044664:Push(E,E)
36806713466:Push(E,E)
36807500276:Push(E,E)
36808144589:Push(E,E)
36808706208:Push(E,E)
36809266289:Push(E,E)
36809826799:Push(E,E)
36810466754:Push(E,E)
36811061322:Push(E,E)
36811640088:Push(E,E)
36812198777:Push(E,E)
36812757139:Push(E,E)
36813314460:Push(E,E)
36813875136:Push(E,E)
36814543344:Push(E,E)
36815100180:Push(E,E)
36815728631:Push(E,E)
36816424978:Push(E,E)
36816979564:Push(E,E)
36817799769:Push(E,E)
36818359306:Push(E,E)
36818911000:Push(E,E)
36819490015:Push(E,E)
42303887352:Move(S)
42304536239:Move(W)
42305094527:Move(W)
42305775336:Move(W)
42306493456:Move(W)
42307164604:Move(W)
42307906066:Move(W)
42308665985:Move(W)
42309329936:Move(W)
42310149985:Move(W)
42310874195:Move(W)
42311525446:Move(W)
42312083472:Move(W)
42312657951:Move(W)
42313257754:Move(W)
42313816776:Move(W)
42314393036:Move(W)
42314969263:Move(W)
42315529763:Move(W)
42316094049:Move(W)
42316744877:Move(W)
42317440786:Move(W)
42318060688:Move(W)
42318615825:Move(W)
42319167710:Move(W)
42319837101:Move(W)
42320485689:Move(W)
42321058426:Move(W)
42321662210:Move(W)
42322221294:Move(W)
42322780533:Move(W)
42323361864:Move(W)
42323916596:Move(W)
42324533888:Move(W)
42325087923:Move(W)
42325666770:Move(W)
42326224241:Move(W)
42326810957:Move(W)
42327568157:Move(W)
42328187415:Move(W)
42328757275:Move(W)
42329341649:Move(W)
42330035387:Move(W)
42330654788:Pull(N,W)
42331280687:Push(S,E)
42331876356:Push(E,E)
42332454554:Push(E,E)
42333033595:Push(E,E)
42333609533:Push(E,E)
42334180643:Push(E,E)
42334809756:Push(E,E)
42335380378:Push(E,E)
42335954551:Push(E,E)
42336536958:Push(E,E)
42337108174:Push(E,E)
42337734132:Push(E,E)
42338345859:Push(E,E)
42338980232:Push(E,E)
42339706494:Push(E,E)
42340286130:Push(E,E)
42340868224:Push(E,E)
42341484471:Push(E,E)
42342073991:Push(E,E)
42342659563:Push(E,E)
42343263327:Push(E,E)
42343882078:Push(E,E)
42344537933:Push(E,E)
42345094551:Push(E,E)
42345653849:Push(E,E)
42346211968:Push(E,E)
42346777175:Push(E,E)
42347361035:Push(E,E)
42347986613:Push(E,E)
42348759193:Push(E,E)
42349456890:Push(E,E)
42350023451:Push(E,E)
42350578137:Push(E,E)
42351205327:Push(E,E)
42351794992:Push(E,E)
42352387684:Push(E,E)
42352944682:Push(E,E)
42353504335:Push(E,E)
42354059270:Push(E,E)
42354692317:Push(E,E)
42355249649:Push(E,E)
42355805495:Push(E,E)
42356389343:Push(E,E)
47957113981:Move(S)
47957710657:Move(W)
47958305373:Move(W)
47958956233:Move(W)
47959647891:Move(W)
47960384790:Move(W)
47961009785:Move(W)
47961656723:Move(W)
47962308947:Move(W)
47962891924:Move(W)
47963459608:Move(W)
47964005873:Move(W)
47964676906:Move(W)
47965250245:Move(W)
47965856721:Move(W)
47966693797:Move(W)
47967258151:Move(W)
47967876568:Move(W)
47968573569:Move(W)
47969178432:Move(W)
47969890711:Move(W)
47970700880:Move(W)
47971337095:Move(W)
47971897417:Move(W)
47972457953:Move(W)
47973013039:Move(W)
47973572083:Move(W)
47974129294:Move(W)
47974799222:Move(W)
47975360241:Move(W)
47975914197:Move(W)
47976467172:Move(W)
47977143117:Move(W)
47977885153:Move(W)
47978437055:Move(W)
47979041255:Move(W)
47979788925:Move(W)
47980440548:Move(W)
47981129491:Move(W)
47981685647:Move(W)
47982239505:Move(W)
47982792419:Move(W)
47983367561:Move(W)
47983949634:Pull(N,W)
47984587698:Push(S,E)
47985148153:Push(E,E)
47985711127:Push(E,E)
47986270554:Push(E,E)
47986834848:Push(E,E)
47987410509:Push(E,E)
47988097896:Push(E,E)
47988660360:Push(E,E)
47989323322:Push(E,E)
47990124825:Push(E,E)
47990726967:Push(E,E)
47991409141:Push(E,E)
47991989724:Push(E,E)
47992591466:Push(E,E)
47993172598:Push(E,E)
47993751596:Push(E,E)
47994358481:Push(E,E)
47994973004:Push(E,E)
47995531404:Push(E,E)
47996086576:Push(E,E)
47996669409:Push(E,E)
47997231125:Push(E,E)
47997857083:Push(E,E)
47998655486:Push(E,E)
47999337918:Push(E,E)
47999860095:Push(E,E)
48000399256:Push(E,E)
48001291453:Push(E,E)
48001857625:Push(E,E)
48002438030:Push(E,E)
48003000163:Push(E,E)
48003558605:Push(E,E)
48004114790:Push(E,E)
48004703602:Push(E,E)
48005355092:Push(E,E)
48005914314:Push(E,E)
48006481539:Push(E,E)
48007040527:Push(E,E)
48007605590:Push(E,E)
48008261631:Push(E,E)
48009265903:Push(E,E)
48009829257:Push(E,E)
48010446500:Push(E,E)
53745351043:Move(S)
53745946220:Move(W)
53746551506:Move(W)
53747103080:Move(W)
53747725567:Move(W)
53748304659:Move(W)
53748855826:Move(W)
53749450019:Move(W)
53750367446:Move(W)
53751046286:Move(W)
53751682502:Move(W)
53752231223:Move(W)
53752869533:Move(W)
53753469722:Move(W)
53754146817:Move(W)
53754945492:Move(W)
53755522771:Move(W)
53756102290:Move(W)
53756694072:Move(W)
53757319175:Move(W)
53758137105:Move(W)
53758788446:Move(W)
53759407209:Move(W)
53760328293:Move(W)
53760893459:Move(W)
53761560491:Move(W)
53762140817:Move(W)
53762720861:Move(W)
53763354057:Move(W)
53763938278:Move(W)
53764575150:Move(W)
53765299952:Move(W)
53765910031:Move(W)
53766492193:Move(W)
53767071550:Move(W)
53767695962:Move(W)
53768389290:Move(W)
53768968053:Move(W)
53769669020:Move(W)
53770494818:Move(W)
53771180423:Move(W)
53771802430:Move(W)
53772474532:Move(W)
53773248483:Pull(N,W)
53773937608:Push(S,E)
53774720707:Push(E,E)
53775552628:Push(E,E)
53776225842:Push(E,E)
53776897137:Push(E,E)
53777717342:Push(E,E)
53778403719:Push(E,E)
53779033570:Push(E,E)
53779732901:Push(E,E)
53780429603:Push(E,E)
53781101025:Push(E,E)
53781683274:Push(E,E)
53782382218:Push(E,E)
53782944733:Push(E,E)
53783503286:Push(E,E)
53784059711:Push(E,E)
53784870374:Push(E,E)
53785432904:Push(E,E)
53786002990:Push(E,E)
53786564641:Push(E,E)
53787406964:Push(E,E)
53788033254:Push(E,E)
53788595392:Push(E,E)
53789165556:Push(E,E)
53789724715:Push(E,E)
53790284700:Push(E,E)
53790848676:Push(E,E)
53791449855:Push(E,E)
53792008377:Push(E,E)
53792611903:Push(E,E)
53793201067:Push(E,E)
53793736034:Push(E,E)
53794265720:Push(E,E)
53795094508:Push(E,E)
53795653477:Push(E,E)
53796227438:Push(E,E)
53796757138:Push(E,E)
53797287833:Push(E,E)
53797884612:Push(E,E)
53798418353:Push(E,E)
53798947282:Push(E,E)
53799522030:Push(E,E)
53800074855:Push(E,E)
59729202930:Move(S)
59729950054:Move(W)
59730491123:Move(W)
59731090329:Move(W)
59731632367:Move(W)
59732168067:Move(W)
59732702190:Move(W)
59733287899:Move(W)
59733818380:Move(W)
59734399110:Move(W)
59734944547:Move(W)
59735472898:Move(W)
59736002592:Move(W)
59736810760:Move(W)
59737364260:Move(W)
59737960354:Move(W)
59738492293:Move(W)
59739402913:Move(W)
59740011295:Move(W)
59740541928:Move(W)
59741138716:Move(W)
59741693953:Move(W)
59742226723:Move(W)
59742755495:Move(W)
59743285159:Move(W)
59743813644:Move(W)
59744372081:Move(W)
59744920835:Move(W)
59745475330:Move(W)
59746004171:Move(W)
59746536590:Move(W)
59747356240:Move(W)
59747937521:Move(W)
59748698067:Move(W)
59749252350:Move(W)
59749807149:Move(W)
59750389104:Move(W)
59750924761:Move(W)
59751518619:Move(W)
59752052093:Move(W)
59752579453:Move(W)
59753111542:Move(W)
59753665856:Move(W)
59754197515:Pull(N,W)
59754807369:Push(S,E)
59755346226:Push(E,E)
59755877416:Push(E,E)
59756412588:Push(E,E)
59757008714:Push(E,E)
59757842925:Push(E,E)
59758691626:Push(E,E)
59759287402:Push(E,E)
59759861727:Push(E,E)
59760396193:Push(E,E)
59760934360:Push(E,E)
59761530188:Push(E,E)
59762066202:Push(E,E)
59762623915:Push(E,E)
59763200892:Push(E,E)
59763962482:Push(E,E)
59764584287:Push(E,E)
59765136005:Push(E,E)
59765686624:Push(E,E)
59766233510:Push(E,E)
59766838547:Push(E,E)
59767373808:Push(E,E)
59768175145:Push(E,E)
59768909081:Push(E,E)
59769444590:Push(E,E)
59769973104:Push(E,E)
59770502867:Push(E,E)
59771111435:Push(E,E)
59771653753:Push(E,E)
59772192741:Push(E,E)
59772776448:Push(E,E)
59773312839:Push(E,E)
59773853242:Push(E,E)
59774431170:Push(E,E)
59775026089:Push(E,E)
59775557526:Push(E,E)
59776089598:Push(E,E)
59776620027:Push(E,E)
59777151473:Push(E,E)
59777730268:Push(E,E)
59778624817:Push(E,E)
59779225451:Push(E,E)
59779816541:Push(E,E)
65797940617:Move(S)
65798784156:Move(W)
65799403325:Move(W)
65799936586:Move(W)
65800470029:Move(W)
65801031253:Move(W)
65801582381:Move(W)
65802163913:Move(W)
65802693273:Move(W)
65803224529:Move(W)
65803752569:Move(W)
65804277717:Move(W)
65804858679:Move(W)
65805388140:Move(W)
65806208761:Move(W)
65806844227:Move(W)
65807381272:Move(W)
65807980502:Move(W)
65808753980:Move(W)
65809280718:Move(W)
65809806018:Move(W)
65810354999:Move(W)
65810887040:Move(W)
65811481049:Move(W)
65812009549:Move(W)
65812541773:Move(W)
65813071920:Move(W)
65813595847:Move(W)
65814203509:Move(W)
65814852137:Move(W)
65815370212:Move(W)
65816250365:Move(W)
65816864163:Move(W)
65817391926:Move(W)
65817978942:Move(W)
65818534107:Move(W)
65819063956:Move(W)
65819660447:Move(W)
65820185151:Move(W)
65820715064:Move(W)
65821314107:Move(W)
65821844588:Move(W)
65822394867:Move(W)
65822923303:Pull(N,W)
65823452912:Push(S,E)
65823986746:Push(E,E)
65824579069:Push(E,E)
65825114465:Push(E,E)
65825857132:Push(E,E)
65826663949:Push(E,E)
65827280913:Push(E,E)
65827876576:Push(E,E)
65828412096:Push(E,E)
65828944984:Push(E,E)
65829511201:Push(E,E)
65830047972:Push(E,E)
65830577830:Push(E,E)
65831257279:Push(E,E)
65831788797:Push(E,E)
65832322226:Push(E,E)
65832853321:Push(E,E)
65833386894:Push(E,E)
65833916604:Push(E,E)
65834512295:Push(E,E)
65835072599:Push(E,E)
65835877771:Push(E,E)
65836520778:Push(E,E)
65837110885:Push(E,E)
65837652140:Push(E,E)
65838236668:Push(E,E)
65838827338:Push(E,E)
65839352887:Push(E,E)
65839937696:Push(E,E)
65840440691:Push(E,E)
65841021058:Push(E,E)
65841560510:Push(E,E)
65842063014:Push(E,E)
65842582274:Push(E,E)
65843151225:Push(E,E)
65843742870:Push(E,E)
65844257628:Push(E,E)
65844840888:Push(E,E)
65845357433:Push(E,E)
65846371509:Push(E,E)
65847061817:Push(E,E)
65847771244:Push(E,E)
65848327713:Push(E,E)
71972715955:Move(S)
71973257367:Move(W)
71973765865:Move(W)
71974359671:Move(W)
71975148775:Move(W)
71975942524:Move(W)
71976557769:Move(W)
71977153510:Move(W)
71977690964:Move(W)
71978229218:Move(W)
71978733557:Move(W)
71979230719:Move(W)
71979954886:Move(W)
71980508207:Move(W)
71981087464:Move(W)
71981646868:Move(W)
71982153198:Move(W)
71982656845:Move(W)
71983224774:Move(W)
71983724739:Move(W)
71984226001:Move(W)
71985088626:Move(W)
71985773912:Move(W)
71986622156:Move(W)
71987150998:Move(W)
71987758146:Move(W)
71988259669:Move(W)
71988782354:Move(W)
71989320811:Move(W)
71989962478:Move(W)
71990490833:Move(W)
71991110160:Move(W)
71991639237:Move(W)
71992168611:Move(W)
71992704487:Move(W)
71993290952:Move(W)
71993821160:Move(W)
71994422825:Move(W)
71995290466:Move(W)
71995885803:Move(W)
71996575735:Move(W)
71997284861:Move(W)
71997931152:Move(W)
71998488161:Pull(N,W)
71999045175:Push(S,E)
71999587142:Push(E,E)
72000336415:Push(E,E)
72000983523:Push(E,E)
72001630134:Push(E,E)
72002216730:Push(E,E)
72002837943:Push(E,E)
72003428007:Push(E,E)
72004132135:Push(E,E)
72004878317:Push(E,E)
72005563896:Push(E,E)
72006186017:Push(E,E)
72006804997:Push(E,E)
72007428793:Push(E,E)
72008270143:Push(E,E)
72008854998:Push(E,E)
72009445461:Push(E,E)
72010222331:Push(E,E)
72010849823:Push(E,E)
72011598515:Push(E,E)
72012212722:Push(E,E)
72012794515:Push(E,E)
72013376253:Push(E,E)
72013964858:Push(E,E)
72014681544:Push(E,E)
72015448965:Push(E,E)
72016043217:Push(E,E)
72016629736:Push(E,E)
72017192374:Push(E,E)
72017809260:Push(E,E)
72018682402:Push(E,E)
72019249792:Push(E,E)
72019816591:Push(E,E)
72020412358:Push(E,E)
72021031761:Push(E,E)
72021674708:Push(E,E)
72022257643:Push(E,E)
72022815907:Push(E,E)
72023373121:Push(E,E)
72023931285:Push(E,E)
72024598270:Push(E,E)
72025350073:Push(E,E)
72025983448:Push(E,E)
78125281625:Move(S)
78125984123:Move(W)
78126634826:Move(W)
78127301108:Move(W)
78128022903:Move(W)
78128586818:Move(W)
78129476600:Move(W)
78130077884:Move(W)
78130631470:Move(W)
78131246386:Move(W)
78131780755:Move(W)
78132334221:Move(W)
78132912604:Move(W)
78133655528:Move(W)
78134253397:Move(W)
78134847412:Move(W)
78135403694:Move(W)
78135959800:Move(W)
78136509982:Move(W)
78137064875:Move(W)
78137626814:Move(W)
78138254981:Move(W)
78138822727:Move(W)
78139558409:Move(W)
78140079238:Move(W)
78140605424:Move(W)
78141228779:Move(W)
78141788026:Move(W)
78142470518:Move(W)
78143120608:Move(W)
78143677596:Move(W)
78144232174:Move(W)
78144828637:Move(W)
78145389916:Move(W)
78145945970:Move(W)
78146542923:Move(W)
78147118902:Move(W)
78147696486:Move(W)
78148248978:Move(W)
78149049359:Move(W)
78149615568:Move(W)
78150179592:Move(W)
78150900657:Move(W)
78151517125:Pull(N,W)
78152083020:Push(S,E)
78152828548:Push(E,E)
78153377518:Push(E,E)
78153934309:Push(E,E)
78154547654:Push(E,E)
78155112864:Push(E,E)
78170780557:Push(E,E)
78171542933:Push(E,E)
78172217675:Push(E,E)
78172925816:Push(E,E)
78173645111:Push(E,E)
78174345340:Push(E,E)
78175048145:Push(E,E)
78175744315:Push(E,E)
78176444131:Push(E,E)
78177137477:Push(E,E)
78177822374:Push(E,E)
78178503485:Push(E,E)
78179174522:Push(E,E)
78179824312:Push(E,E)
78180491144:Push(E,E)
78181132974:Push(E,E)
78181761954:Push(E,E)
78182361131:Push(E,E)
78183000929:Push(E,E)
78183630909:Push(E,E)
78184236364:Push(E,E)
78184853704:Push(E,E)
78185463506:Push(E,E)
78186090865:Push(E,E)
78186699426:Push(E,E)
78187295843:Push(E,E)
78187895367:Push(E,E)
78188491893:Push(E,E)
78189104072:Push(E,E)
78189700094:Push(E,E)
78190291591:Push(E,E)
78190923859:Push(E,E)
78191583806:Push(E,E)
78192246351:Push(E,E)
78192811606:Push(E,E)
78193374794:Push(E,E)
78193926861:Push(E,E)
84387434722:Move(S)
84388151133:Move(W)
84388714059:Move(W)
84389268577:Move(W)
84389828327:Move(W)
84390613181:Move(W)
84391387696:Move(W)
84392035203:Move(W)
84392681785:Move(W)
84393233396:Move(W)
84393784498:Move(W)
84394353701:Move(W)
84395283451:Move(W)
84395847326:Move(W)
84396422279:Move(W)
84396971224:Move(W)
84397543114:Move(W)
84398201773:Move(W)
84398780784:Move(W)
84399334408:Move(W)
84399893642:Move(W)
84400725891:Move(W)
84401345231:Move(W)
84401901404:Move(W)
84402469738:Move(W)
84403026640:Move(W)
84403587395:Move(W)
84404143101:Move(W)
84404937487:Move(W)
84405468626:Move(W)
84406025698:Move(W)
84406580948:Move(W)
84407129233:Move(W)
84407720843:Move(W)
84408347257:Move(W)
84408937383:Move(W)
84409506543:Move(W)
84410105446:Move(W)
84410922581:Move(W)
84411529783:Move(W)
84412386143:Move(W)
84412966923:Move(W)
84413564639:Move(W)
84414122189:Pull(N,W)
84414749218:Push(S,E)
84415303214:Push(E,E)
84415904075:Push(E,E)
84416456838:Push(E,E)
84417009860:Push(E,E)
84417537652:Push(E,E)
84418199664:Push(E,E)
84418771015:Push(E,E)
84419394512:Push(E,E)
84419961415:Push(E,E)
84420784333:Push(E,E)
84421424334:Push(E,E)
84421984500:Push(E,E)
84422826996:Push(E,E)
84423369705:Push(E,E)
84423961503:Push(E,E)
84424572778:Push(E,E)
84425130841:Push(E,E)
84425828230:Push(E,E)
84426427420:Push(E,E)
84427013455:Push(E,E)
84427574978:Push(E,E)
84428199977:Push(E,E)
84428756951:Push(E,E)
84429316242:Push(E,E)
84430074124:Push(E,E)
84430713703:Push(E,E)
84431359035:Push(E,E)
84431920200:Push(E,E)
84432519658:Push(E,E)
84433400512:Push(E,E)
84433985226:Push(E,E)
84434615244:Push(E,E)
84435179617:Push(E,E)
84435763714:Push(E,E)
84436326490:Push(E,E)
84436956943:Push(E,E)
84437520856:Push(E,E)
84438149283:Push(E,E)
84438722042:Push(E,E)
84439289750:Push(E,E)
84439907666:Push(E,E)
84440634051:Push(E,E)
#end
#solved
false
#numactions
1349
#time
84440634051
#end
