#domain
hospital
#levelname
SAChuligans
#colors
blue: 0, A, B, C, D
#initial
+++++++++++++++++++++
+ +    +  +         +
+ +   C+D + B       +
+ +    +  +         +
+ +    +  +         +
+ +    +  +         +
+ +    +  +         +
+ +    +  +         +
+ +    +  +         +
+ +    +  +         +
+ +    +  +         +
+ +    +  +         +
+ +    +  +         +
+ +    +  +         +
+                   +
+                   +
+                  0+
+       +++++++++++++
+      A+
+++++++++
#goal
+++++++++++++++++++++
+D+    +  +         +
+C+    +  +         +
+ +    +  +         +
+A+    +  +         +
+B+    +  +         +
+ +    +  +         +
+ +    +  +         +
+ +    +  +         +
+ +    +  +         +
+ +    +  +         +
+ +    +  +         +
+ +    +  +         +
+ +    +  +         +
+                   +
+                   +
+                   +
+       +++++++++++++
+       +
+++++++++
#end
#clientname
vAIkings
#actions
132728706:Move(N)
133011254:Move(N)
133245299:Move(W)
133419006:Move(W)
133588278:Move(W)
133755545:Move(W)
133923117:Move(W)
134035548:Move(W)
134143794:Move(W)
134252537:Move(W)
134362702:Move(W)
134473293:Move(W)
134584899:Move(N)
134695416:Move(N)
134806451:Move(N)
134916225:Move(N)
135025359:Move(N)
135133895:Move(N)
135242477:Move(N)
135500549:Move(N)
135669290:Move(N)
135842529:Move(N)
136114595:Move(N)
136282403:Move(N)
136566531:Push(W,S)
136850420:Push(S,S)
137145293:Push(S,S)
137418752:Push(S,S)
137673394:Push(S,S)
137824128:Push(S,S)
137978131:Push(S,S)
138132904:Push(S,S)
138285464:Push(S,S)
138437028:Push(S,S)
138552890:Push(S,S)
138663147:Push(S,S)
138803711:Push(S,W)
138948806:Push(W,W)
139110649:Push(W,W)
139294398:Push(W,W)
139489943:Push(W,W)
139660670:Push(W,W)
139861501:Push(W,W)
140006638:Push(W,N)
140164691:Push(N,N)
140279566:Push(N,N)
140427388:Push(N,N)
140539719:Push(N,N)
140652026:Push(N,N)
140764478:Push(N,N)
140925594:Push(N,N)
141094923:Push(N,N)
141264324:Push(N,N)
141378890:Push(N,N)
141492815:Push(N,N)
141607404:Push(N,N)
229593486:Move(S)
229858152:Move(S)
230065836:Move(S)
230268994:Move(S)
230490194:Move(S)
230757403:Move(S)
231026397:Move(S)
231277350:Move(S)
231452788:Move(S)
231619857:Move(S)
231873868:Move(S)
232077534:Move(S)
232267032:Move(E)
232391254:Move(E)
232502147:Move(N)
232612887:Move(N)
232724064:Move(N)
232834448:Move(N)
232944070:Move(N)
233053398:Move(N)
233164097:Move(N)
233284311:Move(N)
233392536:Move(N)
233500570:Move(N)
233647123:Move(N)
233778057:Move(N)
233888975:Move(E)
233996232:Move(E)
234246733:Push(E,S)
234467879:Push(S,S)
234760616:Push(S,S)
235051540:Push(S,S)
235298739:Push(S,S)
235463105:Push(S,S)
235680019:Push(S,S)
235949173:Push(S,S)
236111487:Push(S,S)
236268419:Push(S,S)
236423247:Push(S,S)
236576898:Push(S,S)
236730706:Push(S,W)
236882151:Push(W,W)
237000033:Push(W,W)
237112116:Push(W,W)
237258317:Push(W,W)
237372682:Push(W,N)
237487954:Push(N,N)
237601920:Push(N,N)
237735739:Push(N,N)
237862610:Push(N,N)
238003535:Push(N,N)
238117263:Push(N,N)
238231872:Push(N,N)
238345645:Push(N,N)
238488508:Push(N,N)
238651030:Push(N,N)
238840487:Push(N,N)
306003917:Move(S)
306199268:Move(S)
306370799:Move(S)
306535412:Move(S)
306702607:Move(S)
306865278:Move(S)
307029009:Move(S)
307154825:Move(S)
307321934:Move(S)
307454478:Move(S)
307596929:Move(S)
307711929:Move(S)
307833517:Move(S)
307945692:Move(S)
308058601:Move(S)
308194185:Move(E)
308308334:Move(E)
308419668:Move(E)
308530669:Move(E)
308639191:Move(E)
308750390:Push(E,N)
308915474:Push(N,N)
309033536:Push(N,N)
309148741:Push(N,N)
309264158:Push(N,W)
309380154:Push(W,W)
309520634:Push(W,W)
309634789:Push(W,W)
309748000:Push(W,W)
309899230:Push(W,W)
310017423:Push(W,N)
310135145:Push(N,N)
310273295:Push(N,N)
310506280:Push(N,N)
310702756:Push(N,N)
310903120:Push(N,N)
311074101:Push(N,N)
311227312:Push(N,N)
311374075:Push(N,N)
311494296:Push(N,N)
426618460:Move(S)
426787744:Move(S)
426926328:Move(S)
427057268:Move(S)
427188302:Move(S)
427317475:Move(S)
427448404:Move(S)
427577958:Move(S)
427718556:Move(S)
427845559:Move(E)
427978150:Move(E)
428099326:Move(E)
428221862:Move(E)
428375110:Move(E)
428531972:Move(E)
428680469:Move(E)
428852720:Move(E)
429011927:Move(E)
429170134:Move(E)
429328622:Move(N)
429449305:Move(N)
429566669:Move(N)
429684364:Move(N)
429802113:Move(N)
429922049:Move(N)
430040224:Move(N)
430158418:Move(N)
430278143:Move(N)
430398668:Move(N)
430518454:Move(N)
430637004:Move(N)
430754867:Push(E,S)
430880720:Push(S,S)
431003212:Push(S,S)
431124427:Push(S,S)
431366262:Push(S,S)
431549577:Push(S,S)
431780674:Push(S,S)
432004287:Push(S,S)
432169896:Push(S,S)
432446525:Push(S,S)
432754710:Push(S,S)
433043130:Push(S,S)
433217604:Push(S,W)
433388340:Push(W,W)
433533093:Push(W,W)
433703839:Push(W,W)
433858641:Push(W,W)
434019009:Push(W,W)
434163229:Push(W,W)
434280966:Push(W,W)
434423957:Push(W,W)
434550639:Push(W,W)
434734695:Push(W,W)
434869383:Push(W,N)
434987364:Push(N,N)
435106622:Push(N,N)
435221339:Push(N,N)
435334848:Push(N,N)
435523752:Push(N,N)
435692615:Push(N,N)
435837510:Push(N,N)
435963200:Push(N,N)
#end
#solved
true
#numactions
216
#time
435963200
#end
