#domain
hospital
#levelname
SAdeepChaos
#colors
blue: 0, A, B, C, D, E, F, G
#initial
++++++++++++++++++++++++++++++++++++++++++++++++++
+0                  A                            +
+++++++++++++++++++++++++++++++++++++++       +  +
++++++++++++++++++++ ++++++++++++++++++       +G +
++ +++       +    B+                          +  +
+    +      +      +                          +  +
+    +     +       +                          +  +
+    +    +        +                         D+  +
+        +                                    +  +
+       +                                     +  +
+      +                                      +  +
+     +                                       +  +
+    +                                        +  +
+   +                            +            +  +
+                                +            +  +
+              ++++++++++++++++++++++++++++++++  +
+                         +                   +  +
+                         +                   +  +
+ C                       +           F       +  +
+                        +                    +  +
+                       +                     +  +
+                      +                      +  +
+                     +                       +  +
+                    +           ++++         +  +
+                   +            ++++         +  +
+                  +             ++++         +  +
+                   +            ++++         +  +
+                     +                       +  +
+                      +                      +  +
+              ++++++ +++                     +  +
+                  ++++E                      +  +
+                                             +  +
+                                             +  +
+                                          ++++  +
+                                          +     +
+             +                            +     +
+             +                            ++++  +
+             ++++++                          +  +
+                 +                           +  +
+                 +                          +   +
+                 +                         +    +
+                 +                     ++++     +
+                 +                              +
+                                     ++++++++++++
+                                     ++++++++++++
+                                     ++++++++++++
+                                     ++++++++++++
+                                     ++++++++++++
+                                     ++++++++++++
++++++++++++++++++++++++++++++++++++++++++++++++++
++++++++++++++++++++++++++++++++++++++++++++++++++
#goal
++++++++++++++++++++++++++++++++++++++++++++++++++
+                                               0+
+++++++++++++++++++++++++++++++++++++++       +  +
++++++++++++++++++++A++++++++++++++++++       +  +
++B+++       +     +                          +  +
+    +      +      +                          +  +
+    +     +       +                          +  +
+    +    +        +                          +  +
+        +                                    +  +
+       +                                     +  +
+      +                                      +  +
+     +                                       +  +
+    +                                        +  +
+   +                            +            +  +
+                                +D           +  +
+              ++++++++++++++++++++++++++++++++  +
+                         +                   +  +
+                         +                   +  +
+                         +                   +  +
+                        +                    +  +
+                       +                     +  +
+                      +                      +  +
+                     +                       +  +
+                    +           ++++         +  +
+                   +            ++++         +  +
+                  +             ++++         +  +
+                   +            ++++F        +  +
+                     +                       +  +
+                      +                      +  +
+              ++++++C+++                     +  +
+                  ++++                       +  +
+                                             +  +
+                                             +  +
+                                          ++++  +
+                                          +     +
+             +                            +G    +
+             +                            ++++  +
+             ++++++                          +  +
+                 +E                          +  +
+                 +                          +   +
+                 +                         +    +
+                 +                     ++++     +
+                 +                              +
+                                     ++++++++++++
+                                     ++++++++++++
+                                     ++++++++++++
+                                     ++++++++++++
+                                     ++++++++++++
+                                     ++++++++++++
++++++++++++++++++++++++++++++++++++++++++++++++++
++++++++++++++++++++++++++++++++++++++++++++++++++
#end
#clientname
vAIkings
#actions
199232399:Move(E)
199554057:Move(E)
199877227:Move(E)
200180827:Move(E)
200480885:Move(E)
200636203:Move(E)
200879048:Move(E)
201093457:Move(E)
201300627:Move(E)
201495744:Move(E)
201690195:Move(E)
201886441:Move(E)
202109482:Move(E)
202253703:Move(E)
202393740:Move(E)
202533832:Move(E)
202699300:Move(E)
202865984:Move(E)
203011376:Push(E,E)
203297512:Push(E,E)
203520344:Push(E,E)
203693309:Push(E,E)
203863362:Push(E,E)
204067968:Push(E,E)
204270509:Push(E,E)
204442281:Push(E,E)
204611861:Push(E,E)
204756826:Push(E,E)
204899619:Push(E,E)
205043230:Push(E,E)
205212761:Push(E,E)
205356936:Push(E,E)
205500567:Push(E,E)
205669010:Push(E,E)
205838626:Push(E,E)
206008226:Push(E,E)
206191340:Push(E,E)
206336955:Push(E,S)
206520815:Push(S,S)
206719871:Push(S,S)
206901868:Push(S,W)
207045393:Push(W,W)
207319375:Push(W,W)
207583314:Push(W,W)
207815619:Push(W,W)
207998617:Push(W,W)
208179455:Push(W,W)
208361736:Push(W,W)
208508584:Push(W,W)
208652956:Push(W,W)
208796099:Push(W,W)
208963808:Push(W,W)
209108496:Push(W,W)
209255173:Push(W,W)
209474357:Push(W,W)
209656444:Push(W,W)
209837720:Push(W,W)
209984447:Push(W,W)
210153643:Push(W,W)
210336677:Push(W,N)
535155930:Move(E)
535406890:Move(E)
535679837:Move(E)
536040950:Move(E)
536310883:Move(E)
536583212:Move(E)
536882424:Move(E)
537156606:Move(E)
537352766:Move(E)
537575570:Move(E)
537783689:Move(E)
538003401:Move(E)
538220862:Move(E)
538436293:Move(E)
538695440:Move(E)
538924046:Move(E)
539143032:Move(E)
539318531:Move(E)
539504156:Move(E)
539728730:Move(N)
539917094:Move(N)
540117094:Move(N)
540303199:Move(E)
540491648:Move(E)
540747016:Move(E)
541036277:Move(E)
541180890:Move(E)
541425892:Move(E)
541576202:Move(E)
541737293:Move(E)
541882205:Move(S)
542026465:Push(S,S)
542192365:Push(S,S)
542399571:Push(S,S)
542543056:Push(S,S)
542689449:Push(S,S)
542834633:Push(S,S)
542978457:Push(S,S)
543122823:Push(S,S)
543307159:Push(S,S)
543453700:Push(S,S)
543597943:Push(S,S)
543742223:Push(S,S)
543884086:Push(S,S)
544138860:Push(S,S)
544322912:Push(S,S)
544505241:Push(S,S)
544689610:Push(S,S)
544874628:Push(S,S)
545020364:Push(S,S)
545164168:Push(S,S)
545305852:Push(S,S)
545483249:Push(S,S)
545627301:Push(S,S)
545805849:Push(S,S)
546004697:Push(S,S)
546396549:Push(S,S)
546638055:Push(S,S)
546817830:Push(S,S)
547000449:Push(S,S)
547186616:Push(S,S)
547427583:Push(S,S)
547617449:Push(S,S)
547789429:Push(S,W)
547935562:Push(W,W)
548080810:Push(W,W)
1381435084:Move(N)
1381647164:Move(E)
1381835894:Move(E)
1382036427:Move(N)
1382240170:Move(N)
1382428982:Move(N)
1382634423:Move(N)
1382782688:Move(N)
1382925820:Move(N)
1383068548:Move(N)
1383263193:Move(N)
1383447618:Move(N)
1383615891:Move(N)
1383783754:Move(N)
1383949564:Move(N)
1384187421:Move(N)
1384369797:Move(N)
1384542122:Move(N)
1384712654:Move(N)
1384885189:Move(N)
1385053955:Move(N)
1385194251:Move(N)
1385356753:Move(N)
1385516297:Move(N)
1385825021:Move(N)
1385991455:Move(N)
1386219247:Move(N)
1386388180:Move(N)
1386556227:Move(N)
1386725235:Move(N)
1386893039:Move(N)
1387035742:Move(N)
1387195971:Move(N)
1387426268:Move(N)
1387569280:Move(N)
1387766610:Move(N)
1387915954:Move(W)
1388100143:Move(W)
1388270649:Move(S)
1388448528:Move(S)
1388633633:Move(S)
1388802179:Move(S)
1388969808:Move(S)
1389114433:Move(W)
1389281563:Move(S)
1389424075:Move(S)
1389564886:Move(W)
1389731737:Move(W)
1389956116:Move(W)
1390126426:Move(W)
1390295692:Move(W)
1390467737:Move(W)
1390609305:Move(W)
1390808806:Move(W)
1390977060:Move(W)
1391146186:Move(W)
1391288862:Move(W)
1391429694:Move(W)
1391594733:Move(W)
1391759750:Move(W)
1391925725:Move(W)
1392079237:Move(W)
1392246144:Move(W)
1392476258:Move(W)
1392686496:Move(W)
1392865951:Move(W)
1393040850:Move(W)
1393215937:Move(W)
1393390455:Move(W)
1393586910:Move(W)
1393773083:Move(W)
1393912021:Move(W)
1394162366:Move(N)
1394342712:Move(N)
1394523316:Move(N)
1394704613:Pull(S,N)
1394887687:Pull(W,N)
1395090771:Push(E,S)
1395237971:Push(S,S)
1395382693:Push(S,S)
1395526810:Push(S,S)
1395706400:Push(S,S)
1395993113:Push(S,S)
1396279670:Push(S,S)
1396582137:Push(S,S)
1396805803:Push(S,W)
1397033395:Push(W,W)
1397246705:Push(W,W)
1397520011:Push(W,W)
1397754480:Push(W,W)
1397967925:Push(W,W)
1398179159:Push(W,W)
1398353832:Push(W,W)
1398551284:Push(W,W)
1398813676:Push(W,W)
1399012725:Push(W,W)
1399202281:Push(W,W)
1399386674:Push(W,W)
1399567186:Push(W,W)
1399749476:Push(W,W)
1399955876:Push(W,N)
1400140534:Push(N,N)
1400323020:Push(N,N)
1400506167:Push(N,N)
1400718636:Push(N,N)
1400987997:Push(N,N)
1401184075:Push(N,N)
1401354709:Push(N,N)
1401499601:Push(N,N)
1401704156:Push(N,W)
1401907182:Push(W,N)
1911482138:Move(S)
1911747035:Move(S)
1911949578:Move(S)
1912163955:Move(S)
1912346480:Move(S)
1912497959:Move(S)
1912680945:Move(S)
1912863230:Move(S)
1913048931:Move(S)
1913231108:Move(E)
1913412215:Move(E)
1913580835:Move(E)
1913757510:Move(N)
1914046563:Move(E)
1914205350:Move(N)
1914357471:Move(E)
1914724393:Move(N)
1914986979:Move(E)
1915291029:Move(N)
1915527370:Move(E)
1915798199:Move(N)
1916055539:Move(E)
1916305092:Move(N)
1916462753:Move(E)
1916632959:Move(E)
1916787003:Move(E)
1916941456:Move(E)
1917094259:Move(E)
1917246261:Move(E)
1917460769:Move(E)
1917613184:Move(E)
1917813398:Move(E)
1918018241:Move(E)
1918209775:Move(N)
1918400442:Move(E)
1918585934:Move(E)
1918770058:Move(E)
1918952914:Move(E)
1919137047:Move(E)
1919282755:Move(E)
1919427068:Move(E)
1919572742:Move(E)
1919716611:Move(E)
1919864644:Move(E)
1920051501:Move(E)
1920279684:Move(E)
1920471780:Move(E)
1920620593:Move(E)
1920856617:Move(E)
1921053486:Move(E)
1921243090:Move(E)
1921431065:Move(E)
1921618137:Move(E)
1921822924:Move(E)
1922024189:Move(E)
1922168837:Move(E)
1922312872:Move(E)
1922530949:Move(E)
1922681358:Push(E,S)
1922837105:Push(S,S)
1922989039:Push(S,S)
1923181408:Push(S,S)
1923371242:Push(S,S)
1923558725:Push(S,S)
1923747366:Push(S,S)
1923939014:Push(S,W)
1924309784:Push(W,W)
1924469497:Push(W,W)
1924679118:Push(W,W)
1924829948:Push(W,W)
1924981586:Push(W,W)
1925132371:Push(W,W)
1925296849:Push(W,W)
1925462883:Push(W,W)
1925625534:Push(W,W)
1925805014:Push(W,W)
2400332036:Move(N)
2400564145:Move(N)
2400856895:Move(W)
2401178699:Move(W)
2401497149:Move(W)
2401819268:Move(S)
2402149998:Move(S)
2402479072:Move(W)
2402823891:Move(W)
2403045937:Move(W)
2403246822:Move(W)
2403446095:Move(W)
2403643374:Move(W)
2403840234:Move(W)
2404097861:Move(W)
2404308421:Move(W)
2404699860:Move(W)
2405001004:Move(W)
2405309634:Move(W)
2405675708:Move(W)
2405843012:Move(W)
2405998223:Move(W)
2406156115:Move(W)
2406306549:Move(W)
2406457452:Move(W)
2406607300:Move(S)
2406755549:Move(S)
2406928356:Move(S)
2407075730:Move(S)
2407251677:Move(W)
2407445566:Move(W)
2407595831:Move(W)
2407743376:Move(W)
2407915654:Move(W)
2408062376:Move(W)
2408234213:Move(W)
2408380913:Move(W)
2408527911:Move(W)
2408676290:Move(W)
2408929591:Move(W)
2409134692:Push(W,S)
2409341526:Push(S,S)
2409545449:Push(S,S)
2409751594:Push(S,S)
2409914664:Push(S,S)
2410120839:Push(S,S)
2410326925:Push(S,S)
2410562207:Push(S,S)
2410866425:Push(S,S)
2411084781:Push(S,S)
2411288042:Push(S,E)
2411437051:Push(E,E)
2411618618:Push(E,E)
2411798720:Push(E,E)
2411982852:Push(E,E)
2412166649:Push(E,E)
2412336802:Push(E,E)
2412519479:Push(E,E)
2412666468:Push(E,E)
2412835571:Push(E,E)
2412981058:Push(E,E)
2413153000:Push(E,E)
2413322944:Push(E,E)
2413493936:Push(E,E)
2413638676:Push(E,E)
2413805923:Push(E,E)
2413950923:Push(E,E)
2414185028:Push(E,E)
2414473235:Push(E,E)
2414711850:Push(E,S)
2769468934:Move(N)
2769714758:Move(N)
2770049095:Move(N)
2770290585:Move(N)
2770545521:Move(E)
2770792149:Move(N)
2771009373:Move(E)
2771190321:Move(N)
2771363719:Move(E)
2771560092:Move(N)
2771755264:Move(E)
2771965384:Move(N)
2772139638:Move(E)
2772311452:Move(N)
2772454422:Move(E)
2772648334:Move(N)
2772821107:Move(E)
2773061152:Move(E)
2773253585:Move(E)
2773446046:Move(E)
2773616584:Move(E)
2773818544:Move(E)
2773963788:Move(E)
2774199726:Move(E)
2774394444:Move(E)
2774577898:Move(E)
2774759272:Push(E,S)
2774946015:Push(S,S)
2775307147:Push(S,S)
2775618605:Push(S,S)
2775821956:Push(S,S)
2776001998:Push(S,S)
2776201552:Push(S,S)
2776381914:Push(S,S)
2776562967:Push(S,W)
3001262920:Move(S)
3001498367:Move(S)
3001698199:Move(S)
3002029058:Move(S)
3002234142:Move(W)
3002437987:Move(W)
3002643703:Move(W)
3002849846:Move(W)
3003003863:Move(W)
3003162163:Move(W)
3003352003:Move(W)
3003559738:Move(W)
3003835579:Move(W)
3004046401:Move(W)
3004269528:Move(W)
3004478733:Move(W)
3004795354:Move(W)
3005019030:Move(W)
3005212547:Push(W,S)
3005407486:Push(S,S)
3005601145:Push(S,S)
3005795668:Push(S,S)
3005947474:Push(S,S)
3006100484:Push(S,S)
3006297046:Push(S,S)
3006487203:Push(S,S)
3006679434:Push(S,W)
3006870155:Push(W,W)
3007021800:Push(W,W)
3007171702:Push(W,W)
3716529403:Move(S)
3716787196:Move(S)
3717054467:Move(S)
3717250950:Move(S)
3717486370:Move(E)
3717786123:Move(E)
3718106999:Move(E)
3718492607:Move(E)
3718801225:Move(E)
3719093717:Move(E)
3719365113:Move(E)
3719617260:Move(E)
3719890671:Move(E)
3720102049:Move(E)
3720310803:Move(E)
3720515224:Move(E)
3720754695:Move(E)
3720958339:Move(E)
3721145045:Move(E)
3721357199:Move(E)
3721503995:Move(E)
3721649585:Move(E)
3721830444:Move(E)
3721982626:Move(E)
3722185435:Move(E)
3722333074:Move(E)
3722481979:Move(E)
3722642071:Move(E)
3722828323:Move(N)
3722978279:Move(E)
3723125735:Move(N)
3723272813:Move(E)
3723418592:Move(N)
3723564802:Move(E)
3723710690:Move(N)
3723854910:Move(N)
3724026554:Move(N)
3724227199:Move(N)
3724372218:Move(N)
3724518234:Move(N)
3724718783:Move(N)
3724920720:Move(N)
3725161461:Move(N)
3725436779:Move(N)
3725636784:Move(N)
3725844433:Move(N)
3726050972:Move(N)
3726252838:Move(N)
3726402902:Move(N)
3726589316:Move(N)
3726835350:Move(N)
3727023715:Move(N)
3727205923:Move(N)
3727439473:Move(N)
3727588385:Move(N)
3727916625:Move(N)
3728136954:Move(N)
3728410256:Move(N)
3728595112:Move(N)
3728780134:Move(N)
3728961620:Move(N)
3729109009:Move(N)
3729254078:Move(N)
3729397205:Move(N)
3729567112:Move(N)
3729714176:Move(N)
3729857115:Move(N)
3730034263:Move(N)
3730201901:Move(N)
3730365575:Move(N)
3730508584:Move(N)
3730690139:Move(N)
3730904579:Move(E)
#end
#solved
true
#numactions
521
#time
3730904579
#end
