#domain
hospital
#levelname
SADeepPlan
#colors
red: 0, A, B, C, D, E, F
#initial
+++++++++++++++++++++++++
+                       +
+ +++++++++++++++++++++++
+ ++++   A B CD         +
+ +++++++++++++++++++++ +
+                     + +
+            0        +E+
+                     +F+
+     +D+B+F+         + +
+     +C+A+E+         + +
+++++++++++++++++++++++++
#goal
+++++++++++++++++++++++++
+     F    E   D C    BA+
+ +++++++++++++++++++++++
+ ++++                  +
+ +++++++++++++++++++++ +
+                     + +
+                     + +
+                     + +
+     + + + +         + +
+     + + + +         + +
+++++++++++++++++++++++++
#end
#clientname
vAIkings
#actions
400829854:Move(S)
401189824:Move(W)
401573158:Move(W)
401887877:Move(W)
402260843:NoOp
547172356:Move(W)
547651047:Pull(E,S)
547977289:Push(W,N)
548400619:NoOp
638047383:Move(S)
638560275:Pull(N,S)
638936180:Pull(E,S)
639277879:Push(W,W)
639574444:Push(W,N)
639852083:Push(N,N)
640145707:Push(N,W)
640453211:Push(W,W)
640757035:Push(W,W)
641063815:Push(W,W)
641365160:Push(W,W)
641699164:Push(W,W)
642101689:Push(W,W)
642416916:Push(W,N)
642696297:Push(N,N)
642978204:Push(N,N)
643253959:Push(N,N)
643630258:Push(N,E)
643944852:Push(E,E)
644272345:Push(E,E)
644557639:Push(E,E)
644852809:Push(E,E)
645125230:Push(E,E)
645397558:Push(E,E)
645677621:Push(E,E)
645953757:Push(E,E)
646304907:Push(E,E)
646596015:Push(E,E)
646872669:Push(E,E)
647146283:Push(E,E)
647530735:Push(E,E)
647822219:Push(E,E)
648098568:Push(E,E)
648431096:Push(E,E)
648722038:Push(E,E)
649020062:Push(E,E)
649372665:Push(E,E)
649696255:Push(E,E)
649998009:Push(E,E)
782157168:Move(W)
782629934:Move(W)
783016285:Move(W)
783350927:Move(W)
783664412:Move(W)
783988797:Move(W)
784299551:Move(W)
784720554:Move(W)
785044468:Move(W)
785380359:Move(W)
785723419:Move(W)
786055857:Move(W)
786381114:Move(W)
786695908:Move(W)
787010971:Move(W)
787328572:Move(W)
787718732:Move(W)
788051822:Move(W)
788375352:Move(W)
788687047:Move(W)
789026426:Move(W)
789344280:Move(S)
789671621:Move(S)
789982764:Move(S)
790502883:Move(S)
790862073:Move(S)
791205750:Move(E)
791535762:Move(E)
791848891:Move(E)
792244148:Move(E)
792595905:Move(E)
792922308:Move(E)
793254778:Move(E)
793567297:Push(E,N)
793889351:Push(N,W)
794203922:Push(W,W)
795234335:Push(W,W)
796336841:Push(W,W)
797272681:Push(W,W)
798169546:Push(W,W)
799116355:Push(W,W)
800229264:Push(W,W)
801188508:Push(W,N)
802119239:Push(N,N)
803064905:Push(N,N)
803795578:Push(N,N)
804205073:Push(N,E)
804553636:Push(E,E)
804883504:Push(E,E)
805224772:Push(E,E)
805880711:Push(E,E)
806236411:Push(E,E)
806566301:Push(E,E)
806950256:Push(E,E)
807281174:Push(E,E)
807589531:Push(E,E)
807902823:Push(E,E)
808269071:Push(E,E)
808614473:Push(E,E)
808916928:Push(E,E)
809237731:Push(E,E)
809549437:Push(E,E)
809843810:Push(E,E)
810141387:Push(E,E)
810436940:Push(E,E)
810732513:Push(E,E)
811073314:Push(E,E)
1300969948:Move(W)
1301360898:Move(W)
1301650187:Move(W)
1301927480:Move(W)
1302199433:Move(W)
1302481216:Move(W)
1302752855:Move(W)
1303021804:Move(W)
1303291139:Move(W)
1303559577:Move(W)
1303826872:Move(W)
1304153711:Move(W)
1304483893:Move(W)
1304874530:Move(W)
1305246441:Move(W)
1305504675:Move(W)
1305779748:Move(W)
1306099148:Move(W)
1306400557:Move(W)
1306656916:Move(W)
1306934912:Move(S)
1307206930:Move(S)
1307498871:Move(S)
1307792366:Move(S)
1308056012:Move(S)
1308402406:Move(S)
1308694373:Move(E)
1308945374:Move(E)
1309187429:Move(E)
1309418397:Move(E)
1309649425:Move(E)
1309984405:NoOp
1422230914:Move(E)
1422523685:Pull(E,S)
1422780781:Push(W,N)
1423030805:NoOp
1475781001:Move(S)
1476044923:Pull(N,S)
1476291630:Pull(E,S)
1476545044:Push(W,W)
1476779024:Push(W,N)
1477014720:Push(N,N)
1477251248:Push(N,W)
1477533255:Push(W,W)
1477792661:Push(W,W)
1478022854:Push(W,W)
1478297265:Push(W,W)
1478516365:Push(W,N)
1478735302:Push(N,N)
1478951084:Push(N,N)
1479173769:Push(N,N)
1479389377:Push(N,E)
1479600476:Push(E,E)
1479861411:Push(E,E)
1480105170:Push(E,E)
1480347627:Push(E,E)
1480583395:Push(E,E)
1480815951:Push(E,E)
1481047816:Push(E,E)
1481281138:Push(E,E)
1481529368:Push(E,E)
1481788016:Push(E,E)
1482079828:Push(E,E)
1482298489:Push(E,E)
1482566314:Push(E,E)
1482863208:Push(E,E)
1483137255:Push(E,E)
1557755027:Move(W)
1558034374:Move(W)
1558292755:Move(W)
1558535391:Move(W)
1558799781:Move(W)
1559069909:Move(W)
1559349293:Move(W)
1559596605:Move(W)
1559840867:Move(W)
1560100206:Move(W)
1560367157:Move(W)
1560609430:Move(W)
1560811441:Move(W)
1561010353:Move(W)
1561453953:Move(W)
1561848508:Move(S)
1562301072:Move(S)
1562721087:Move(S)
1563112524:Move(S)
1563375319:Move(S)
1563625016:Move(E)
1563878856:Move(E)
1564116405:Move(E)
1564388400:Move(E)
1564636208:Move(E)
1564983890:Push(E,N)
1565268839:Push(N,W)
1565509761:Push(W,W)
1565846421:Push(W,W)
1566077561:Push(W,W)
1566277281:Push(W,W)
1566580236:Push(W,W)
1566874014:Push(W,N)
1567133415:Push(N,N)
1567440237:Push(N,N)
1567835982:Push(N,N)
1568127736:Push(N,E)
1568492834:Push(E,E)
1568889453:Push(E,E)
1569205977:Push(E,E)
1569475245:Push(E,E)
1569726581:Push(E,E)
1569940780:Push(E,E)
1570179319:Push(E,E)
1570470855:Push(E,E)
1570750010:Push(E,E)
1571041878:Push(E,E)
1571345060:Push(E,E)
1571604895:Push(E,E)
1571935490:Push(E,E)
2182842587:Move(W)
2183101140:Move(W)
2183348748:Move(W)
2183579356:Move(W)
2183890494:Move(W)
2184154985:Move(W)
2184386285:Move(W)
2184615817:Move(W)
2184844360:Move(W)
2185072958:Move(W)
2185302599:Move(W)
2185551339:Move(W)
2185803208:Move(W)
2186023943:Move(S)
2186215879:Move(S)
2186441743:Move(S)
2186684805:Move(S)
2186907544:Move(S)
2187131364:Move(S)
2187348753:Move(E)
2187561517:Move(E)
2187775968:Move(E)
2187989238:Move(E)
2188204517:Move(E)
2188431622:Move(E)
2188699429:Move(E)
2188948277:Move(E)
2189350074:Move(E)
2189739569:NoOp
2311962812:Move(E)
2312258543:Pull(E,S)
2312529522:Push(W,N)
2312750161:NoOp
2373718758:Move(S)
2374031554:Pull(N,S)
2374293950:Pull(E,S)
2374558152:Push(W,W)
2374807721:Push(W,N)
2375066753:Push(N,N)
2375293686:Push(N,W)
2375573239:Push(W,W)
2375827647:Push(W,W)
2376209932:Push(W,W)
2376529099:Push(W,W)
2376776556:Push(W,W)
2377017840:Push(W,W)
2377270560:Push(W,W)
2377568226:Push(W,W)
2377815795:Push(W,N)
2378071892:Push(N,N)
2378309242:Push(N,N)
2378542963:Push(N,N)
2378777440:Push(N,E)
2379031015:Push(E,E)
2379268723:Push(E,E)
2379502801:Push(E,E)
2379736135:Push(E,E)
2379992375:Push(E,E)
2380224298:Push(E,E)
2380477465:Push(E,E)
2380755919:Push(E,E)
2381061581:Push(E,E)
2518237494:Move(W)
2518587215:Move(W)
2518901047:Move(W)
2519208419:Move(W)
2519503066:Move(W)
2519823234:Move(W)
2520107874:Move(W)
2520411003:Move(W)
2520721939:Move(W)
2521036000:Move(S)
2521338212:Move(S)
2521658318:Move(S)
2521974010:Move(S)
2522309318:Move(S)
2522627105:Move(E)
2522910212:Move(E)
2523169010:Move(E)
2523494081:Move(E)
2523780122:Move(E)
2524078595:Move(E)
2524373884:Move(E)
2524658814:Move(E)
2524954532:Move(E)
2525387372:Push(E,N)
2526289451:Push(N,W)
2527695751:Push(W,W)
2529812636:Push(W,W)
2531213080:Push(W,W)
2532661662:Push(W,W)
2534213713:Push(W,W)
2535752528:Push(W,W)
2537199243:Push(W,W)
2538969485:Push(W,W)
2540628069:Push(W,W)
2541405383:Push(W,N)
2542162990:Push(N,N)
2543035276:Push(N,N)
2543815607:Push(N,N)
2544355100:Push(N,E)
2544821989:Push(E,E)
2545295958:Push(E,E)
2545747634:Push(E,E)
2546141791:Push(E,E)
#end
#solved
true
#numactions
337
#time
2546141791
#end
