#domain
hospital
#levelname
SAFPHPOP
#colors
blue: 0, A, B
#initial
++++++++++++++++++++++++++++++++++++++++++++++++++
+0A                                             B+
+ A                                             B+
+ A                                             B+
+ A                                             B+
+ A                                             B+
+ A                                             B+
+ A                                             B+
+ A                                             B+
+ A                                             B+
+ A                                             B+
+ A                                             B+
+ A                                             B+
+ A                                             B+
+ A                                             B+
+ A                                             B+
+ A                                             B+
+ A                                             B+
+ A                                             B+
+ A                                             B+
+ A                                             B+
+ A                                             B+
+ A                                             B+
+ A                                             B+
+ A                                             B+
+ A                                             B+
+ A                                             B+
+ A                                             B+
+ A                                             B+
+ A                                             B+
+ A                                             B+
+ A                                             B+
+ A                                             B+
+ A                                             B+
+ A                                             B+
+ A                                             B+
+ A                                             B+
+ A                                             B+
+ A                                             B+
+ A                                             B+
+ A                                             B+
+ A                                             B+
+ A                                             B+
+ A                                             B+
+ A                                             B+
+ A                                             B+
+ A                                             B+
+ A                                             B+
+ A                                             B+
++++++++++++++++++++++++++++++++++++++++++++++++++
#goal
++++++++++++++++++++++++++++++++++++++++++++++++++
+B                                              A+
+B                                              A+
+B                                              A+
+B                                              A+
+B                                              A+
+B                                              A+
+B                                              A+
+B                                              A+
+B                                              A+
+B                                              A+
+B                                              A+
+B                                              A+
+B                                              A+
+B                                              A+
+B                                              A+
+B                                              A+
+B                                              A+
+B                                              A+
+B                                              A+
+B                                              A+
+B                                              A+
+B                                              A+
+B                                              A+
+B                                              A+
+B                                              A+
+B                                              A+
+B                                              A+
+B                                              A+
+B                                              A+
+B                                              A+
+B                                              A+
+B                                              A+
+B                                              A+
+B                                              A+
+B                                              A+
+B                                              A+
+B                                              A+
+B                                              A+
+B                                              A+
+B                                              A+
+B                                              A+
+B                                              A+
+B                                              A+
+B                                              A+
+B                                              A+
+B                                              A+
+B                                              A+
+B                                              A+
++++++++++++++++++++++++++++++++++++++++++++++++++
#end
#clientname
vAIkings
#actions
19480865764:NoOp
28284677745:NoOp
28297884287:Pull(S,E)
28299111611:NoOp
46160903320:NoOp
54736758532:NoOp
54749082639:Push(E,N)
54750328337:NoOp
63915743174:Move(E)
63916820477:Move(E)
63917887721:Move(E)
63919043890:Move(E)
63920039934:Move(E)
63921032922:Move(E)
63921998972:Move(E)
63923222387:Move(E)
63924325745:Move(E)
63925347809:Move(E)
63926379967:Move(E)
63927341296:Move(E)
63928350773:Move(E)
63929457169:Move(E)
63930545305:Move(E)
63931552852:Move(E)
63932674943:Move(E)
63933935901:Move(E)
63934979067:Move(E)
63936150514:Move(E)
63937183039:Move(E)
63938208538:Move(E)
63939260560:Move(E)
63940270196:Move(E)
63941278064:Move(E)
63942415483:Move(E)
63943504367:Move(E)
63944493812:Move(E)
63945741919:Move(E)
63946744490:Move(E)
63947703341:Move(E)
63948661743:Move(E)
63949927612:Move(E)
63950954049:Move(E)
63952029255:Move(E)
63953315996:Move(E)
63954303370:Move(E)
63955328707:Move(E)
63956403494:Move(E)
63957463349:Move(E)
63958472409:Move(E)
63959493036:Move(E)
63960474692:Move(E)
63961683984:Move(E)
63962926206:Move(E)
63963908580:Pull(N,E)
63964914964:Push(S,W)
63965994753:Push(W,W)
63967045900:Push(W,W)
63968051704:Push(W,W)
63969124866:Push(W,W)
63970247541:Push(W,W)
63971350615:Push(W,W)
63972925149:Push(W,W)
63973908046:Push(W,W)
63974995256:Push(W,W)
63976203610:Push(W,W)
63977210645:Push(W,W)
63978241673:Push(W,W)
63979280706:Push(W,W)
63980316423:Push(W,W)
63981334691:Push(W,W)
63982607097:Push(W,W)
63983609213:Push(W,W)
63984631560:Push(W,W)
63985667600:Push(W,W)
63986660941:Push(W,W)
63987798785:Push(W,W)
63988787466:Push(W,W)
63989950854:Push(W,W)
63990966912:Push(W,W)
63992562527:Push(W,W)
63993525172:Push(W,W)
63994492734:Push(W,W)
63995611167:Push(W,W)
63996650059:Push(W,W)
63997728616:Push(W,W)
63998750626:Push(W,W)
63999912644:Push(W,W)
64000933921:Push(W,W)
64002080468:Push(W,W)
64003190275:Push(W,W)
64004226925:Push(W,W)
64005254452:Push(W,W)
64006311245:Push(W,W)
64007313778:Push(W,W)
64008402761:Push(W,W)
64009440416:Push(W,W)
64010484180:Push(W,W)
64011470336:Push(W,W)
64012944665:Push(W,W)
64013961144:Push(W,W)
68776547235:Pull(E,S)
68777615516:Pull(N,W)
68778917704:Push(S,E)
68779977692:Push(E,E)
68780969655:Push(E,E)
68782009766:Push(E,E)
68783127391:Push(E,E)
68784116074:Push(E,E)
68785613294:Push(E,E)
68786622371:Push(E,E)
68787868644:Push(E,E)
68789031214:Push(E,E)
68789995970:Push(E,E)
68790946522:Push(E,E)
68792046392:Push(E,E)
68793064656:Push(E,E)
68794072427:Push(E,E)
68795266660:Push(E,E)
68796282313:Push(E,E)
68797457894:Push(E,E)
68798618470:Push(E,E)
68799665361:Push(E,E)
68801400729:Push(E,E)
68802541025:Push(E,E)
68803521451:Push(E,E)
68804530015:Push(E,E)
68805530620:Push(E,E)
68806508465:Push(E,E)
68807878263:Push(E,E)
68808960577:Push(E,E)
68809992214:Push(E,E)
68811015989:Push(E,E)
68812066656:Push(E,E)
68813094040:Push(E,E)
68814089012:Push(E,E)
68815107009:Push(E,E)
68816173976:Push(E,E)
68817518062:Push(E,E)
68818523482:Push(E,E)
68819613695:Push(E,E)
68820574169:Push(E,E)
68821624174:Push(E,E)
68822764028:Push(E,E)
68823953369:Push(E,E)
68825041139:Push(E,E)
68826062708:Push(E,E)
68827304211:Push(E,E)
73732624107:Move(S)
73733836278:Pull(N,E)
73735063474:Push(S,W)
73736229846:Push(W,W)
73737413411:Push(W,W)
73738568527:Push(W,W)
73739837151:Push(W,W)
73740956776:Push(W,W)
73742038855:Push(W,W)
73743097215:Push(W,W)
73744135261:Push(W,W)
73745156683:Push(W,W)
73746217817:Push(W,W)
73747244539:Push(W,W)
73748405104:Push(W,W)
73749668955:Push(W,W)
73750742315:Push(W,W)
73751703898:Push(W,W)
73752755043:Push(W,W)
73753750836:Push(W,W)
73754710912:Push(W,W)
73755783214:Push(W,W)
73756779787:Push(W,W)
73757908278:Push(W,W)
73759221677:Push(W,W)
73760384689:Push(W,W)
73761414925:Push(W,W)
73762462852:Push(W,W)
73763792895:Push(W,W)
73764852471:Push(W,W)
73765963059:Push(W,W)
73767012635:Push(W,W)
73768240063:Push(W,W)
73769411457:Push(W,W)
73770423192:Push(W,W)
73771420427:Push(W,W)
73772503566:Push(W,W)
73773502757:Push(W,W)
73774487189:Push(W,W)
73775504982:Push(W,W)
73776553842:Push(W,W)
73777908450:Push(W,W)
73778973915:Push(W,W)
73779987306:Push(W,W)
73780983166:Push(W,W)
73781969864:Push(W,W)
73782990831:Push(W,W)
73783968291:Push(W,W)
78749784751:Pull(N,S)
78750833930:Push(S,E)
78751859998:Push(E,E)
78752978113:Push(E,E)
78753974211:Push(E,E)
78755094758:Push(E,E)
78756473950:Push(E,E)
78757454893:Push(E,E)
78758441407:Push(E,E)
78759528104:Push(E,E)
78760514253:Push(E,E)
78761497266:Push(E,E)
78762555659:Push(E,E)
78763536050:Push(E,E)
78764550348:Push(E,E)
78765917112:Push(E,E)
78766871484:Push(E,E)
78767931257:Push(E,E)
78769307293:Push(E,E)
78770326989:Push(E,E)
78771335036:Push(E,E)
78772444718:Push(E,E)
78773459129:Push(E,E)
78774488329:Push(E,E)
78775778806:Push(E,E)
78776964099:Push(E,E)
78777975851:Push(E,E)
78779092365:Push(E,E)
78780124806:Push(E,E)
78781119452:Push(E,E)
78782101291:Push(E,E)
78783155904:Push(E,E)
78784183710:Push(E,E)
78785208305:Push(E,E)
78786583428:Push(E,E)
78787762594:Push(E,E)
78788774535:Push(E,E)
78789835047:Push(E,E)
78790831910:Push(E,E)
78792085616:Push(E,E)
78793132047:Push(E,E)
78794131743:Push(E,E)
78795144980:Push(E,E)
78796536499:Push(E,E)
78797530666:Push(E,E)
78798502423:Push(E,E)
78799656882:Push(E,E)
83878693684:Move(S)
83879731514:Pull(N,E)
83880735913:Push(S,W)
83881743794:Push(W,W)
83882749846:Push(W,W)
83883745994:Push(W,W)
83884793192:Push(W,W)
83885828832:Push(W,W)
83887074570:Push(W,W)
83888035828:Push(W,W)
83889083225:Push(W,W)
83890044596:Push(W,W)
83891111201:Push(W,W)
83892158153:Push(W,W)
83893178251:Push(W,W)
83894209448:Push(W,W)
83895280984:Push(W,W)
83896611163:Push(W,W)
83897687263:Push(W,W)
83898642063:Push(W,W)
83899726554:Push(W,W)
83900703360:Push(W,W)
83901683872:Push(W,W)
83902773497:Push(W,W)
83903757699:Push(W,W)
83904811864:Push(W,W)
83905878336:Push(W,W)
83907123068:Push(W,W)
83908282647:Push(W,W)
83909425892:Push(W,W)
83910527720:Push(W,W)
83911505937:Push(W,W)
83912563793:Push(W,W)
83913529834:Push(W,W)
83914538425:Push(W,W)
83915744152:Push(W,W)
83916857342:Push(W,W)
83917816251:Push(W,W)
83918829294:Push(W,W)
83919964290:Push(W,W)
83920974046:Push(W,W)
83922008569:Push(W,W)
83923097485:Push(W,W)
83924075164:Push(W,W)
83925083156:Push(W,W)
83926386609:Push(W,W)
83927398793:Push(W,W)
83928374373:Push(W,W)
89046697789:Pull(N,S)
89047770916:Push(S,E)
89048835996:Push(E,E)
89049938931:Push(E,E)
89050953508:Push(E,E)
89052034994:Push(E,E)
89053118403:Push(E,E)
89054384592:Push(E,E)
89055641684:Push(E,E)
89056897529:Push(E,E)
89058014233:Push(E,E)
89059043351:Push(E,E)
89060326616:Push(E,E)
89061609993:Push(E,E)
89063054151:Push(E,E)
89064111632:Push(E,E)
89065156407:Push(E,E)
89066265375:Push(E,E)
89067268547:Push(E,E)
89068265394:Push(E,E)
89069321609:Push(E,E)
89070700662:Push(E,E)
89071697583:Push(E,E)
89072762543:Push(E,E)
89073780542:Push(E,E)
89074772019:Push(E,E)
89075835947:Push(E,E)
89076848632:Push(E,E)
89078019910:Push(E,E)
89079122620:Push(E,E)
89080525333:Push(E,E)
89081525351:Push(E,E)
89082585129:Push(E,E)
89083552050:Push(E,E)
89084561620:Push(E,E)
89085919742:Push(E,E)
89086940379:Push(E,E)
89087930690:Push(E,E)
89088930271:Push(E,E)
89090335306:Push(E,E)
89091419870:Push(E,E)
89092504878:Push(E,E)
89093480561:Push(E,E)
89094555778:Push(E,E)
89095645085:Push(E,E)
89096641782:Push(E,E)
89097624108:Push(E,E)
#end
#solved
false
#numactions
337
#time
89097624108
#end
