#domain
hospital
#levelname
SAGLaDOS
#colors
blue: 0, A, B, C
#initial
++++++++++++++++++++++++++++++++++++++++++++++++++
+B     C                                        A+
+                                                +
+                                                +
+                                C               +
+                                                +
+                                                +
+               C                                +
+                                                +
+                                                +
+                                                +
+                                                +
+                            C                   +
+                                                +
+                                                +
+                                                +
+                                                +
+                                                +
+                                                +
+         C                          C           +
+                                                +
+                                                +
+                                                +
+                                                +
+                                                +
+                                                +
+                       C                        +
+                                                +
+                                                +
+                                                +
+                                                +
+                                                +
+                                                +
+                                                +
+                                                +
+                                                +
+                                                +
+                                                +
+             C                                  +
+                                                +
+                                                +
+                                                +
+                                    C           +
+                                                +
+                                                +
+                                                +
+                   C                            +
+C                                               +
+0C                                            C +
++++++++++++++++++++++++++++++++++++++++++++++++++
#goal
++++++++++++++++++++++++++++++++++++++++++++++++++
+      C                                         +
+                                                +
+                                                +
+                                                +
+                                                +
+                                                +
+                                                +
+                                                +
+                                                +
+                                                +
+                                                +
+                                                +
+                                                +
+                                                +
+                                                +
+                                                +
+                                                +
+                                                +
+                                                +
+                                                +
+                                                +
+                                                +
+                                                +
+                                                +
+                                                +
+                                                +
+                                                +
+                                                +
+                                                +
+                                                +
+                                                +
+                                                +
+                                                +
+                                                +
+                                                +
+                                                +
+                                                +
+                                                +
+                                                +
+                                                +
+                                                +
+                                                +
+                                                +
+                                                +
+                                                +
+                                                +
+                                                +
+A                                              B+
++++++++++++++++++++++++++++++++++++++++++++++++++
#end
#clientname
vAIkings
#actions
1752694606:NoOp
3580244682:NoOp
5370656073:NoOp
6980662710:NoOp
8876272752:NoOp
10713311586:NoOp
12575839966:NoOp
14374073273:NoOp
16062287700:NoOp
17708795620:NoOp
19326659020:NoOp
20953721853:NoOp
22562956720:NoOp
24182536026:NoOp
25835207533:NoOp
27443619736:NoOp
29083535825:NoOp
30709184185:NoOp
32326534892:NoOp
33963604357:NoOp
35589499890:NoOp
37193593389:NoOp
38792039300:NoOp
40398773670:NoOp
41983811575:NoOp
43581925627:NoOp
45202471599:NoOp
46799202350:NoOp
48391594583:NoOp
49989937634:NoOp
51568529558:NoOp
53175836013:NoOp
54772093161:NoOp
56360096544:NoOp
57997782399:NoOp
59601372857:NoOp
61190758075:NoOp
62834401456:NoOp
64446106068:NoOp
66019344908:NoOp
67625719720:NoOp
69212203266:NoOp
70812996789:NoOp
72386231878:NoOp
73968573990:NoOp
75571811596:NoOp
77163991969:NoOp
78739103302:NoOp
80286187778:NoOp
81841738283:NoOp
83407410699:NoOp
84959703360:NoOp
86516805525:NoOp
88071840794:NoOp
89640184917:NoOp
#end
#solved
false
#numactions
55
#time
89640184917
#end
