#domain
hospital
#levelname
SAHoldUd
#colors
red:0,A,C
#initial
++++++++++++++++++++++++++++++++++++++++++++++
+                 0+A                        +
+                 CAC                        +
+                 CCC                        +
+                 CCC                        +
+                 CCC                        +
+                 CCC                        +
+                 CCC                        +
+                 CCC                        +
+                 CCC                        +
+                 CCC                        +
+                 CCC                        +
+                 CCC                        +
+   CCCCCCCCCCCCCCCCCCCCCCCCCCCCCCCCCCCCC    +
+                                            +
++++++++++++++++++++++++++++++++++++++++++++++
#goal
++++++++++++++++++++++++++++++++++++++++++++++
+                 A+0                        +
+                 CCC                        +
+                 CCC                        +
+                 CCC                        +
+                 CCC                        +
+                                            +
+                                            +
+                                            +
+                                            +
+                                            +
+                                            +
+                                            +
+                                            +
+                                            +
++++++++++++++++++++++++++++++++++++++++++++++
#end
#clientname
vAIkings
#actions
8736300547:NoOp
11610273651:NoOp
11617194302:Push(S,W)
11618057165:NoOp
11626726400:Pull(N,E)
11627695083:NoOp
11634246907:Pull(W,S)
11645376790:Push(S,E)
14708525436:Move(S)
14709316651:Move(S)
14710012988:Move(S)
14710703461:Move(S)
16110971150:NoOp
16266442202:Move(N)
16361258199:Pull(N,E)
16403448680:Pull(N,E)
16424791643:Pull(N,E)
16435517205:Pull(N,E)
16436310544:NoOp
16445939041:Push(S,E)
19262745008:Pull(N,S)
20654152198:NoOp
20706649210:Move(W)
20707676149:Move(S)
20708404707:Move(S)
20709186994:Move(E)
20709893660:Move(E)
20710597960:Pull(S,N)
20711276280:NoOp
23503084830:Push(W,N)
24890221086:NoOp
24923957550:Move(W)
24924661927:Move(N)
24925349016:Move(N)
24926111566:Push(E,N)
24926824371:NoOp
24942788021:Pull(W,S)
24943526649:Push(E,E)
27739597791:Pull(S,N)
29119264257:NoOp
33314708492:NoOp
34713171061:NoOp
36117677073:NoOp
37513626422:NoOp
38907742358:NoOp
40319917482:NoOp
41729144221:NoOp
43119398122:NoOp
44524907923:NoOp
45934247588:NoOp
47340131714:NoOp
48750609994:NoOp
50156398903:NoOp
51568153548:NoOp
52960433304:NoOp
54356230767:NoOp
55776124985:NoOp
57171002098:NoOp
58578202034:NoOp
59977979422:NoOp
61389263879:NoOp
62799704154:NoOp
64203904801:NoOp
65616525027:NoOp
67012028790:NoOp
68416887148:NoOp
69831597234:NoOp
71254105534:NoOp
72654098656:NoOp
74058626066:NoOp
75464409904:NoOp
76863745735:NoOp
78265737400:NoOp
79662824050:NoOp
81072118940:NoOp
82464820829:NoOp
83852947112:NoOp
85263690893:NoOp
86661242892:NoOp
88056507248:NoOp
89450748782:NoOp
#end
#solved
false
#numactions
81
#time
89450748782
#end
