#domain
hospital
#levelname
SAMSecretA
#colors
red: 0, A
#initial
+++++++++++++++++++++++++
+                       +
+   ++++++++++++++++    +
+   +              +    +
+   + ++++++++++ + +    +
+   +          + + +    +
+   ++++++++++ +++ +    +
+   +          +   + A  +
+   + ++++++++++  ++    +
+ 0 +A         +  +     +
+   ++++++++++++  +++   +
+                 +A+   +
+++++++++++++++++ + +++++
+                 +     +
+ ++++++++++++++++++++  +
+                       +
+++++++++++++++++++++++++
#goal
+++++++++++++++++++++++++
+                       +
+   ++++++++++++++++    +
+   +              +    +
+   + ++++++++++ + +    +
+   +          + + +    +
+   ++++++++++ +++ +    +
+   +          +   +    +
+   + ++++++++++  ++    +
+   +          +  +     +
+   ++++++++++++  +++   +
+                 + +A  +
+++++++++++++++++ + +++++
+                 +     +
+ ++++++++++++++++++++  +
+                       +
+++++++++++++++++++++++++
#end
#clientname
vAIkings
#actions
35160737:Move(N)
35468881:Move(N)
35771478:Move(N)
36081377:Move(N)
36294004:Move(N)
36468767:Move(N)
36699612:Move(N)
36873469:Move(N)
37094501:Move(E)
37250629:Move(E)
37372412:Move(E)
37481119:Move(E)
37588364:Move(E)
37697293:Move(E)
37804931:Move(E)
37911329:Move(E)
38098219:Move(E)
38224060:Move(E)
38331559:Move(E)
38439315:Move(E)
38545162:Move(E)
38650638:Move(E)
38756654:Move(E)
38862480:Move(E)
38977212:Move(E)
39113159:Move(E)
39223600:Move(S)
39331505:Move(S)
39438152:Move(S)
39548583:Move(S)
39750818:Move(S)
39921228:Move(S)
40073878:Push(E,S)
40242203:Push(S,S)
40354355:Push(S,S)
40545358:Push(S,S)
#end
#solved
true
#numactions
36
#time
40545358
#end
