#domain
hospital
#levelname
SANeverAI
#colors
green: 0, A, B
#initial
          ++
         +  +
        +    +
       +      +
      ++ +++++++
     ++        ++
    +  +         +
   +    +    +    +
  +         +      +
 +        ++        +
+++++++++ +++++++++ ++
 +        ++        +
  +      +  +      +
   +    +    +    +
    +0 +         +
     +++++++++ ++
      +        +
       +      +
        +AAAA+
         +BB+
          ++
#goal
          ++
         +BA+
        +    +
       +      +
      ++ +++++++
     ++        ++
    +  +         +
   +    +    +    +
  +         +      +
 +B       ++A       +
+++++++++ +++++++++ ++
 +        ++        +
  +      +  +      +
   +    +    +    +
    + A+A        +
     +++++++++ ++
      +        +
       +      +
        +    +
         +  +
          ++
#end
#clientname
vAIkings
#actions
93921710:Move(N)
94300737:Move(N)
94604028:Move(N)
94879786:Move(E)
95166270:Move(E)
95563882:Move(E)
95733755:Move(E)
96094511:Move(N)
96257292:Move(N)
96396146:Move(N)
96649223:Move(N)
96861956:Move(N)
97048566:Move(E)
97230512:Move(E)
97413472:Move(E)
97597275:Move(E)
97769519:Move(E)
97965356:Move(S)
98096661:Move(S)
98225838:Move(S)
98354679:Move(E)
98483131:Move(E)
98671962:Move(E)
98896735:Move(E)
99035687:Move(E)
99400971:Move(S)
99577081:Move(S)
99722987:Move(W)
100004700:Move(S)
100245958:Move(W)
100418849:Move(S)
100596660:Move(W)
100810074:Move(S)
101207493:Move(W)
101475491:Move(W)
101953910:Move(S)
102264899:Move(S)
102637151:Move(W)
103079278:Move(S)
103446624:Move(W)
103655471:Move(W)
103884062:Move(W)
104094122:Move(W)
104365437:Pull(E,S)
104589659:Push(W,N)
104807660:Push(N,E)
105007731:Push(E,E)
105205864:Push(E,E)
105430514:Push(E,E)
105620350:Push(E,E)
105860748:Push(E,N)
106043549:Push(N,N)
106201498:Push(N,N)
106378429:Push(N,N)
106522544:Push(N,N)
106675881:Push(N,E)
106850339:Push(E,E)
107032829:Push(E,E)
107254230:Push(E,E)
107434803:Push(E,E)
107582680:Push(E,N)
107722525:Push(N,N)
107872620:Push(N,W)
108011934:Push(W,N)
108155637:Push(N,W)
108320425:Push(W,N)
108484570:Push(N,W)
108649598:Push(W,N)
108788014:Push(N,W)
108924665:Push(W,W)
109090941:Push(W,N)
109311844:Push(N,W)
109487194:Push(W,W)
109652213:Push(W,W)
109820156:Push(W,W)
110018386:Push(W,W)
110187939:Push(W,W)
110363673:Push(W,N)
110509382:Push(N,N)
110660100:Push(N,E)
110824136:Push(E,N)
110971998:Push(N,E)
111111095:Push(E,N)
111273736:Push(N,E)
164654772:Move(S)
164885580:Move(S)
165122404:Move(W)
165353386:Move(W)
165552057:Move(S)
165704007:Move(S)
165950312:Move(S)
166297435:Move(E)
166527758:Move(E)
166729828:Move(E)
166905149:Move(E)
167075135:Move(E)
167244423:Move(E)
167429701:Move(S)
167564541:Move(S)
167696825:Move(S)
167827745:Move(E)
167993473:Move(E)
168163590:Move(E)
168323989:Move(E)
168518376:Move(E)
168710550:Move(S)
168947272:Move(S)
169228150:Move(W)
169423288:Move(S)
169607787:Move(W)
169866945:Move(S)
170039443:Move(W)
170188164:Move(S)
170322186:Move(W)
170480916:Move(W)
170619482:Move(S)
170789399:Move(S)
170959890:Move(W)
171240504:Move(S)
171408253:Move(W)
171592820:Move(W)
171875174:Move(W)
172023064:Pull(E,S)
172266671:Push(W,N)
172469564:Push(N,E)
172610018:Push(E,E)
172797233:Push(E,E)
172963734:Push(E,E)
173131178:Push(E,N)
173372958:Push(N,N)
173522222:Push(N,N)
173698775:Push(N,N)
173863614:Push(N,N)
174032525:Push(N,E)
174223381:Push(E,E)
174394205:Push(E,E)
174580286:Push(E,E)
174744705:Push(E,E)
174910367:Push(E,N)
175048736:Push(N,N)
175196856:Push(N,W)
175334719:Push(W,W)
175503643:Push(W,W)
175669484:Push(W,W)
175890090:Push(W,W)
176048966:Push(W,W)
176189329:Push(W,W)
245604681:Move(E)
245914753:Move(E)
246101528:Move(E)
246282227:Move(E)
246501450:Move(E)
246681667:Move(E)
246862849:Move(S)
247021321:Move(S)
247367595:Move(W)
247723424:Move(S)
247953284:Move(W)
248123464:Move(S)
248287999:Move(W)
248426382:Move(S)
248596735:Move(W)
248796062:Move(W)
248939202:Move(S)
249131511:Move(S)
249286270:Move(W)
249461606:Move(S)
249598203:Move(W)
249768265:Pull(E,S)
249947461:Push(W,N)
250168572:Push(N,E)
250362763:Push(E,E)
250558960:Push(E,N)
250735386:Push(N,N)
250988843:Push(N,N)
251208761:Push(N,N)
251380295:Push(N,N)
251587177:Push(N,E)
251760514:Push(E,E)
251933266:Push(E,E)
252132206:Push(E,E)
252308634:Push(E,E)
252559826:Push(E,N)
252738115:Push(N,N)
252889018:Push(N,W)
253071202:Push(W,N)
253252248:Push(N,W)
253427380:Push(W,N)
253601405:Push(N,W)
253809956:Push(W,N)
253983092:Push(N,W)
254156839:Push(W,W)
254327688:Push(W,W)
254528917:Push(W,W)
254724025:Push(W,S)
254864648:Push(S,W)
255041247:Push(W,S)
255216712:Push(S,W)
255381760:Push(W,W)
255597426:Push(W,S)
255824376:Push(S,S)
256055993:Push(S,S)
256259968:Push(S,W)
256464503:Push(W,S)
256669989:Push(S,W)
256934352:Push(W,S)
257220374:Push(S,W)
257434883:Push(W,S)
306023790:Move(N)
306286108:Move(N)
306494677:Move(E)
306725829:Move(E)
306971992:Move(E)
307189400:Move(N)
307408521:Move(N)
307616663:Move(N)
307757830:Move(N)
307891731:Move(N)
308026097:Move(E)
308201465:Move(E)
308337268:Move(E)
308521588:Move(E)
308718704:Move(E)
308902312:Move(S)
309197995:Move(S)
309412173:Move(S)
309610429:Move(E)
309793766:Move(E)
309979003:Move(E)
310212355:Move(E)
310554538:Move(E)
310814856:Move(S)
310992726:Move(S)
311198232:Move(W)
311369838:Move(S)
311554547:Move(W)
311726250:Move(S)
312010338:Move(W)
312184266:Move(S)
312352080:Move(W)
312565844:Move(W)
312822570:Move(S)
313091971:Move(S)
313362224:Move(W)
313567331:Move(S)
313783269:Move(W)
313989059:Move(S)
314183354:Push(W,N)
314480569:Push(N,N)
314670473:Push(N,E)
314891363:Push(E,E)
315166608:Push(E,E)
315355628:Push(E,N)
315652380:Push(N,N)
315888292:Push(N,W)
316130719:Push(W,W)
316279000:Push(W,W)
316514306:Push(W,W)
316711298:Push(W,W)
316889556:Push(W,W)
361062804:Move(E)
361278924:Move(E)
361497508:Move(E)
361679930:Move(E)
361912857:Move(E)
362138362:Move(S)
362283626:Move(S)
362545870:Move(W)
362723588:Move(S)
362899525:Move(W)
363092555:Move(S)
363268090:Move(W)
363403354:Move(W)
363537194:Pull(E,S)
363691545:Push(W,N)
363830583:Push(N,N)
363966588:Push(N,E)
364128306:Push(E,E)
364330745:Push(E,E)
364626471:Push(E,E)
364830465:Push(E,N)
365041637:Push(N,N)
365307060:Push(N,N)
365509532:Push(N,N)
365681006:Push(N,N)
365924509:Push(N,E)
366101640:Push(E,E)
366275382:Push(E,E)
366486132:Push(E,E)
366644879:Push(E,E)
366786012:Push(E,N)
366923042:Push(N,N)
367070239:Push(N,W)
367235277:Push(W,N)
367377873:Push(N,W)
367539204:Push(W,N)
367697592:Push(N,W)
367857560:Push(W,N)
367991565:Push(N,W)
368123790:Push(W,W)
368256460:Push(W,N)
368388292:Push(N,W)
368547749:Push(W,W)
368683509:Push(W,W)
368818273:Push(W,W)
368978596:Push(W,W)
369235638:Push(W,W)
369423827:Push(W,N)
369604366:Push(N,N)
369793358:Push(N,E)
369971808:Push(E,N)
370163973:Push(N,E)
370396267:Push(E,N)
440070574:Move(S)
440323663:Move(W)
440509545:Move(W)
440704199:Move(S)
440895672:Move(S)
441182350:Move(S)
441360784:Move(E)
441498580:Move(E)
441670608:Move(E)
441805012:Move(E)
441937653:Move(E)
442096132:Move(E)
442256496:Move(S)
442453364:Move(S)
442641774:Move(S)
442821797:Move(E)
442956444:Move(E)
443089744:Move(E)
443248086:Move(E)
443418579:Move(E)
443596581:Move(S)
443734214:Move(S)
443877229:Move(W)
444012033:Move(S)
444176126:Move(W)
444311718:Move(S)
444610745:Move(W)
444835683:Move(S)
445074208:Move(W)
445296313:Move(W)
445488398:Move(S)
445671956:Move(S)
445915242:Move(W)
446088689:Move(S)
446264745:Move(W)
446436756:Move(S)
446570073:Move(W)
446705449:Pull(E,S)
446843362:Push(W,N)
446979767:Push(N,N)
447115663:Push(N,E)
447394042:Push(E,E)
447628926:Push(E,E)
447842836:Push(E,N)
448029620:Push(N,N)
448222693:Push(N,N)
448531845:Push(N,N)
448810877:Push(N,N)
448989230:Push(N,E)
449240270:Push(E,E)
449407070:Push(E,E)
449616765:Push(E,E)
449799901:Push(E,E)
449968793:Push(E,N)
450108144:Push(N,N)
450258296:Push(N,W)
450395830:Push(W,N)
450539829:Push(N,W)
450678518:Push(W,N)
450838397:Push(N,W)
450972864:Push(W,N)
451133429:Push(N,W)
451295515:Push(W,W)
451485878:Push(W,W)
451671144:Push(W,W)
451807883:Push(W,S)
451968144:Push(S,W)
452128240:Push(W,S)
452289524:Push(S,W)
452512413:Push(W,W)
452689663:Push(W,S)
452854578:Push(S,W)
453009575:Push(W,W)
453148058:Push(W,W)
453281135:Push(W,W)
453413037:Push(W,W)
453596163:Push(W,W)
453735223:Push(W,W)
#end
#solved
true
#numactions
391
#time
453735223
#end
