#domain
hospital
#levelname
SAReftAI
#colors
red: 0, A, B, C, D, E, F, L, N, O, K
blue: H
#initial
+++++++++++++++++++++++++++++++++++++
+E+   +                            L+
+CH + +                           LO+
+A+ H +                          LOL+
+BH + +                         LOLO+
+D+ H +                        LOLOK+
+F  + +                         LOLO+
+++H+ +                          LOL+
+     + 0                         LO+
+ +H+++ +++++++++                LOL+
+               +               LOLO+
++H++ +++++++++ H              LOLOL+
+   + +  N      +             LOLOLO+
+ + + + +++++H+++              LOLOL+
+ H + +         H               LOLO+
+ + + +++++++++ +                LOL+
+ H + +  N      +                 LO+
+ +H+ +++++++H+++                LOL+
+     +                         LOLO+
+++++++                          LO +
+++++++++++++++++++++++++++++++++++++
#goal
+++++++++++++++++++++++++++++++++++++
+N+   +                             +
+   + +                             +
+ +   +                             +
+   + +                             +
+ +   +                             +
+   + +                             +
+++ + +                             +
+     +                             +
+ + +++ +++++++++                   +
+               +                   +
++ ++ +++++++++                     +
+ AB+ +         +                   +
+ +C+ + +++++ +++                   +
+  D+ +                             +
+ +E+ +++++++++ +                   +
+  F+ +         +                   +
+ + + +++++++ +++                   +
+     +                             +
+++++++N                           K+
+++++++++++++++++++++++++++++++++++++
#end
#clientname
vAIkings
#actions
8460986813:Move(N)
8462233565:Move(N)
8463262079:Move(N)
8464608596:Move(E)
8465663567:Move(E)
8466582952:Move(E)
8467501049:Move(E)
8468470109:Move(E)
8469451629:Move(E)
8470566755:Move(E)
8471501083:Move(E)
8472519784:Move(E)
8473440110:Move(E)
8474358807:Move(E)
8475390500:Move(E)
8476398923:Move(E)
8477391840:Move(E)
8478273926:Move(E)
8479414076:Move(E)
8480465930:Move(E)
8481396585:Move(E)
8482422714:Move(E)
8483309229:Move(E)
8484213597:Move(E)
8485666758:Move(E)
11388403210:NoOp
22996784288:Push(E,N)
31687277060:Pull(W,E)
40355985398:Push(E,S)
46109063865:Move(E)
51894634344:Pull(W,E)
57668568588:Pull(W,E)
63432097254:Pull(N,E)
69152749526:NoOp
77336574043:NoOp
85988003740:NoOp
88869344416:Pull(N,S)
89101098066:Move(W)
89102576055:Move(S)
89103942684:Move(S)
89107248872:Move(E)
89108608615:Move(E)
89110061586:Move(E)
#end
#solved
false
#numactions
43
#time
89110061586
#end
