#domain
hospital
#levelname
SAThreePO
#colors
blue: 0, A, B, C, D, E, F, G, H
#initial
+++++++++++
+0ABCDEFGH+
+         +
+         +
+         +
+     +++++
+         +
+     +++++
+         +
+     +++++
+         +
+++++++++++
#goal
+++++++++++
+         +
+         +
+         +
+         +
+     +++++
+      GDA+
+     +++++
+      HEB+
+     +++++
+       FC+
+++++++++++
#end
#clientname
vAIkings
#actions
39856999:Push(E,S)
40215423:Push(S,S)
40476214:Push(S,S)
40664589:Push(S,S)
40851123:Push(S,S)
41157509:Push(S,E)
41436384:Push(E,E)
41655940:Push(E,E)
41913642:Push(E,E)
42133402:Push(E,E)
42322653:Push(E,E)
42542066:Push(E,E)
99871190:Move(W)
100200155:Move(W)
100481947:Move(W)
100791060:Move(N)
100968724:Move(N)
101150179:Move(N)
101344884:Move(N)
101535109:Move(W)
101728120:Move(W)
101886292:Pull(E,N)
102081739:Push(W,S)
102292080:Push(S,S)
102524551:Push(S,S)
102707045:Push(S,S)
102888823:Push(S,S)
103040452:Push(S,S)
103229284:Push(S,E)
103432782:Push(E,E)
103624265:Push(E,E)
103805588:Push(E,E)
104138951:Push(E,E)
104368853:Push(E,E)
150284899:Move(W)
150523058:Move(W)
150746193:Move(W)
150970659:Move(N)
151219044:Move(N)
151422174:Move(N)
151597151:Move(N)
151799486:Move(N)
151988208:Move(N)
152170894:Move(W)
152356223:Pull(E,N)
152658445:Push(W,S)
152868922:Push(S,S)
153060268:Push(S,S)
153247942:Push(S,S)
153434682:Push(S,S)
153624321:Push(S,S)
153882631:Push(S,S)
154071370:Push(S,S)
154383674:Push(S,E)
154717226:Push(E,E)
154937530:Push(E,E)
155207191:Push(E,E)
155436228:Push(E,E)
193445828:Move(W)
193674931:Move(W)
193892406:Move(W)
194096101:Move(N)
194391387:Move(N)
194713419:Move(N)
195158685:Move(N)
195425040:Move(N)
195643986:Move(N)
195919183:Move(N)
196273135:Move(N)
196477638:Pull(E,N)
196690539:Push(W,S)
196895641:Push(S,S)
197050792:Push(S,S)
197228384:Push(S,S)
197421438:Push(S,E)
197621873:Push(E,E)
197778810:Push(E,E)
238761224:Move(W)
239104712:Move(W)
239396025:Move(N)
239621461:Move(N)
239895763:Move(N)
240116824:Move(N)
240324819:Move(N)
240529418:Push(E,S)
240747362:Push(S,S)
240954027:Push(S,S)
241155375:Push(S,W)
241354186:Push(W,S)
241602196:Push(S,S)
241785446:Push(S,S)
241994656:Push(S,S)
242177117:Push(S,E)
242337672:Push(E,E)
242623707:Push(E,E)
293112918:Move(W)
293439741:Move(W)
293635305:Move(N)
293842894:Move(N)
294032198:Move(N)
294221791:Move(N)
294413875:Move(N)
294602960:Move(N)
294754200:Move(N)
294904210:Move(E)
295053060:Push(E,S)
295207308:Push(S,S)
295359426:Push(S,S)
295588397:Push(S,W)
295746848:Push(W,W)
295996921:Push(W,S)
296198356:Push(S,S)
296391500:Push(S,S)
296676481:Push(S,S)
297028071:Push(S,S)
297247217:Push(S,S)
297445499:Push(S,E)
297639040:Push(E,E)
297801199:Push(E,E)
340156154:Move(W)
340468890:Move(W)
340689436:Move(N)
340925699:Move(N)
341138780:Move(N)
341379043:Move(N)
341601354:Move(N)
341849958:Move(N)
342061478:Move(N)
342392464:Move(N)
342682020:Move(N)
342892232:Move(E)
343187013:Move(E)
343404423:Push(E,S)
343601606:Push(S,S)
343799734:Push(S,S)
344000403:Push(S,W)
344201024:Push(W,W)
344413957:Push(W,W)
344680116:Push(W,S)
344892974:Push(S,S)
345303328:Push(S,E)
345500580:Push(E,E)
395178009:Move(W)
395414688:Move(N)
395623451:Move(N)
395903030:Move(N)
396187602:Move(N)
396424568:Move(N)
396614107:Move(E)
396807702:Move(E)
397025835:Move(E)
397243284:Push(E,S)
397402008:Push(S,S)
397558279:Push(S,S)
397779263:Push(S,W)
397985137:Push(W,W)
398173933:Push(W,W)
398363622:Push(W,W)
398574000:Push(W,S)
398815557:Push(S,S)
399038929:Push(S,S)
399320765:Push(S,S)
399711547:Push(S,E)
400019604:Push(E,E)
#end
#solved
true
#numactions
164
#time
400019604
#end
